Scenario - mult1A.sce
Logfile written - 06/28/2017 12:19:55

Subject	Trial	Event Type	Code	block(str)	triplet(str)	object(str)	Time	TTime	Uncertainty	Duration	Uncertainty	ReqTime	ReqDur	Stim Type	Pair Index

00	1	Picture	inst1	inst1			10100	0	1	67343	1	0	next	other	0
00	1	Response	4				77403	67304	0
00	2	Picture	t24;3	t24;3			77443	0	1	8105	1	0	8000	other	0
00	3	Picture	t10;3	t10;3			87549	0	1	8105	1	0	8000	other	0
00	4	Picture	t19;3	t19;3			97655	0	1	8105	1	0	8000	other	0
00	5	Picture	t11;7	t11;7			107762	0	1	8105	1	0	8000	other	0
00	6	Picture	t23;7	t23;7			117868	0	1	8105	1	0	8000	other	0
00	7	Picture	t17;7	t17;7			127975	0	1	8105	1	0	8000	other	0
00	8	Picture	t1;5	t1;5			138081	0	1	8105	1	0	8000	other	0
00	9	Picture	t4;5	t4;5			148187	0	1	8105	1	0	8000	other	0
00	10	Picture	t9;5	t9;5			158294	0	1	8105	1	0	8000	other	0
00	11	Picture	t22;8	t22;8			168400	0	1	8105	1	0	8000	other	0
00	12	Picture	t2;8	t2;8			178507	0	1	8105	1	0	8000	other	0
00	13	Picture	t16;8	t16;8			188613	0	1	8105	1	0	8000	other	0
00	14	Picture	t20;4	t20;4			198720	0	1	8105	1	0	8000	other	0
00	15	Picture	t15;4	t15;4			208826	0	1	8105	1	0	8000	other	0
00	16	Picture	t7;4	t7;4			218932	0	1	8105	1	0	8000	other	0
00	17	Picture	t13;6	t13;6			229039	0	1	8105	1	0	8000	other	0
00	18	Picture	t12;6	t12;6			239145	0	1	8105	1	0	8000	other	0
00	19	Picture	t3;6	t3;6			249252	0	1	8105	1	0	8000	other	0
00	20	Picture	t5;1	t5;1			259358	0	1	8105	1	0	8000	other	0
00	21	Picture	t21;1	t21;1			269464	0	1	8105	1	0	8000	other	0
00	22	Picture	t18;1	t18;1			279571	0	1	8105	1	0	8000	other	0
00	23	Picture	t14;2	t14;2			289677	0	1	8105	1	0	8000	other	0
00	24	Picture	t8;2	t8;2			299784	0	1	8105	1	0	8000	other	0
00	25	Picture	t6;2	t6;2			309890	0	1	8105	1	0	8000	other	0
00	26	Picture	t5;1	t5;1			319997	0	1	8105	1	0	8000	other	0
00	27	Picture	t21;1	t21;1			330103	0	1	8105	1	0	8000	other	0
00	28	Picture	t18;1	t18;1			340209	0	1	8105	1	0	8000	other	0
00	29	Picture	t14;2	t14;2			350316	0	1	8105	1	0	8000	other	0
00	30	Picture	t8;2	t8;2			360422	0	1	8105	1	0	8000	other	0
00	31	Picture	t6;2	t6;2			370529	0	1	8105	1	0	8000	other	0
00	32	Picture	t1;5	t1;5			380635	0	1	8105	1	0	8000	other	0
00	33	Picture	t4;5	t4;5			390742	0	1	8105	1	0	8000	other	0
00	34	Picture	t9;5	t9;5			400848	0	1	8105	1	0	8000	other	0
00	35	Picture	t13;6	t13;6			410954	0	1	8105	1	0	8000	other	0
00	36	Picture	t12;6	t12;6			421061	0	1	8105	1	0	8000	other	0
00	37	Picture	t3;6	t3;6			431167	0	1	8105	1	0	8000	other	0
00	38	Picture	t11;7	t11;7			441274	0	1	8105	1	0	8000	other	0
00	39	Picture	t23;7	t23;7			451380	0	1	8105	1	0	8000	other	0
00	40	Picture	t17;7	t17;7			461487	0	1	8105	1	0	8000	other	0
00	41	Picture	t22;8	t22;8			471593	0	1	8105	1	0	8000	other	0
00	42	Picture	t2;8	t2;8			481699	0	1	8105	1	0	8000	other	0
00	43	Picture	t16;8	t16;8			491806	0	1	8105	1	0	8000	other	0
00	44	Picture	t24;3	t24;3			501912	0	1	8105	1	0	8000	other	0
00	45	Picture	t10;3	t10;3			512019	0	1	8105	1	0	8000	other	0
00	46	Picture	t19;3	t19;3			522125	0	1	8105	1	0	8000	other	0
00	47	Picture	t20;4	t20;4			532231	0	1	8105	1	0	8000	other	0
00	48	Picture	t15;4	t15;4			542338	0	1	8105	1	0	8000	other	0
00	49	Picture	t7;4	t7;4			552444	0	1	8105	1	0	8000	other	0
00	50	Picture	t22;8	t22;8			562551	0	1	8105	1	0	8000	other	0
00	51	Picture	t2;8	t2;8			572657	0	1	8105	1	0	8000	other	0
00	52	Picture	t16;8	t16;8			582764	0	1	8105	1	0	8000	other	0
00	53	Picture	t24;3	t24;3			592870	0	1	8105	1	0	8000	other	0
00	54	Picture	t10;3	t10;3			602976	0	1	8105	2	0	8000	other	0
00	55	Picture	t19;3	t19;3			613083	0	1	8105	1	0	8000	other	0
00	56	Picture	t13;6	t13;6			623189	0	1	8105	1	0	8000	other	0
00	57	Picture	t12;6	t12;6			633296	0	1	8105	1	0	8000	other	0
00	58	Picture	t3;6	t3;6			643402	0	1	8105	1	0	8000	other	0
00	59	Picture	t14;2	t14;2			653509	0	1	8105	1	0	8000	other	0
00	60	Picture	t8;2	t8;2			663615	0	1	8105	1	0	8000	other	0
00	61	Picture	t6;2	t6;2			673721	0	1	8105	1	0	8000	other	0
00	62	Picture	t1;5	t1;5			683828	0	1	8105	1	0	8000	other	0
00	63	Picture	t4;5	t4;5			693934	0	1	8105	1	0	8000	other	0
00	64	Picture	t9;5	t9;5			704041	0	1	8105	1	0	8000	other	0
00	65	Picture	t20;4	t20;4			714147	0	1	8105	1	0	8000	other	0
00	66	Picture	t15;4	t15;4			724253	0	1	8105	1	0	8000	other	0
00	67	Picture	t7;4	t7;4			734360	0	1	8105	1	0	8000	other	0
00	68	Picture	t5;1	t5;1			744466	0	1	8105	2	0	8000	other	0
00	69	Picture	t21;1	t21;1			754573	0	1	8105	1	0	8000	other	0
00	70	Picture	t18;1	t18;1			764679	0	1	8105	1	0	8000	other	0
00	71	Picture	t11;7	t11;7			774785	0	1	8105	1	0	8000	other	0
00	72	Picture	t23;7	t23;7			784892	0	1	8105	1	0	8000	other	0
00	73	Picture	t17;7	t17;7			794998	0	1	8105	1	0	8000	other	0
00	74	Picture	t13;6	t13;6			805105	0	1	8105	1	0	8000	other	0
00	75	Picture	t12;6	t12;6			815211	0	1	8105	1	0	8000	other	0
00	76	Picture	t3;6	t3;6			825318	0	1	8105	1	0	8000	other	0
00	77	Picture	t11;7	t11;7			835424	0	1	8105	1	0	8000	other	0
00	78	Picture	t23;7	t23;7			845530	0	1	8105	1	0	8000	other	0
00	79	Picture	t17;7	t17;7			855637	0	1	8105	1	0	8000	other	0
00	80	Picture	t14;2	t14;2			865743	0	1	8105	1	0	8000	other	0
00	81	Picture	t8;2	t8;2			875850	0	1	8105	1	0	8000	other	0
00	82	Picture	t6;2	t6;2			885956	0	1	8105	1	0	8000	other	0
00	83	Picture	t22;8	t22;8			896063	0	1	8105	1	0	8000	other	0
00	84	Picture	t2;8	t2;8			906169	0	1	8105	1	0	8000	other	0
00	85	Picture	t16;8	t16;8			916275	0	1	8105	1	0	8000	other	0
00	86	Picture	t1;5	t1;5			926382	0	1	8105	1	0	8000	other	0
00	87	Picture	t4;5	t4;5			936488	0	1	8105	1	0	8000	other	0
00	88	Picture	t9;5	t9;5			946595	0	1	8105	1	0	8000	other	0
00	89	Picture	t5;1	t5;1			956701	0	1	8105	1	0	8000	other	0
00	90	Picture	t21;1	t21;1			966807	0	1	8105	1	0	8000	other	0
00	91	Picture	t18;1	t18;1			976914	0	1	8105	1	0	8000	other	0
00	92	Picture	t24;3	t24;3			987020	0	1	8105	1	0	8000	other	0
00	93	Picture	t10;3	t10;3			997127	0	1	8105	1	0	8000	other	0
00	94	Picture	t19;3	t19;3			1007233	0	1	8105	1	0	8000	other	0
00	95	Picture	t20;4	t20;4			1017340	0	1	8105	1	0	8000	other	0
00	96	Picture	t15;4	t15;4			1027446	0	1	8105	1	0	8000	other	0
00	97	Picture	t7;4	t7;4			1037552	0	1	8105	1	0	8000	other	0
00	98	Picture	t22;8	t22;8			1047659	0	1	8105	1	0	8000	other	0
00	99	Picture	t2;8	t2;8			1057765	0	1	8105	1	0	8000	other	0
00	100	Picture	t16;8	t16;8			1067872	0	1	8105	1	0	8000	other	0
00	101	Picture	t24;3	t24;3			1077978	0	1	8105	1	0	8000	other	0
00	102	Picture	t10;3	t10;3			1088085	0	1	8105	1	0	8000	other	0
00	103	Picture	t19;3	t19;3			1098191	0	1	8105	1	0	8000	other	0
00	104	Picture	t13;6	t13;6			1108297	0	1	8105	1	0	8000	other	0
00	105	Picture	t12;6	t12;6			1118404	0	1	8105	1	0	8000	other	0
00	106	Picture	t3;6	t3;6			1128510	0	1	8105	1	0	8000	other	0
00	107	Picture	t1;5	t1;5			1138617	0	1	8105	1	0	8000	other	0
00	108	Picture	t4;5	t4;5			1148723	0	1	8105	1	0	8000	other	0
00	109	Picture	t9;5	t9;5			1158829	0	1	8105	1	0	8000	other	0
00	110	Picture	t14;2	t14;2			1168936	0	1	8105	1	0	8000	other	0
00	111	Picture	t8;2	t8;2			1179042	0	1	8105	1	0	8000	other	0
00	112	Picture	t6;2	t6;2			1189149	0	1	8105	1	0	8000	other	0
00	113	Picture	t20;4	t20;4			1199255	0	1	8105	1	0	8000	other	0
00	114	Picture	t15;4	t15;4			1209362	0	1	8105	1	0	8000	other	0
00	115	Picture	t7;4	t7;4			1219468	0	1	8105	1	0	8000	other	0
00	116	Picture	t11;7	t11;7			1229574	0	1	8105	1	0	8000	other	0
00	117	Picture	t23;7	t23;7			1239681	0	1	8105	1	0	8000	other	0
00	118	Picture	t17;7	t17;7			1249787	0	1	8105	1	0	8000	other	0
00	119	Picture	t5;1	t5;1			1259894	0	1	8105	1	0	8000	other	0
00	120	Picture	t21;1	t21;1			1270000	0	1	8105	1	0	8000	other	0
00	121	Picture	t18;1	t18;1			1280106	0	1	8105	1	0	8000	other	0
00	122	Picture	t22;8	t22;8			1290213	0	1	8105	1	0	8000	other	0
00	123	Picture	t2;8	t2;8			1300319	0	1	8105	1	0	8000	other	0
00	124	Picture	t16;8	t16;8			1310426	0	1	8105	1	0	8000	other	0
00	125	Picture	t20;4	t20;4			1320532	0	1	8105	1	0	8000	other	0
00	126	Picture	t15;4	t15;4			1330639	0	1	8105	1	0	8000	other	0
00	127	Picture	t7;4	t7;4			1340745	0	1	8105	1	0	8000	other	0
00	128	Picture	t11;7	t11;7			1350851	0	1	8105	1	0	8000	other	0
00	129	Picture	t23;7	t23;7			1360958	0	1	8105	1	0	8000	other	0
00	130	Picture	t17;7	t17;7			1371064	0	1	8105	1	0	8000	other	0
00	131	Picture	t13;6	t13;6			1381171	0	1	8105	1	0	8000	other	0
00	132	Picture	t12;6	t12;6			1391277	0	1	8105	1	0	8000	other	0
00	133	Picture	t3;6	t3;6			1401384	0	1	8105	1	0	8000	other	0
00	134	Picture	t14;2	t14;2			1411490	0	1	8105	1	0	8000	other	0
00	135	Picture	t8;2	t8;2			1421596	0	1	8105	1	0	8000	other	0
00	136	Picture	t6;2	t6;2			1431703	0	1	8105	1	0	8000	other	0
00	137	Picture	t5;1	t5;1			1441809	0	1	8105	1	0	8000	other	0
00	138	Picture	t21;1	t21;1			1451916	0	1	8105	1	0	8000	other	0
00	139	Picture	t18;1	t18;1			1462022	0	1	8105	1	0	8000	other	0
00	140	Picture	t1;5	t1;5			1472128	0	1	8105	1	0	8000	other	0
00	141	Picture	t4;5	t4;5			1482235	0	1	8105	1	0	8000	other	0
00	142	Picture	t9;5	t9;5			1492341	0	1	8105	1	0	8000	other	0
00	143	Picture	t24;3	t24;3			1502448	0	1	8105	1	0	8000	other	0
00	144	Picture	t10;3	t10;3			1512554	0	1	8105	1	0	8000	other	0
00	145	Picture	t19;3	t19;3			1522661	0	1	8105	1	0	8000	other	0
00	146	Picture	t13;6	t13;6			1532767	0	1	8105	1	0	8000	other	0
00	147	Picture	t12;6	t12;6			1542873	0	1	8105	1	0	8000	other	0
00	148	Picture	t3;6	t3;6			1552980	0	1	8105	1	0	8000	other	0
00	149	Picture	t14;2	t14;2			1563086	0	1	8105	1	0	8000	other	0
00	150	Picture	t8;2	t8;2			1573193	0	1	8105	1	0	8000	other	0
00	151	Picture	t6;2	t6;2			1583299	0	1	8105	1	0	8000	other	0
00	152	Picture	t20;4	t20;4			1593406	0	1	8105	1	0	8000	other	0
00	153	Picture	t15;4	t15;4			1603512	0	1	8105	1	0	8000	other	0
00	154	Picture	t7;4	t7;4			1613618	0	1	8105	1	0	8000	other	0
00	155	Picture	t1;5	t1;5			1623725	0	1	8105	1	0	8000	other	0
00	156	Picture	t4;5	t4;5			1633831	0	1	8105	1	0	8000	other	0
00	157	Picture	t9;5	t9;5			1643938	0	1	8105	1	0	8000	other	0
00	158	Picture	t5;1	t5;1			1654044	0	1	8105	1	0	8000	other	0
00	159	Picture	t21;1	t21;1			1664150	0	1	8105	1	0	8000	other	0
00	160	Picture	t18;1	t18;1			1674257	0	1	8105	1	0	8000	other	0
00	161	Picture	t22;8	t22;8			1684363	0	1	8105	1	0	8000	other	0
00	162	Picture	t2;8	t2;8			1694470	0	1	8105	1	0	8000	other	0
00	163	Picture	t16;8	t16;8			1704576	0	1	8105	1	0	8000	other	0
00	164	Picture	t24;3	t24;3			1714683	0	1	8105	1	0	8000	other	0
00	165	Picture	t10;3	t10;3			1724789	0	1	8105	1	0	8000	other	0
00	166	Picture	t19;3	t19;3			1734895	0	1	8105	1	0	8000	other	0
00	167	Picture	t11;7	t11;7			1745002	0	1	8105	1	0	8000	other	0
00	168	Picture	t23;7	t23;7			1755108	0	1	8105	1	0	8000	other	0
00	169	Picture	t17;7	t17;7			1765215	0	1	8105	1	0	8000	other	0
00	170	Picture	t24;3	t24;3			1775321	0	1	8105	1	0	8000	other	0
00	171	Picture	t10;3	t10;3			1785427	0	1	8105	1	0	8000	other	0
00	172	Picture	t19;3	t19;3			1795534	0	1	8105	1	0	8000	other	0
00	173	Picture	t20;4	t20;4			1805640	0	1	8105	1	0	8000	other	0
00	174	Picture	t15;4	t15;4			1815747	0	1	8105	1	0	8000	other	0
00	175	Picture	t7;4	t7;4			1825853	0	1	8105	1	0	8000	other	0
00	176	Picture	t1;5	t1;5			1835959	0	1	8105	1	0	8000	other	0
00	177	Picture	t4;5	t4;5			1846066	0	1	8105	1	0	8000	other	0
00	178	Picture	t9;5	t9;5			1856172	0	1	8105	1	0	8000	other	0
00	179	Picture	t22;8	t22;8			1866279	0	1	8105	1	0	8000	other	0
00	180	Picture	t2;8	t2;8			1876385	0	1	8105	1	0	8000	other	0
00	181	Picture	t16;8	t16;8			1886492	0	1	8105	1	0	8000	other	0
00	182	Picture	t13;6	t13;6			1896598	0	1	8105	1	0	8000	other	0
00	183	Picture	t12;6	t12;6			1906705	0	1	8105	1	0	8000	other	0
00	184	Picture	t3;6	t3;6			1916811	0	1	8105	1	0	8000	other	0
00	185	Picture	t5;1	t5;1			1926917	0	1	8105	1	0	8000	other	0
00	186	Picture	t21;1	t21;1			1937024	0	1	8105	1	0	8000	other	0
00	187	Picture	t18;1	t18;1			1947130	0	1	8105	1	0	8000	other	0
00	188	Picture	t11;7	t11;7			1957237	0	1	8105	1	0	8000	other	0
00	189	Picture	t23;7	t23;7			1967343	0	1	8105	1	0	8000	other	0
00	190	Picture	t17;7	t17;7			1977449	0	1	8105	1	0	8000	other	0
00	191	Picture	t14;2	t14;2			1987556	0	1	8105	1	0	8000	other	0
00	192	Picture	t8;2	t8;2			1997662	0	1	8105	1	0	8000	other	0
00	193	Picture	t6;2	t6;2			2007769	0	1	8105	1	0	8000	other	0
00	194	Picture	t13;6	t13;6			2017875	0	1	8105	1	0	8000	other	0
00	195	Picture	t12;6	t12;6			2027982	0	1	8105	1	0	8000	other	0
00	196	Picture	t3;6	t3;6			2038088	0	1	8105	1	0	8000	other	0
00	197	Picture	t20;4	t20;4			2048194	0	1	8105	1	0	8000	other	0
00	198	Picture	t15;4	t15;4			2058301	0	1	8105	1	0	8000	other	0
00	199	Picture	t7;4	t7;4			2068407	0	1	8105	1	0	8000	other	0
00	200	Picture	t24;3	t24;3			2078514	0	1	8105	1	0	8000	other	0
00	201	Picture	t10;3	t10;3			2088620	0	1	8105	1	0	8000	other	0
00	202	Picture	t19;3	t19;3			2098726	0	1	8105	1	0	8000	other	0
00	203	Picture	t1;5	t1;5			2108833	0	1	8105	1	0	8000	other	0
00	204	Picture	t4;5	t4;5			2118939	0	1	8105	1	0	8000	other	0
00	205	Picture	t9;5	t9;5			2129046	0	1	8105	1	0	8000	other	0
00	206	Picture	t5;1	t5;1			2139152	0	1	8105	1	0	8000	other	0
00	207	Picture	t21;1	t21;1			2149259	0	1	8105	1	0	8000	other	0
00	208	Picture	t18;1	t18;1			2159365	0	1	8105	1	0	8000	other	0
00	209	Picture	t14;2	t14;2			2169471	0	1	8105	1	0	8000	other	0
00	210	Picture	t8;2	t8;2			2179578	0	1	8105	1	0	8000	other	0
00	211	Picture	t6;2	t6;2			2189684	0	1	8105	1	0	8000	other	0
00	212	Picture	t11;7	t11;7			2199791	0	1	8105	1	0	8000	other	0
00	213	Picture	t23;7	t23;7			2209897	0	1	8105	1	0	8000	other	0
00	214	Picture	t17;7	t17;7			2220004	0	1	8105	1	0	8000	other	0
00	215	Picture	t22;8	t22;8			2230110	0	1	8105	1	0	8000	other	0
00	216	Picture	t2;8	t2;8			2240216	0	1	8105	1	0	8000	other	0
00	217	Picture	t16;8	t16;8			2250323	0	1	8105	1	0	8000	other	0
00	218	Picture	t11;7	t11;7			2260429	0	1	8105	1	0	8000	other	0
00	219	Picture	t23;7	t23;7			2270536	0	1	8105	1	0	8000	other	0
00	220	Picture	t17;7	t17;7			2280642	0	1	8105	1	0	8000	other	0
00	221	Picture	t1;5	t1;5			2290748	0	1	8105	1	0	8000	other	0
00	222	Picture	t4;5	t4;5			2300855	0	1	8105	1	0	8000	other	0
00	223	Picture	t9;5	t9;5			2310961	0	1	8105	1	0	8000	other	0
00	224	Picture	t13;6	t13;6			2321068	0	1	8105	1	0	8000	other	0
00	225	Picture	t12;6	t12;6			2331174	0	1	8105	1	0	8000	other	0
00	226	Picture	t3;6	t3;6			2341281	0	1	8105	1	0	8000	other	0
00	227	Picture	t22;8	t22;8			2351387	0	1	8105	1	0	8000	other	0
00	228	Picture	t2;8	t2;8			2361493	0	1	8105	1	0	8000	other	0
00	229	Picture	t16;8	t16;8			2371600	0	1	8105	1	0	8000	other	0
00	230	Picture	t14;2	t14;2			2381706	0	1	8105	1	0	8000	other	0
00	231	Picture	t8;2	t8;2			2391813	0	1	8105	1	0	8000	other	0
00	232	Picture	t6;2	t6;2			2401919	0	1	8105	1	0	8000	other	0
00	233	Picture	t5;1	t5;1			2412025	0	1	8105	1	0	8000	other	0
00	234	Picture	t21;1	t21;1			2422132	0	1	8105	1	0	8000	other	0
00	235	Picture	t18;1	t18;1			2432238	0	1	8105	1	0	8000	other	0
00	236	Picture	t20;4	t20;4			2442344	0	1	8105	2	0	8000	other	0
00	237	Picture	t15;4	t15;4			2452451	0	1	8105	1	0	8000	other	0
00	238	Picture	t7;4	t7;4			2462558	0	1	8105	1	0	8000	other	0
00	239	Picture	t24;3	t24;3			2472664	0	1	8105	1	0	8000	other	0
00	240	Picture	t10;3	t10;3			2482770	0	1	8105	1	0	8000	other	0
00	241	Picture	t19;3	t19;3			2492877	0	1	8105	1	0	8000	other	0
00	242	Picture	t14;2	t14;2			2502983	0	1	8105	1	0	8000	other	0
00	243	Picture	t8;2	t8;2			2513090	0	1	8105	1	0	8000	other	0
00	244	Picture	t6;2	t6;2			2523196	0	1	8105	1	0	8000	other	0
00	245	Picture	t13;6	t13;6			2533303	0	1	8105	1	0	8000	other	0
00	246	Picture	t12;6	t12;6			2543409	0	1	8105	1	0	8000	other	0
00	247	Picture	t3;6	t3;6			2553515	0	1	8105	1	0	8000	other	0
00	248	Picture	t1;5	t1;5			2563622	0	1	8105	1	0	8000	other	0
00	249	Picture	t4;5	t4;5			2573728	0	1	8105	1	0	8000	other	0
00	250	Picture	t9;5	t9;5			2583834	0	1	8106	2	0	8000	other	0
00	251	Picture	t22;8	t22;8			2593941	0	1	8105	1	0	8000	other	0
00	252	Picture	t2;8	t2;8			2604047	0	1	8105	1	0	8000	other	0
00	253	Picture	t16;8	t16;8			2614154	0	1	8105	1	0	8000	other	0
00	254	Picture	t24;3	t24;3			2624260	0	1	8105	1	0	8000	other	0
00	255	Picture	t10;3	t10;3			2634367	0	1	8105	1	0	8000	other	0
00	256	Picture	t19;3	t19;3			2644473	0	1	8105	1	0	8000	other	0
00	257	Picture	t20;4	t20;4			2654580	0	1	8105	1	0	8000	other	0
00	258	Picture	t15;4	t15;4			2664686	0	1	8105	1	0	8000	other	0
00	259	Picture	t7;4	t7;4			2674792	0	1	8105	1	0	8000	other	0
00	260	Picture	t11;7	t11;7			2684899	0	1	8105	1	0	8000	other	0
00	261	Picture	t23;7	t23;7			2695005	0	1	8105	1	0	8000	other	0
00	262	Picture	t17;7	t17;7			2705112	0	1	8105	1	0	8000	other	0
00	263	Picture	t5;1	t5;1			2715218	0	1	8105	1	0	8000	other	0
00	264	Picture	t21;1	t21;1			2725324	0	1	8105	1	0	8000	other	0
00	265	Picture	t18;1	t18;1			2735431	0	1	8105	1	0	8000	other	0
00	266	Picture	t11;7	t11;7			2745537	0	1	8105	1	0	8000	other	0
00	267	Picture	t23;7	t23;7			2755644	0	1	8105	1	0	8000	other	0
00	268	Picture	t17;7	t17;7			2765750	0	1	8105	1	0	8000	other	0
00	269	Picture	t24;3	t24;3			2775857	0	1	8105	1	0	8000	other	0
00	270	Picture	t10;3	t10;3			2785963	0	1	8105	1	0	8000	other	0
00	271	Picture	t19;3	t19;3			2796069	0	1	8105	1	0	8000	other	0
00	272	Picture	t5;1	t5;1			2806176	0	1	8105	1	0	8000	other	0
00	273	Picture	t21;1	t21;1			2816282	0	1	8105	1	0	8000	other	0
00	274	Picture	t18;1	t18;1			2826389	0	1	8105	1	0	8000	other	0
00	275	Picture	t13;6	t13;6			2836495	0	1	8105	1	0	8000	other	0
00	276	Picture	t12;6	t12;6			2846601	0	1	8105	1	0	8000	other	0
00	277	Picture	t3;6	t3;6			2856708	0	1	8105	1	0	8000	other	0
00	278	Picture	t20;4	t20;4			2866814	0	1	8105	1	0	8000	other	0
00	279	Picture	t15;4	t15;4			2876921	0	1	8105	1	0	8000	other	0
00	280	Picture	t7;4	t7;4			2887027	0	1	8105	1	0	8000	other	0
00	281	Picture	t14;2	t14;2			2897134	0	1	8105	1	0	8000	other	0
00	282	Picture	t8;2	t8;2			2907240	0	1	8105	1	0	8000	other	0
00	283	Picture	t6;2	t6;2			2917346	0	1	8105	1	0	8000	other	0
00	284	Picture	t22;8	t22;8			2927453	0	1	8105	1	0	8000	other	0
00	285	Picture	t2;8	t2;8			2937559	0	1	8105	1	0	8000	other	0
00	286	Picture	t16;8	t16;8			2947666	0	1	8105	1	0	8000	other	0
00	287	Picture	t1;5	t1;5			2957772	0	1	8105	1	0	8000	other	0
00	288	Picture	t4;5	t4;5			2967879	0	1	8105	1	0	8000	other	0
00	289	Picture	t9;5	t9;5			2977985	0	1	8105	1	0	8000	other	0
00	290	Picture	t20;4	t20;4			2988091	0	1	8105	1	0	8000	other	0
00	291	Picture	t15;4	t15;4			2998198	0	1	8105	2	0	8000	other	0
00	292	Picture	t7;4	t7;4			3008304	0	1	8105	1	0	8000	other	0
00	293	Picture	t24;3	t24;3			3018411	0	1	8105	1	0	8000	other	0
00	294	Picture	t10;3	t10;3			3028517	0	1	8105	1	0	8000	other	0
00	295	Picture	t19;3	t19;3			3038624	0	1	8105	1	0	8000	other	0
00	296	Picture	t1;5	t1;5			3048730	0	1	8105	1	0	8000	other	0
00	297	Picture	t4;5	t4;5			3058836	0	1	8105	1	0	8000	other	0
00	298	Picture	t9;5	t9;5			3068943	0	1	8105	1	0	8000	other	0
00	299	Picture	t13;6	t13;6			3079049	0	1	8105	1	0	8000	other	0
00	300	Picture	t12;6	t12;6			3089156	0	1	8105	1	0	8000	other	0
00	301	Picture	t3;6	t3;6			3099262	0	1	8105	1	0	8000	other	0
00	302	Picture	t11;7	t11;7			3109368	0	1	8105	1	0	8000	other	0
00	303	Picture	t23;7	t23;7			3119475	0	1	8105	1	0	8000	other	0
00	304	Picture	t17;7	t17;7			3129581	0	1	8105	1	0	8000	other	0
00	305	Picture	t5;1	t5;1			3139688	0	1	8105	1	0	8000	other	0
00	306	Picture	t21;1	t21;1			3149794	0	1	8105	1	0	8000	other	0
00	307	Picture	t18;1	t18;1			3159901	0	1	8105	1	0	8000	other	0
00	308	Picture	t22;8	t22;8			3170007	0	1	8105	1	0	8000	other	0
00	309	Picture	t2;8	t2;8			3180113	0	1	8105	1	0	8000	other	0
00	310	Picture	t16;8	t16;8			3190220	0	1	8105	1	0	8000	other	0
00	311	Picture	t14;2	t14;2			3200326	0	1	8105	1	0	8000	other	0
00	312	Picture	t8;2	t8;2			3210433	0	1	8105	1	0	8000	other	0
00	313	Picture	t6;2	t6;2			3220539	0	1	8105	1	0	8000	other	0
00	314	Picture	t13;6	t13;6			3230645	0	1	8105	1	0	8000	other	0
00	315	Picture	t12;6	t12;6			3240752	0	1	8105	1	0	8000	other	0
00	316	Picture	t3;6	t3;6			3250858	0	1	8105	1	0	8000	other	0
00	317	Picture	t22;8	t22;8			3260965	0	1	8105	1	0	8000	other	0
00	318	Picture	t2;8	t2;8			3271071	0	1	8105	1	0	8000	other	0
00	319	Picture	t16;8	t16;8			3281178	0	1	8105	1	0	8000	other	0
00	320	Picture	t5;1	t5;1			3291284	0	1	8105	1	0	8000	other	0
00	321	Picture	t21;1	t21;1			3301390	0	1	8105	1	0	8000	other	0
00	322	Picture	t18;1	t18;1			3311497	0	1	8105	1	0	8000	other	0
00	323	Picture	t20;4	t20;4			3321603	0	1	8105	1	0	8000	other	0
00	324	Picture	t15;4	t15;4			3331710	0	1	8105	1	0	8000	other	0
00	325	Picture	t7;4	t7;4			3341816	0	1	8105	1	0	8000	other	0
00	326	Picture	t1;5	t1;5			3351922	0	1	8105	1	0	8000	other	0
00	327	Picture	t4;5	t4;5			3362029	0	1	8105	1	0	8000	other	0
00	328	Picture	t9;5	t9;5			3372135	0	1	8105	1	0	8000	other	0
00	329	Picture	t14;2	t14;2			3382242	0	1	8105	1	0	8000	other	0
00	330	Picture	t8;2	t8;2			3392348	0	1	8105	1	0	8000	other	0
00	331	Picture	t6;2	t6;2			3402455	0	1	8105	1	0	8000	other	0
00	332	Picture	t24;3	t24;3			3412561	0	1	8105	1	0	8000	other	0
00	333	Picture	t10;3	t10;3			3422667	0	1	8105	1	0	8000	other	0
00	334	Picture	t19;3	t19;3			3432774	0	1	8105	1	0	8000	other	0
00	335	Picture	t11;7	t11;7			3442880	0	1	8105	1	0	8000	other	0
00	336	Picture	t23;7	t23;7			3452987	0	1	8105	1	0	8000	other	0
00	337	Picture	t17;7	t17;7			3463093	0	1	8105	1	0	8000	other	0
00	338	Picture	t14;2	t14;2			3473200	0	1	8105	1	0	8000	other	0
00	339	Picture	t8;2	t8;2			3483306	0	1	8105	1	0	8000	other	0
00	340	Picture	t6;2	t6;2			3493412	0	1	8105	1	0	8000	other	0
00	341	Picture	t13;6	t13;6			3503519	0	1	8105	1	0	8000	other	0
00	342	Picture	t12;6	t12;6			3513625	0	1	8105	1	0	8000	other	0
00	343	Picture	t3;6	t3;6			3523732	0	1	8105	1	0	8000	other	0
00	344	Picture	t20;4	t20;4			3533838	0	1	8105	1	0	8000	other	0
00	345	Picture	t15;4	t15;4			3543945	0	1	8105	1	0	8000	other	0
00	346	Picture	t7;4	t7;4			3554051	0	1	8105	1	0	8000	other	0
00	347	Picture	t22;8	t22;8			3564157	0	1	8105	1	0	8000	other	0
00	348	Picture	t2;8	t2;8			3574264	0	1	8105	1	0	8000	other	0
00	349	Picture	t16;8	t16;8			3584370	0	1	8105	1	0	8000	other	0
00	350	Picture	t24;3	t24;3			3594477	0	1	8105	1	0	8000	other	0
00	351	Picture	t10;3	t10;3			3604583	0	1	8105	1	0	8000	other	0
00	352	Picture	t19;3	t19;3			3614689	0	1	8105	1	0	8000	other	0
00	353	Picture	t5;1	t5;1			3624796	0	1	8105	1	0	8000	other	0
00	354	Picture	t21;1	t21;1			3634902	0	1	8105	1	0	8000	other	0
00	355	Picture	t18;1	t18;1			3645009	0	1	8105	1	0	8000	other	0
00	356	Picture	t11;7	t11;7			3655115	0	1	8105	1	0	8000	other	0
00	357	Picture	t23;7	t23;7			3665222	0	1	8105	1	0	8000	other	0
00	358	Picture	t17;7	t17;7			3675328	0	1	8105	1	0	8000	other	0
00	359	Picture	t1;5	t1;5			3685434	0	1	8105	1	0	8000	other	0
00	360	Picture	t4;5	t4;5			3695541	0	1	8105	1	0	8000	other	0
00	361	Picture	t9;5	t9;5			3705647	0	1	8105	1	0	8000	other	0
00	362	Picture	t5;1	t5;1			3715754	0	1	8105	1	0	8000	other	0
00	363	Picture	t21;1	t21;1			3725860	0	1	8105	1	0	8000	other	0
00	364	Picture	t18;1	t18;1			3735966	0	1	8105	1	0	8000	other	0
00	365	Picture	t1;5	t1;5			3746073	0	1	8105	1	0	8000	other	0
00	366	Picture	t4;5	t4;5			3756179	0	1	8105	1	0	8000	other	0
00	367	Picture	t9;5	t9;5			3766286	0	1	8105	1	0	8000	other	0
00	368	Picture	t14;2	t14;2			3776392	0	1	8105	1	0	8000	other	0
00	369	Picture	t8;2	t8;2			3786499	0	1	8105	1	0	8000	other	0
00	370	Picture	t6;2	t6;2			3796605	0	1	8105	1	0	8000	other	0
00	371	Picture	t22;8	t22;8			3806711	0	1	8105	1	0	8000	other	0
00	372	Picture	t2;8	t2;8			3816818	0	1	8105	1	0	8000	other	0
00	373	Picture	t16;8	t16;8			3826924	0	1	8105	1	0	8000	other	0
00	374	Picture	t13;6	t13;6			3837031	0	1	8105	1	0	8000	other	0
00	375	Picture	t12;6	t12;6			3847137	0	1	8105	1	0	8000	other	0
00	376	Picture	t3;6	t3;6			3857244	0	1	8105	1	0	8000	other	0
00	377	Picture	t20;4	t20;4			3867350	0	1	8105	1	0	8000	other	0
00	378	Picture	t15;4	t15;4			3877456	0	1	8105	1	0	8000	other	0
00	379	Picture	t7;4	t7;4			3887563	0	1	8105	1	0	8000	other	0
00	380	Picture	t24;3	t24;3			3897669	0	1	8105	1	0	8000	other	0
00	381	Picture	t10;3	t10;3			3907776	0	1	8105	1	0	8000	other	0
00	382	Picture	t19;3	t19;3			3917882	0	1	8105	1	0	8000	other	0
00	383	Picture	t11;7	t11;7			3927988	0	1	8105	1	0	8000	other	0
00	384	Picture	t23;7	t23;7			3938095	0	1	8105	1	0	8000	other	0
00	385	Picture	t17;7	t17;7			3948201	0	1	8105	1	0	8000	other	0
00	386	Picture	t22;8	t22;8			3958308	0	1	8105	1	0	8000	other	0
00	387	Picture	t2;8	t2;8			3968414	0	1	8105	1	0	8000	other	0
00	388	Picture	t16;8	t16;8			3978521	0	1	8105	1	0	8000	other	0
00	389	Picture	t13;6	t13;6			3988627	0	1	8105	1	0	8000	other	0
00	390	Picture	t12;6	t12;6			3998733	0	1	8105	1	0	8000	other	0
00	391	Picture	t3;6	t3;6			4008840	0	1	8105	1	0	8000	other	0
00	392	Picture	t20;4	t20;4			4018946	0	1	8105	1	0	8000	other	0
00	393	Picture	t15;4	t15;4			4029053	0	1	8105	1	0	8000	other	0
00	394	Picture	t7;4	t7;4			4039159	0	1	8105	1	0	8000	other	0
00	395	Picture	t24;3	t24;3			4049265	0	1	8105	1	0	8000	other	0
00	396	Picture	t10;3	t10;3			4059372	0	1	8105	1	0	8000	other	0
00	397	Picture	t19;3	t19;3			4069478	0	1	8105	1	0	8000	other	0
00	398	Picture	t1;5	t1;5			4079585	0	1	8105	1	0	8000	other	0
00	399	Picture	t4;5	t4;5			4089691	0	1	8105	1	0	8000	other	0
00	400	Picture	t9;5	t9;5			4099798	0	1	8105	1	0	8000	other	0
00	401	Picture	t14;2	t14;2			4109904	0	1	8105	1	0	8000	other	0
00	402	Picture	t8;2	t8;2			4120010	0	1	8105	1	0	8000	other	0
00	403	Picture	t6;2	t6;2			4130117	0	1	8105	1	0	8000	other	0
00	404	Picture	t5;1	t5;1			4140223	0	1	8105	1	0	8000	other	0
00	405	Picture	t21;1	t21;1			4150330	0	1	8105	1	0	8000	other	0
00	406	Picture	t18;1	t18;1			4160436	0	1	8105	1	0	8000	other	0
00	407	Picture	t11;7	t11;7			4170542	0	1	8105	1	0	8000	other	0
00	408	Picture	t23;7	t23;7			4180649	0	1	8105	1	0	8000	other	0
00	409	Picture	t17;7	t17;7			4190755	0	1	8105	1	0	8000	other	0
00	410	Picture	t22;8	t22;8			4200862	0	1	8105	1	0	8000	other	0
00	411	Picture	t2;8	t2;8			4210968	0	1	8105	1	0	8000	other	0
00	412	Picture	t16;8	t16;8			4221075	0	1	8105	1	0	8000	other	0
00	413	Picture	t20;4	t20;4			4231181	0	1	8105	1	0	8000	other	0
00	414	Picture	t15;4	t15;4			4241287	0	1	8105	1	0	8000	other	0
00	415	Picture	t7;4	t7;4			4251394	0	1	8105	1	0	8000	other	0
00	416	Picture	t1;5	t1;5			4261500	0	1	8105	1	0	8000	other	0
00	417	Picture	t4;5	t4;5			4271607	0	1	8105	1	0	8000	other	0
00	418	Picture	t9;5	t9;5			4281713	0	1	8105	1	0	8000	other	0
00	419	Picture	t14;2	t14;2			4291820	0	1	8105	1	0	8000	other	0
00	420	Picture	t8;2	t8;2			4301926	0	1	8105	1	0	8000	other	0
00	421	Picture	t6;2	t6;2			4312032	0	1	8105	1	0	8000	other	0
00	422	Picture	t11;7	t11;7			4322139	0	1	8105	1	0	8000	other	0
00	423	Picture	t23;7	t23;7			4332245	0	1	8105	1	0	8000	other	0
00	424	Picture	t17;7	t17;7			4342352	0	1	8105	1	0	8000	other	0
00	425	Picture	t13;6	t13;6			4352458	0	1	8105	1	0	8000	other	0
00	426	Picture	t12;6	t12;6			4362564	0	1	8105	1	0	8000	other	0
00	427	Picture	t3;6	t3;6			4372671	0	1	8105	1	0	8000	other	0
00	428	Picture	t5;1	t5;1			4382777	0	1	8105	1	0	8000	other	0
00	429	Picture	t21;1	t21;1			4392884	0	1	8105	1	0	8000	other	0
00	430	Picture	t18;1	t18;1			4402990	0	1	8105	1	0	8000	other	0
00	431	Picture	t24;3	t24;3			4413097	0	1	8105	1	0	8000	other	0
00	432	Picture	t10;3	t10;3			4423203	0	1	8105	1	0	8000	other	0
00	433	Picture	t19;3	t19;3			4433309	0	1	8105	1	0	8000	other	0
00	434	Picture	t11;7	t11;7			4443416	0	1	8105	1	0	8000	other	0
00	435	Picture	t23;7	t23;7			4453522	0	1	8105	1	0	8000	other	0
00	436	Picture	t17;7	t17;7			4463629	0	1	8105	1	0	8000	other	0
00	437	Picture	t1;5	t1;5			4473735	0	1	8105	1	0	8000	other	0
00	438	Picture	t4;5	t4;5			4483841	0	1	8105	1	0	8000	other	0
00	439	Picture	t9;5	t9;5			4493948	0	1	8105	1	0	8000	other	0
00	440	Picture	t22;8	t22;8			4504054	0	1	8105	1	0	8000	other	0
00	441	Picture	t2;8	t2;8			4514161	0	1	8105	1	0	8000	other	0
00	442	Picture	t16;8	t16;8			4524267	0	1	8105	1	0	8000	other	0
00	443	Picture	t13;6	t13;6			4534374	0	1	8105	1	0	8000	other	0
00	444	Picture	t12;6	t12;6			4544480	0	1	8105	1	0	8000	other	0
00	445	Picture	t3;6	t3;6			4554586	0	1	8105	1	0	8000	other	0
00	446	Picture	t24;3	t24;3			4564693	0	1	8105	1	0	8000	other	0
00	447	Picture	t10;3	t10;3			4574799	0	1	8105	1	0	8000	other	0
00	448	Picture	t19;3	t19;3			4584906	0	1	8105	1	0	8000	other	0
00	449	Picture	t5;1	t5;1			4595012	0	1	8105	1	0	8000	other	0
00	450	Picture	t21;1	t21;1			4605118	0	1	8105	1	0	8000	other	0
00	451	Picture	t18;1	t18;1			4615225	0	1	8105	1	0	8000	other	0
00	452	Picture	t14;2	t14;2			4625331	0	1	8105	1	0	8000	other	0
00	453	Picture	t8;2	t8;2			4635438	0	1	8105	1	0	8000	other	0
00	454	Picture	t6;2	t6;2			4645544	0	1	8105	1	0	8000	other	0
00	455	Picture	t20;4	t20;4			4655651	0	1	8105	1	0	8000	other	0
00	456	Picture	t15;4	t15;4			4665757	0	1	8105	1	0	8000	other	0
00	457	Picture	t7;4	t7;4			4675863	0	1	8105	1	0	8000	other	0
00	458	Picture	t14;2	t14;2			4685970	0	1	8105	1	0	8000	other	0
00	459	Picture	t8;2	t8;2			4696076	0	1	8106	2	0	8000	other	0
00	460	Picture	t6;2	t6;2			4706183	0	1	8105	1	0	8000	other	0
00	461	Picture	t11;7	t11;7			4716289	0	1	8105	1	0	8000	other	0
00	462	Picture	t23;7	t23;7			4726396	0	1	8105	1	0	8000	other	0
00	463	Picture	t17;7	t17;7			4736502	0	1	8105	1	0	8000	other	0
00	464	Picture	t24;3	t24;3			4746608	0	1	8105	1	0	8000	other	0
00	465	Picture	t10;3	t10;3			4756715	0	1	8105	1	0	8000	other	0
00	466	Picture	t19;3	t19;3			4766821	0	1	8105	1	0	8000	other	0
00	467	Picture	t22;8	t22;8			4776928	0	1	8105	1	0	8000	other	0
00	468	Picture	t2;8	t2;8			4787034	0	1	8105	1	0	8000	other	0
00	469	Picture	t16;8	t16;8			4797140	0	1	8105	1	0	8000	other	0
00	470	Picture	t20;4	t20;4			4807247	0	1	8105	1	0	8000	other	0
00	471	Picture	t15;4	t15;4			4817353	0	1	8105	1	0	8000	other	0
00	472	Picture	t7;4	t7;4			4827460	0	1	8105	1	0	8000	other	0
00	473	Picture	t13;6	t13;6			4837565	0	2	8106	2	0	8000	other	0
00	474	Picture	t12;6	t12;6			4847673	0	1	8105	1	0	8000	other	0
00	475	Picture	t3;6	t3;6			4857779	0	1	8105	1	0	8000	other	0
00	476	Picture	t1;5	t1;5			4867885	0	1	8105	1	0	8000	other	0
00	477	Picture	t4;5	t4;5			4877992	0	1	8105	1	0	8000	other	0
00	478	Picture	t9;5	t9;5			4888098	0	1	8105	1	0	8000	other	0
00	479	Picture	t5;1	t5;1			4898205	0	1	8105	1	0	8000	other	0
00	480	Picture	t21;1	t21;1			4908311	0	1	8105	1	0	8000	other	0
00	481	Picture	t18;1	t18;1			4918417	0	1	8105	1	0	8000	other	0
00	482	Picture	t24;3	t24;3			4928524	0	1	8105	1	0	8000	other	0
00	483	Picture	t10;3	t10;3			4938630	0	1	8105	1	0	8000	other	0
00	484	Picture	t19;3	t19;3			4948737	0	1	8105	1	0	8000	other	0
00	485	Picture	t14;2	t14;2			4958843	0	1	8105	1	0	8000	other	0
00	486	Picture	t8;2	t8;2			4968950	0	1	8105	1	0	8000	other	0
00	487	Picture	t6;2	t6;2			4979056	0	1	8105	1	0	8000	other	0
00	488	Picture	t13;6	t13;6			4989162	0	1	8105	1	0	8000	other	0
00	489	Picture	t12;6	t12;6			4999269	0	1	8105	1	0	8000	other	0
00	490	Picture	t3;6	t3;6			5009375	0	1	8105	1	0	8000	other	0
00	491	Picture	t20;4	t20;4			5019482	0	1	8105	1	0	8000	other	0
00	492	Picture	t15;4	t15;4			5029588	0	1	8105	1	0	8000	other	0
00	493	Picture	t7;4	t7;4			5039694	0	1	8105	1	0	8000	other	0
00	494	Picture	t1;5	t1;5			5049801	0	1	8105	1	0	8000	other	0
00	495	Picture	t4;5	t4;5			5059907	0	1	8105	1	0	8000	other	0
00	496	Picture	t9;5	t9;5			5070014	0	1	8105	1	0	8000	other	0
00	497	Picture	t22;8	t22;8			5080120	0	1	8105	1	0	8000	other	0
00	498	Picture	t2;8	t2;8			5090226	0	1	8105	1	0	8000	other	0
00	499	Picture	t16;8	t16;8			5100333	0	1	8105	1	0	8000	other	0
00	500	Picture	t11;7	t11;7			5110439	0	1	8105	2	0	8000	other	0
00	501	Picture	t23;7	t23;7			5120546	0	1	8105	1	0	8000	other	0
00	502	Picture	t17;7	t17;7			5130652	0	1	8105	1	0	8000	other	0
00	503	Picture	t5;1	t5;1			5140759	0	1	8105	1	0	8000	other	0
00	504	Picture	t21;1	t21;1			5150865	0	1	8105	1	0	8000	other	0
00	505	Picture	t18;1	t18;1			5160972	0	1	8105	1	0	8000	other	0
00	506	Picture	t11;7	t11;7			5171078	0	1	8105	1	0	8000	other	0
00	507	Picture	t23;7	t23;7			5181184	0	1	8105	1	0	8000	other	0
00	508	Picture	t17;7	t17;7			5191291	0	1	8105	1	0	8000	other	0
00	509	Picture	t20;4	t20;4			5201397	0	1	8105	1	0	8000	other	0
00	510	Picture	t15;4	t15;4			5211504	0	1	8105	1	0	8000	other	0
00	511	Picture	t7;4	t7;4			5221610	0	1	8105	1	0	8000	other	0
00	512	Picture	t1;5	t1;5			5231716	0	1	8105	1	0	8000	other	0
00	513	Picture	t4;5	t4;5			5241823	0	1	8105	1	0	8000	other	0
00	514	Picture	t9;5	t9;5			5251929	0	1	8105	1	0	8000	other	0
00	515	Picture	t14;2	t14;2			5262036	0	1	8105	1	0	8000	other	0
00	516	Picture	t8;2	t8;2			5272142	0	1	8105	1	0	8000	other	0
00	517	Picture	t6;2	t6;2			5282248	0	1	8105	1	0	8000	other	0
00	518	Picture	t13;6	t13;6			5292355	0	1	8105	1	0	8000	other	0
00	519	Picture	t12;6	t12;6			5302461	0	1	8105	1	0	8000	other	0
00	520	Picture	t3;6	t3;6			5312568	0	1	8105	1	0	8000	other	0
00	521	Picture	t24;3	t24;3			5322674	0	1	8105	1	0	8000	other	0
00	522	Picture	t10;3	t10;3			5332781	0	1	8105	1	0	8000	other	0
00	523	Picture	t19;3	t19;3			5342887	0	1	8105	1	0	8000	other	0
00	524	Picture	t5;1	t5;1			5352993	0	1	8105	1	0	8000	other	0
00	525	Picture	t21;1	t21;1			5363100	0	1	8105	1	0	8000	other	0
00	526	Picture	t18;1	t18;1			5373206	0	1	8105	1	0	8000	other	0
00	527	Picture	t22;8	t22;8			5383313	0	1	8105	1	0	8000	other	0
00	528	Picture	t2;8	t2;8			5393419	0	1	8105	1	0	8000	other	0
00	529	Picture	t16;8	t16;8			5403526	0	1	8105	1	0	8000	other	0
00	530	Picture	t1;5	t1;5			5413632	0	1	8105	1	0	8000	other	0
00	531	Picture	t4;5	t4;5			5423738	0	1	8105	1	0	8000	other	0
00	532	Picture	t9;5	t9;5			5433845	0	1	8105	1	0	8000	other	0
00	533	Picture	t24;3	t24;3			5443951	0	1	8105	1	0	8000	other	0
00	534	Picture	t10;3	t10;3			5454058	0	1	8105	1	0	8000	other	0
00	535	Picture	t19;3	t19;3			5464164	0	1	8105	1	0	8000	other	0
00	536	Picture	t5;1	t5;1			5474271	0	1	8105	1	0	8000	other	0
00	537	Picture	t21;1	t21;1			5484377	0	1	8105	1	0	8000	other	0
00	538	Picture	t18;1	t18;1			5494483	0	1	8105	1	0	8000	other	0
00	539	Picture	t13;6	t13;6			5504590	0	1	8105	1	0	8000	other	0
00	540	Picture	t12;6	t12;6			5514696	0	1	8105	1	0	8000	other	0
00	541	Picture	t3;6	t3;6			5524803	0	1	8105	1	0	8000	other	0
00	542	Picture	t11;7	t11;7			5534909	0	1	8105	1	0	8000	other	0
00	543	Picture	t23;7	t23;7			5545015	0	1	8105	1	0	8000	other	0
00	544	Picture	t17;7	t17;7			5555122	0	1	8105	1	0	8000	other	0
00	545	Picture	t20;4	t20;4			5565228	0	1	8105	1	0	8000	other	0
00	546	Picture	t15;4	t15;4			5575335	0	1	8105	1	0	8000	other	0
00	547	Picture	t7;4	t7;4			5585441	0	1	8105	1	0	8000	other	0
00	548	Picture	t22;8	t22;8			5595548	0	1	8105	1	0	8000	other	0
00	549	Picture	t2;8	t2;8			5605654	0	1	8105	1	0	8000	other	0
00	550	Picture	t16;8	t16;8			5615760	0	1	8105	1	0	8000	other	0
00	551	Picture	t14;2	t14;2			5625867	0	1	8105	1	0	8000	other	0
00	552	Picture	t8;2	t8;2			5635973	0	1	8105	1	0	8000	other	0
00	553	Picture	t6;2	t6;2			5646080	0	1	8105	1	0	8000	other	0
00	554	Picture	t13;6	t13;6			5656186	0	1	8105	1	0	8000	other	0
00	555	Picture	t12;6	t12;6			5666292	0	1	8105	1	0	8000	other	0
00	556	Picture	t3;6	t3;6			5676399	0	1	8105	1	0	8000	other	0
00	557	Picture	t11;7	t11;7			5686505	0	1	8105	1	0	8000	other	0
00	558	Picture	t23;7	t23;7			5696612	0	1	8105	1	0	8000	other	0
00	559	Picture	t17;7	t17;7			5706718	0	1	8105	1	0	8000	other	0
00	560	Picture	t24;3	t24;3			5716825	0	1	8105	1	0	8000	other	0
00	561	Picture	t10;3	t10;3			5726931	0	1	8105	1	0	8000	other	0
00	562	Picture	t19;3	t19;3			5737037	0	1	8105	1	0	8000	other	0
00	563	Picture	t1;5	t1;5			5747144	0	1	8105	1	0	8000	other	0
00	564	Picture	t4;5	t4;5			5757250	0	1	8105	1	0	8000	other	0
00	565	Picture	t9;5	t9;5			5767357	0	1	8105	1	0	8000	other	0
00	566	Picture	t22;8	t22;8			5777463	0	1	8105	1	0	8000	other	0
00	567	Picture	t2;8	t2;8			5787569	0	1	8105	1	0	8000	other	0
00	568	Picture	t16;8	t16;8			5797676	0	1	8105	1	0	8000	other	0
00	569	Picture	t5;1	t5;1			5807782	0	1	8105	1	0	8000	other	0
00	570	Picture	t21;1	t21;1			5817889	0	1	8105	1	0	8000	other	0
00	571	Picture	t18;1	t18;1			5827995	0	1	8105	1	0	8000	other	0
00	572	Picture	t20;4	t20;4			5838102	0	1	8105	1	0	8000	other	0
00	573	Picture	t15;4	t15;4			5848208	0	1	8105	1	0	8000	other	0
00	574	Picture	t7;4	t7;4			5858314	0	1	8105	1	0	8000	other	0
00	575	Picture	t14;2	t14;2			5868421	0	1	8105	1	0	8000	other	0
00	576	Picture	t8;2	t8;2			5878527	0	1	8105	1	0	8000	other	0
00	577	Picture	t6;2	t6;2			5888634	0	1	8105	1	0	8000	other	0
00	578	Picture	break	break			5898740	0	1	91058	1	0	next	other	0
00	578	Response	3				5989651	90911	0
00	579	Picture	inst3	inst3			5989798	0	1	128281	1	0	next	other	0
00	579	Response	4				6117969	128171	0
00	580	Picture	inst3	inst3			6118079	0	1	268571	1	0	next	other	0
00	580	Response	4				6386526	268446	0
00	581	Picture	t20;4;1	t20;4;1			6386650	0	1	8105	1	0	8000	other	0
00	582	Picture	t15;4;1	t15;4;1			6396756	0	1	8105	1	0	8000	other	0
00	583	Picture	t7;4;1	t7;4;1			6406863	0	1	8105	1	0	8000	other	0
00	584	Picture	pause	pause			6416969	0	1	10106	1	0	next	other	0
00	585	Picture	t5;1;2	t5;1;2			6427076	0	1	8105	1	0	8000	other	0
00	586	Picture	t8;1;2	t8;1;2			6437182	0	1	8105	1	0	8000	other	0
00	587	Picture	t19;1;2	t19;1;2			6447288	0	1	8105	1	0	8000	other	0
00	588	Picture	pause	pause			6457395	0	1	10106	1	0	next	other	0
00	589	Picture	question	question			6467501	0	1	19012	1	0	next	other	0
00	589	Response	2				6486444	18943	0
00	590	Picture	t22;8;1	t22;8;1			6486513	0	1	8105	1	0	8000	other	0
00	591	Picture	t2;8;1	t2;8;1			6496620	0	1	8105	1	0	8000	other	0
00	592	Picture	t16;8;1	t16;8;1			6506726	0	1	8105	1	0	8000	other	0
00	593	Picture	pause	pause			6516833	0	1	10106	1	0	next	other	0
00	594	Picture	t11;7;2	t11;7;2			6526939	0	1	8105	1	0	8000	other	0
00	595	Picture	t2;7;2	t2;7;2			6537045	0	1	8105	1	0	8000	other	0
00	596	Picture	t9;7;2	t9;7;2			6547152	0	1	8105	1	0	8000	other	0
00	597	Picture	pause	pause			6557258	0	1	10106	1	0	next	other	0
00	598	Picture	question	question			6567365	0	1	4503	1	0	next	other	0
00	598	Response	1				6571803	4438	0
00	599	Picture	t11;7;2	t11;7;2			6571868	0	1	8105	1	0	8000	other	0
00	600	Picture	t2;7;2	t2;7;2			6581974	0	1	8105	1	0	8000	other	0
00	601	Picture	t9;7;2	t9;7;2			6592080	0	1	8105	1	0	8000	other	0
00	602	Picture	pause	pause			6602187	0	1	10106	1	0	next	other	0
00	603	Picture	t13;6;1	t13;6;1			6612293	0	1	8105	1	0	8000	other	0
00	604	Picture	t12;6;1	t12;6;1			6622400	0	1	8105	1	0	8000	other	0
00	605	Picture	t3;6;1	t3;6;1			6632506	0	1	8105	1	0	8000	other	0
00	606	Picture	pause	pause			6642613	0	1	10106	1	0	next	other	0
00	606	Response	1				6645882	3270	0
00	607	Picture	question	question			6652719	0	1	14809	2	0	next	other	0
00	607	Response	1				6667402	14683	0
00	608	Picture	t14;2;1	t14;2;1			6667528	0	1	8105	2	0	8000	other	0
00	609	Picture	t8;2;1	t8;2;1			6677635	0	1	8105	1	0	8000	other	0
00	610	Picture	t6;2;1	t6;2;1			6687741	0	1	8105	1	0	8000	other	0
00	611	Picture	pause	pause			6697848	0	1	10106	1	0	next	other	0
00	612	Picture	t14;2;2	t14;2;2			6707954	0	1	8105	1	0	8000	other	0
00	613	Picture	t10;2;2	t10;2;2			6718060	0	1	8105	1	0	8000	other	0
00	614	Picture	t7;2;2	t7;2;2			6728167	0	1	8105	1	0	8000	other	0
00	615	Picture	pause	pause			6738273	0	1	10106	1	0	next	other	0
00	615	Response	2				6739481	1207	0
00	616	Picture	question	question			6748380	0	1	32220	1	0	next	other	0
00	616	Response	2				6780521	32141	0
00	617	Picture	t13;6;1	t13;6;1			6780600	0	1	8105	1	0	8000	other	0
00	618	Picture	t12;6;1	t12;6;1			6790707	0	1	8105	1	0	8000	other	0
00	619	Picture	t3;6;1	t3;6;1			6800813	0	1	8105	1	0	8000	other	0
00	620	Picture	pause	pause			6810919	0	1	10106	1	0	next	other	0
00	621	Picture	t1;5;2	t1;5;2			6821026	0	1	8105	1	0	8000	other	0
00	622	Picture	t12;5;2	t12;5;2			6831132	0	1	8105	1	0	8000	other	0
00	623	Picture	t17;5;2	t17;5;2			6841239	0	1	8105	1	0	8000	other	0
00	624	Picture	pause	pause			6851345	0	1	10106	1	0	next	other	0
00	625	Picture	question	question			6861451	0	1	8405	1	0	next	other	0
00	625	Response	1				6869799	8348	0
00	626	Picture	t13;6;1	t13;6;1			6869857	0	1	8105	1	0	8000	other	0
00	627	Picture	t12;6;1	t12;6;1			6879963	0	1	8105	1	0	8000	other	0
00	628	Picture	t3;6;1	t3;6;1			6890070	0	1	8105	1	0	8000	other	0
00	629	Picture	pause	pause			6900176	0	1	10106	1	0	next	other	0
00	630	Picture	t22;8;2	t22;8;2			6910282	0	1	8105	1	0	8000	other	0
00	631	Picture	t4;8;2	t4;8;2			6920389	0	1	8105	1	0	8000	other	0
00	632	Picture	t3;8;2	t3;8;2			6930495	0	1	8105	1	0	8000	other	0
00	633	Picture	pause	pause			6940602	0	1	10106	1	0	next	other	0
00	634	Picture	question	question			6950708	0	1	5904	1	0	next	other	0
00	634	Response	2				6956519	5811	0
00	635	Picture	t14;2;2	t14;2;2			6956612	0	1	8105	1	0	8000	other	0
00	636	Picture	t10;2;2	t10;2;2			6966718	0	1	8105	1	0	8000	other	0
00	637	Picture	t7;2;2	t7;2;2			6976825	0	1	8105	1	0	8000	other	0
00	638	Picture	pause	pause			6986931	0	1	10106	1	0	next	other	0
00	639	Picture	t24;3;1	t24;3;1			6997038	0	1	8105	1	0	8000	other	0
00	640	Picture	t10;3;1	t10;3;1			7007144	0	1	8105	1	0	8000	other	0
00	641	Picture	t19;3;1	t19;3;1			7017250	0	1	8105	1	0	8000	other	0
00	642	Picture	pause	pause			7027357	0	1	10106	1	0	next	other	0
00	642	Response	2				7029637	2280	0
00	643	Picture	question	question			7037463	0	1	2602	1	0	next	other	0
00	643	Response	2				7040037	2574	0
00	644	Picture	t13;6;2	t13;6;2			7040065	0	1	8105	1	0	8000	other	0
00	645	Picture	t23;6;2	t23;6;2			7050171	0	1	8105	1	0	8000	other	0
00	646	Picture	t16;6;2	t16;6;2			7060278	0	1	8105	1	0	8000	other	0
00	647	Picture	pause	pause			7070384	0	1	10106	1	0	next	other	0
00	648	Picture	t13;6;1	t13;6;1			7080491	0	1	8105	1	0	8000	other	0
00	649	Picture	t12;6;1	t12;6;1			7090597	0	1	8105	2	0	8000	other	0
00	650	Picture	t3;6;1	t3;6;1			7100703	0	1	8105	1	0	8000	other	0
00	651	Picture	pause	pause			7110810	0	1	10106	1	0	next	other	0
00	652	Picture	question	question			7120916	0	1	3102	1	0	next	other	0
00	652	Response	1				7123956	3040	0
00	653	Picture	t20;4;2	t20;4;2			7124018	0	1	8105	1	0	8000	other	0
00	654	Picture	t21;4;2	t21;4;2			7134125	0	1	8105	1	0	8000	other	0
00	655	Picture	t6;4;2	t6;4;2			7144231	0	1	8105	1	0	8000	other	0
00	656	Picture	pause	pause			7154338	0	1	10106	1	0	next	other	0
00	657	Picture	t24;3;1	t24;3;1			7164444	0	1	8105	1	0	8000	other	0
00	658	Picture	t10;3;1	t10;3;1			7174550	0	1	8105	1	0	8000	other	0
00	659	Picture	t19;3;1	t19;3;1			7184657	0	1	8105	1	0	8000	other	0
00	660	Picture	pause	pause			7194763	0	1	10106	1	0	next	other	0
00	661	Picture	question	question			7204870	0	1	8605	1	0	next	other	0
00	661	Response	2				7213395	8526	0
00	662	Picture	t1;5;1	t1;5;1			7213475	0	1	8105	1	0	8000	other	0
00	663	Picture	t4;5;1	t4;5;1			7223582	0	1	8105	1	0	8000	other	0
00	664	Picture	t9;5;1	t9;5;1			7233688	0	1	8105	1	0	8000	other	0
00	665	Picture	pause	pause			7243794	0	1	10106	1	0	next	other	0
00	666	Picture	t11;7;2	t11;7;2			7253901	0	1	8105	1	0	8000	other	0
00	667	Picture	t2;7;2	t2;7;2			7264007	0	1	8105	1	0	8000	other	0
00	668	Picture	t9;7;2	t9;7;2			7274114	0	1	8105	1	0	8000	other	0
00	669	Picture	pause	pause			7284220	0	1	10106	1	0	next	other	0
00	670	Picture	question	question			7294326	0	1	4403	1	0	next	other	0
00	670	Response	1				7298674	4348	0
00	671	Picture	t5;1;1	t5;1;1			7298729	0	1	8105	1	0	8000	other	0
00	672	Picture	t21;1;1	t21;1;1			7308836	0	1	8105	1	0	8000	other	0
00	673	Picture	t18;1;1	t18;1;1			7318942	0	1	8105	1	0	8000	other	0
00	674	Picture	pause	pause			7329048	0	1	10106	1	0	next	other	0
00	675	Picture	t20;4;2	t20;4;2			7339155	0	1	8105	1	0	8000	other	0
00	676	Picture	t21;4;2	t21;4;2			7349261	0	1	8105	1	0	8000	other	0
00	677	Picture	t6;4;2	t6;4;2			7359368	0	1	8105	1	0	8000	other	0
00	678	Picture	pause	pause			7369474	0	1	10106	1	0	next	other	0
00	679	Picture	question	question			7379581	0	1	5603	1	0	next	other	0
00	679	Response	1				7385073	5492	0
00	680	Picture	t24;3;2	t24;3;2			7385184	0	1	8105	1	0	8000	other	0
00	681	Picture	t15;3;2	t15;3;2			7395291	0	1	8105	1	0	8000	other	0
00	682	Picture	t18;3;2	t18;3;2			7405397	0	1	8105	1	0	8000	other	0
00	683	Picture	pause	pause			7415503	0	1	10106	1	0	next	other	0
00	684	Picture	t5;1;1	t5;1;1			7425610	0	1	8105	1	0	8000	other	0
00	685	Picture	t21;1;1	t21;1;1			7435716	0	1	8105	1	0	8000	other	0
00	686	Picture	t18;1;1	t18;1;1			7445823	0	1	8105	1	0	8000	other	0
00	687	Picture	pause	pause			7455929	0	1	10106	1	0	next	other	0
00	688	Picture	question	question			7466035	0	1	15610	1	0	next	other	0
00	688	Response	1				7481552	15517	0
00	689	Picture	t24;3;2	t24;3;2			7481645	0	1	8105	1	0	8000	other	0
00	690	Picture	t15;3;2	t15;3;2			7491752	0	1	8105	1	0	8000	other	0
00	691	Picture	t18;3;2	t18;3;2			7501858	0	1	8105	1	0	8000	other	0
00	692	Picture	pause	pause			7511965	0	1	10106	1	0	next	other	0
00	693	Picture	t14;2;1	t14;2;1			7522071	0	1	8105	1	0	8000	other	0
00	694	Picture	t8;2;1	t8;2;1			7532177	0	1	8105	1	0	8000	other	0
00	695	Picture	t6;2;1	t6;2;1			7542284	0	1	8105	1	0	8000	other	0
00	696	Picture	pause	pause			7552390	0	1	10106	1	0	next	other	0
00	696	Response	2				7561231	8841	0
00	697	Picture	question	question			7562497	0	1	482106	1	0	next	other	0
00	697	Response	1				8044505	482009	0
00	698	Picture	t22;8;2	t22;8;2			8044603	0	1	8105	1	0	8000	other	0
00	699	Picture	t4;8;2	t4;8;2			8054709	0	1	8105	1	0	8000	other	0
00	700	Picture	t3;8;2	t3;8;2			8064816	0	1	8105	1	0	8000	other	0
00	701	Picture	pause	pause			8074922	0	1	10106	1	0	next	other	0
00	702	Picture	t1;5;1	t1;5;1			8085029	0	1	8105	1	0	8000	other	0
00	703	Picture	t4;5;1	t4;5;1			8095135	0	1	8105	1	0	8000	other	0
00	704	Picture	t9;5;1	t9;5;1			8105241	0	1	8105	1	0	8000	other	0
00	705	Picture	pause	pause			8115348	0	1	10106	1	0	next	other	0
00	705	Response	1				8123544	8197	0
00	706	Picture	question	question			8125454	0	1	696943	1	0	next	other	0
00	706	Response	1				8822336	696882	0
00	707	Picture	t13;6;2	t13;6;2			8822397	0	1	8105	1	0	8000	other	0
00	708	Picture	t23;6;2	t23;6;2			8832503	0	1	8105	1	0	8000	other	0
00	709	Picture	t16;6;2	t16;6;2			8842610	0	1	8105	1	0	8000	other	0
00	710	Picture	pause	pause			8852716	0	1	10106	1	0	next	other	0
00	711	Picture	t1;5;1	t1;5;1			8862822	0	1	8105	1	0	8000	other	0
00	712	Picture	t4;5;1	t4;5;1			8872929	0	1	8105	1	0	8000	other	0
00	713	Picture	t9;5;1	t9;5;1			8883035	0	1	8105	1	0	8000	other	0
00	714	Picture	pause	pause			8893142	0	1	10106	1	0	next	other	0
00	715	Picture	question	question			8903248	0	1	15610	1	0	next	other	0
00	715	Response	1				8918735	15486	0
00	716	Picture	t14;2;1	t14;2;1			8918858	0	1	8105	1	0	8000	other	0
00	717	Picture	t8;2;1	t8;2;1			8928965	0	1	8105	1	0	8000	other	0
00	718	Picture	t6;2;1	t6;2;1			8939071	0	1	8105	1	0	8000	other	0
00	719	Picture	pause	pause			8949177	0	1	10106	1	0	next	other	0
00	720	Picture	t20;4;2	t20;4;2			8959284	0	1	8105	1	0	8000	other	0
00	721	Picture	t21;4;2	t21;4;2			8969390	0	1	8105	1	0	8000	other	0
00	722	Picture	t6;4;2	t6;4;2			8979497	0	1	8105	1	0	8000	other	0
00	722	Response	2				8988653	9157	0
00	723	Picture	pause	pause			8989603	0	1	10106	1	0	next	other	0
00	724	Picture	question	question			8999709	0	1	3402	1	0	next	other	0
00	724	Response	2				9003053	3344	0
00	725	Picture	t11;7;1	t11;7;1			9003112	0	1	8105	1	0	8000	other	0
00	726	Picture	t23;7;1	t23;7;1			9013218	0	1	8105	1	0	8000	other	0
00	727	Picture	t17;7;1	t17;7;1			9023324	0	1	8105	1	0	8000	other	0
00	728	Picture	pause	pause			9033431	0	1	10106	1	0	next	other	0
00	729	Picture	t11;7;2	t11;7;2			9043537	0	1	8105	1	0	8000	other	0
00	730	Picture	t2;7;2	t2;7;2			9053644	0	1	8105	1	0	8000	other	0
00	731	Picture	t9;7;2	t9;7;2			9063750	0	1	8105	1	0	8000	other	0
00	732	Picture	pause	pause			9073856	0	1	10106	1	0	next	other	0
00	733	Picture	question	question			9083963	0	1	8505	1	0	next	other	0
00	733	Response	1				9092412	8449	0
00	734	Picture	t5;1;2	t5;1;2			9092468	0	1	8105	1	0	8000	other	0
00	735	Picture	t8;1;2	t8;1;2			9102575	0	1	8105	1	0	8000	other	0
00	736	Picture	t19;1;2	t19;1;2			9112681	0	1	8105	1	0	8000	other	0
00	737	Picture	pause	pause			9122788	0	1	10106	1	0	next	other	0
00	738	Picture	t5;1;1	t5;1;1			9132894	0	1	8105	1	0	8000	other	0
00	739	Picture	t21;1;1	t21;1;1			9143000	0	1	8105	1	0	8000	other	0
00	740	Picture	t18;1;1	t18;1;1			9153107	0	1	8105	1	0	8000	other	0
00	741	Picture	pause	pause			9163213	0	1	10106	1	0	next	other	0
00	742	Picture	question	question			9173320	0	1	5003	1	0	next	other	0
00	742	Response	2				9178251	4932	0
00	743	Picture	t11;7;1	t11;7;1			9178323	0	1	8105	1	0	8000	other	0
00	744	Picture	t23;7;1	t23;7;1			9188429	0	1	8105	1	0	8000	other	0
00	745	Picture	t17;7;1	t17;7;1			9198536	0	1	8105	1	0	8000	other	0
00	746	Picture	pause	pause			9208642	0	1	10106	1	0	next	other	0
00	747	Picture	t13;6;2	t13;6;2			9218749	0	1	8105	1	0	8000	other	0
00	748	Picture	t23;6;2	t23;6;2			9228855	0	1	8105	1	0	8000	other	0
00	749	Picture	t16;6;2	t16;6;2			9238961	0	1	8105	1	0	8000	other	0
00	750	Picture	pause	pause			9249068	0	1	10106	1	0	next	other	0
00	751	Picture	question	question			9259174	0	1	47430	1	0	next	other	0
00	751	Response	1				9306489	47315	0
00	752	Picture	t24;3;2	t24;3;2			9306604	0	1	8105	1	0	8000	other	0
00	753	Picture	t15;3;2	t15;3;2			9316711	0	1	8105	1	0	8000	other	0
00	754	Picture	t18;3;2	t18;3;2			9326817	0	1	8105	1	0	8000	other	0
00	755	Picture	pause	pause			9336924	0	1	10106	1	0	next	other	0
00	756	Picture	t20;4;1	t20;4;1			9347030	0	1	8105	1	0	8000	other	0
00	757	Picture	t15;4;1	t15;4;1			9357136	0	1	8105	1	0	8000	other	0
00	758	Picture	t7;4;1	t7;4;1			9367243	0	1	8105	1	0	8000	other	0
00	759	Picture	pause	pause			9377349	0	1	10106	1	0	next	other	0
00	760	Picture	question	question			9387456	0	1	9506	1	0	next	other	0
00	760	Response	2				9396888	9433	0
00	761	Picture	t13;6;2	t13;6;2			9396962	0	1	8105	1	0	8000	other	0
00	762	Picture	t23;6;2	t23;6;2			9407068	0	1	8105	1	0	8000	other	0
00	763	Picture	t16;6;2	t16;6;2			9417175	0	1	8105	1	0	8000	other	0
00	764	Picture	pause	pause			9427281	0	1	10106	1	0	next	other	0
00	765	Picture	t22;8;1	t22;8;1			9437387	0	1	8105	1	0	8000	other	0
00	766	Picture	t2;8;1	t2;8;1			9447494	0	1	8105	1	0	8000	other	0
00	767	Picture	t16;8;1	t16;8;1			9457600	0	1	8105	1	0	8000	other	0
00	768	Picture	pause	pause			9467707	0	1	10106	1	0	next	other	0
00	769	Picture	question	question			9477813	0	1	26016	1	0	next	other	0
00	769	Response	1				9503767	25954	0
00	770	Picture	t1;5;2	t1;5;2			9503829	0	1	8105	1	0	8000	other	0
00	771	Picture	t12;5;2	t12;5;2			9513936	0	1	8105	1	0	8000	other	0
00	772	Picture	t17;5;2	t17;5;2			9524042	0	1	8105	1	0	8000	other	0
00	773	Picture	pause	pause			9534149	0	1	10106	1	0	next	other	0
00	774	Picture	t11;7;1	t11;7;1			9544255	0	1	8105	1	0	8000	other	0
00	775	Picture	t23;7;1	t23;7;1			9554362	0	1	8105	1	0	8000	other	0
00	776	Picture	t17;7;1	t17;7;1			9564468	0	1	8105	1	0	8000	other	0
00	777	Picture	pause	pause			9574574	0	1	10106	1	0	next	other	0
00	778	Picture	question	question			9584681	0	1	5303	1	0	next	other	0
00	778	Response	1				9589926	5245	0
00	779	Picture	t1;5;1	t1;5;1			9589984	0	1	8105	1	0	8000	other	0
00	780	Picture	t4;5;1	t4;5;1			9600091	0	1	8105	1	0	8000	other	0
00	781	Picture	t9;5;1	t9;5;1			9610197	0	1	8105	1	0	8000	other	0
00	782	Picture	pause	pause			9620304	0	1	10106	1	0	next	other	0
00	783	Picture	t1;5;2	t1;5;2			9630410	0	1	8105	1	0	8000	other	0
00	784	Picture	t12;5;2	t12;5;2			9640516	0	1	8105	1	0	8000	other	0
00	785	Picture	t17;5;2	t17;5;2			9650623	0	1	8105	1	0	8000	other	0
00	786	Picture	pause	pause			9660729	0	1	10106	1	0	next	other	0
00	787	Picture	question	question			9670836	0	1	8005	1	0	next	other	0
00	787	Response	1				9678725	7889	0
00	788	Picture	t20;4;1	t20;4;1			9678841	0	1	8105	1	0	8000	other	0
00	789	Picture	t15;4;1	t15;4;1			9688947	0	1	8105	1	0	8000	other	0
00	790	Picture	t7;4;1	t7;4;1			9699054	0	1	8105	1	0	8000	other	0
00	791	Picture	pause	pause			9709160	0	1	10106	1	0	next	other	0
00	792	Picture	t14;2;2	t14;2;2			9719266	0	1	8105	1	0	8000	other	0
00	792	Response	2				9727364	8098	0
00	793	Picture	t10;2;2	t10;2;2			9729373	0	1	8105	1	0	8000	other	0
00	794	Picture	t7;2;2	t7;2;2			9739479	0	1	8105	1	0	8000	other	0
00	795	Picture	pause	pause			9749586	0	1	10106	1	0	next	other	0
00	796	Picture	question	question			9759692	0	1	1901	1	0	next	other	0
00	796	Response	1				9761524	1832	0
00	797	Picture	t22;8;1	t22;8;1			9761593	0	1	8105	1	0	8000	other	0
00	798	Picture	t2;8;1	t2;8;1			9771700	0	1	8105	1	0	8000	other	0
00	799	Picture	t16;8;1	t16;8;1			9781806	0	1	8105	1	0	8000	other	0
00	800	Picture	pause	pause			9791913	0	1	10106	1	0	next	other	0
00	801	Picture	t22;8;2	t22;8;2			9802019	0	1	8105	1	0	8000	other	0
00	802	Picture	t4;8;2	t4;8;2			9812125	0	1	8105	1	0	8000	other	0
00	803	Picture	t3;8;2	t3;8;2			9822232	0	1	8105	1	0	8000	other	0
00	804	Picture	pause	pause			9832338	0	1	10106	1	0	next	other	0
00	805	Picture	question	question			9842445	0	1	5904	1	0	next	other	0
00	805	Response	1				9848243	5798	0
00	806	Picture	t20;4;2	t20;4;2			9848348	0	1	8105	1	0	8000	other	0
00	807	Picture	t21;4;2	t21;4;2			9858455	0	1	8105	1	0	8000	other	0
00	808	Picture	t6;4;2	t6;4;2			9868561	0	1	8105	1	0	8000	other	0
00	809	Picture	pause	pause			9878668	0	1	10106	1	0	next	other	0
00	810	Picture	t20;4;1	t20;4;1			9888774	0	1	8105	1	0	8000	other	0
00	811	Picture	t15;4;1	t15;4;1			9898880	0	1	8105	1	0	8000	other	0
00	812	Picture	t7;4;1	t7;4;1			9908987	0	1	8105	1	0	8000	other	0
00	813	Picture	pause	pause			9919093	0	1	10106	1	0	next	other	0
00	814	Picture	question	question			9929200	0	1	17311	1	0	next	other	0
00	814	Response	1				9946482	17282	0
00	815	Picture	t22;8;1	t22;8;1			9946511	0	1	8105	1	0	8000	other	0
00	816	Picture	t2;8;1	t2;8;1			9956617	0	1	8105	1	0	8000	other	0
00	817	Picture	t16;8;1	t16;8;1			9966724	0	1	8105	1	0	8000	other	0
00	818	Picture	pause	pause			9976830	0	1	10106	1	0	next	other	0
00	819	Picture	t1;5;2	t1;5;2			9986936	0	1	8105	1	0	8000	other	0
00	820	Picture	t12;5;2	t12;5;2			9997043	0	1	8105	1	0	8000	other	0
00	821	Picture	t17;5;2	t17;5;2			10007149	0	1	8105	1	0	8000	other	0
00	822	Picture	pause	pause			10017256	0	1	10106	1	0	next	other	0
00	823	Picture	question	question			10027362	0	1	7505	1	0	next	other	0
00	823	Response	1				10034800	7438	0
00	824	Picture	t5;1;2	t5;1;2			10034867	0	1	8105	1	0	8000	other	0
00	825	Picture	t8;1;2	t8;1;2			10044973	0	1	8105	1	0	8000	other	0
00	826	Picture	t19;1;2	t19;1;2			10055080	0	1	8105	1	0	8000	other	0
00	827	Picture	pause	pause			10065186	0	1	10106	1	0	next	other	0
00	828	Picture	t24;3;1	t24;3;1			10075292	0	1	8105	1	0	8000	other	0
00	829	Picture	t10;3;1	t10;3;1			10085399	0	1	8105	1	0	8000	other	0
00	830	Picture	t19;3;1	t19;3;1			10095505	0	1	8105	1	0	8000	other	0
00	831	Picture	pause	pause			10105612	0	1	10107	1	0	next	other	0
00	832	Picture	question	question			10115718	0	1	19512	1	0	next	other	0
00	832	Response	1				10135199	19481	0
00	833	Picture	t11;7;1	t11;7;1			10135231	0	1	8105	1	0	8000	other	0
00	834	Picture	t23;7;1	t23;7;1			10145337	0	1	8105	1	0	8000	other	0
00	835	Picture	t17;7;1	t17;7;1			10155443	0	1	8105	1	0	8000	other	0
00	836	Picture	pause	pause			10165550	0	1	10106	1	0	next	other	0
00	837	Picture	t22;8;2	t22;8;2			10175656	0	1	8105	1	0	8000	other	0
00	838	Picture	t4;8;2	t4;8;2			10185763	0	1	8105	1	0	8000	other	0
00	839	Picture	t3;8;2	t3;8;2			10195869	0	1	8105	1	0	8000	other	0
00	840	Picture	pause	pause			10205975	0	1	10106	1	0	next	other	0
00	841	Picture	question	question			10216082	0	1	86755	1	0	next	other	0
00	841	Response	1				10302717	86635	0
00	842	Picture	t24;3;2	t24;3;2			10302837	0	1	8105	1	0	8000	other	0
00	843	Picture	t15;3;2	t15;3;2			10312943	0	1	8105	1	0	8000	other	0
00	844	Picture	t18;3;2	t18;3;2			10323050	0	1	8105	1	0	8000	other	0
00	845	Picture	pause	pause			10333156	0	1	10106	1	0	next	other	0
00	846	Picture	t24;3;1	t24;3;1			10343263	0	1	8105	1	0	8000	other	0
00	847	Picture	t10;3;1	t10;3;1			10353369	0	1	8105	1	0	8000	other	0
00	847	Response	2				10360316	6947	0
00	848	Picture	t19;3;1	t19;3;1			10363475	0	1	8105	1	0	8000	other	0
00	849	Picture	pause	pause			10373582	0	1	10106	1	0	next	other	0
00	850	Picture	question	question			10383688	0	1	21213	1	0	next	other	0
00	850	Response	2				10404796	21108	0
00	851	Picture	t5;1;1	t5;1;1			10404902	0	1	8105	1	0	8000	other	0
00	852	Picture	t21;1;1	t21;1;1			10415008	0	1	8105	1	0	8000	other	0
00	853	Picture	t18;1;1	t18;1;1			10425115	0	1	8105	1	0	8000	other	0
00	853	Response	1				10427756	2641	0
00	854	Picture	pause	pause			10435221	0	1	10106	1	0	next	other	0
00	854	Response	2				10442156	6935	0
00	855	Picture	t14;2;2	t14;2;2			10445327	0	1	8105	1	0	8000	other	0
00	856	Picture	t10;2;2	t10;2;2			10455434	0	1	8105	1	0	8000	other	0
00	857	Picture	t7;2;2	t7;2;2			10465540	0	1	8105	1	0	8000	other	0
00	858	Picture	pause	pause			10475647	0	1	10106	1	0	next	other	0
00	859	Picture	question	question			10485753	0	1	8105	1	0	next	other	0
00	859	Response	2				10493835	8081	0
00	860	Picture	t5;1;2	t5;1;2			10493858	0	1	8105	1	0	8000	other	0
00	861	Picture	t8;1;2	t8;1;2			10503965	0	1	8105	1	0	8000	other	0
00	862	Picture	t19;1;2	t19;1;2			10514071	0	1	8105	1	0	8000	other	0
00	862	Response	1				10520474	6403	0
00	863	Picture	pause	pause			10524178	0	1	10106	1	0	next	other	0
00	864	Picture	t14;2;1	t14;2;1			10534284	0	1	8105	1	0	8000	other	0
00	865	Picture	t8;2;1	t8;2;1			10544390	0	1	8105	1	0	8000	other	0
00	866	Picture	t6;2;1	t6;2;1			10554497	0	1	8105	1	0	8000	other	0
00	866	Response	1				10562874	8377	0
00	867	Picture	pause	pause			10564603	0	1	10106	1	0	next	other	0
00	868	Picture	question	question			10574710	0	1	12508	1	0	next	other	0
00	868	Response	2				10587113	12404	0
00	869	Response	3				10631353	44135	0
