Scenario - VSL_triggers_2023.sce
Logfile written - 02/23/2023 15:07:35

Subject,Trial,Event Type,Code,block(str),triplet(str),p_code(num),object(str),Time,TTime,Uncertainty,Duration,Uncertainty,ReqTime,ReqDur,Stim Type,Pair Index

002,1,Picture,inst1,inst1,,,,10166,0,1,30485,2,0,next,other,0
002,1,Response,4,,,,,40577,30411,3
002,2,Picture,8;5,8;5,,,,40652,0,2,8079,2,0,8000,other,0
002,3,Picture,20;5,20;5,,,,50730,0,3,8079,3,0,8000,other,0
002,4,Picture,21;5,21;5,,,,60809,0,4,8080,4,0,8000,other,0
002,5,Picture,19;4,19;4,,,,70887,0,3,8080,3,0,8000,other,0
002,6,Picture,1;4,1;4,,,,80966,0,3,8079,3,0,8000,other,0
002,7,Picture,9;4,9;4,,,,91044,0,3,8079,3,0,8000,other,0
002,8,Picture,14;1,14;1,,,,101123,0,4,8079,4,0,8000,other,0
002,9,Picture,4;1,4;1,,,,111201,0,3,8080,3,0,8000,other,0
002,10,Picture,13;1,13;1,,,,121280,0,3,8079,3,0,8000,other,0
002,11,Picture,2;7,2;7,,,,131358,0,3,8079,3,0,8000,other,0
002,12,Picture,5;7,5;7,,,,141437,0,4,8079,4,0,8000,other,0
002,13,Picture,24;7,24;7,,,,151515,0,3,8079,3,0,8000,other,0
002,14,Picture,22;3,22;3,,,,161594,0,3,8080,3,0,8000,other,0
002,15,Picture,18;3,18;3,,,,171672,0,3,8080,3,0,8000,other,0
002,16,Picture,10;3,10;3,,,,181751,0,3,8079,3,0,8000,other,0
002,17,Picture,12;6,12;6,,,,191830,0,3,8079,3,0,8000,other,0
002,18,Picture,7;6,7;6,,,,201908,0,3,8079,3,0,8000,other,0
002,19,Picture,23;6,23;6,,,,211987,0,2,8079,2,0,8000,other,0
002,20,Picture,6;8,6;8,,,,222065,0,3,8079,3,0,8000,other,0
002,21,Picture,15;8,15;8,,,,232144,0,3,8079,3,0,8000,other,0
002,22,Picture,16;8,16;8,,,,242222,0,3,8079,3,0,8000,other,0
002,23,Picture,3;2,3;2,,,,252301,0,3,8079,3,0,8000,other,0
002,24,Picture,17;2,17;2,,,,262379,0,3,8079,3,0,8000,other,0
002,25,Picture,11;2,11;2,,,,272458,0,3,8079,3,0,8000,other,0
002,26,Picture,19;4,19;4,,,,282536,0,3,8079,3,0,8000,other,0
002,27,Picture,1;4,1;4,,,,292615,0,3,8079,3,0,8000,other,0
002,28,Picture,9;4,9;4,,,,302693,0,5,8079,5,0,8000,other,0
002,29,Picture,12;6,12;6,,,,312772,0,5,8080,5,0,8000,other,0
002,30,Picture,7;6,7;6,,,,322850,0,3,8079,3,0,8000,other,0
002,31,Picture,23;6,23;6,,,,332929,0,3,8079,3,0,8000,other,0
002,32,Picture,14;1,14;1,,,,343007,0,3,8079,3,0,8000,other,0
002,33,Picture,4;1,4;1,,,,353086,0,4,8079,4,0,8000,other,0
002,34,Picture,13;1,13;1,,,,363164,0,3,8079,3,0,8000,other,0
002,35,Picture,22;3,22;3,,,,373243,0,3,8079,3,0,8000,other,0
002,36,Picture,18;3,18;3,,,,383321,0,3,8079,3,0,8000,other,0
002,37,Picture,10;3,10;3,,,,393400,0,3,8079,3,0,8000,other,0
002,38,Picture,2;7,2;7,,,,403479,0,3,8079,3,0,8000,other,0
002,39,Picture,5;7,5;7,,,,413557,0,3,8079,3,0,8000,other,0
002,40,Picture,24;7,24;7,,,,423636,0,3,8079,3,0,8000,other,0
002,41,Picture,3;2,3;2,,,,433714,0,4,8079,4,0,8000,other,0
002,42,Picture,17;2,17;2,,,,443793,0,5,8079,5,0,8000,other,0
002,43,Picture,11;2,11;2,,,,453871,0,3,8080,3,0,8000,other,0
002,44,Picture,6;8,6;8,,,,463950,0,5,8079,5,0,8000,other,0
002,45,Picture,15;8,15;8,,,,474028,0,3,8079,3,0,8000,other,0
002,46,Picture,16;8,16;8,,,,484107,0,4,8079,4,0,8000,other,0
002,47,Picture,8;5,8;5,,,,494185,0,3,8079,3,0,8000,other,0
002,48,Picture,20;5,20;5,,,,504264,0,3,8079,3,0,8000,other,0
002,49,Picture,21;5,21;5,,,,514342,0,3,8079,3,0,8000,other,0
002,50,Picture,19;4,19;4,,,,524421,0,4,8080,4,0,8000,other,0
002,51,Picture,1;4,1;4,,,,534499,0,3,8079,3,0,8000,other,0
002,52,Picture,9;4,9;4,,,,544578,0,3,8079,3,0,8000,other,0
002,53,Picture,6;8,6;8,,,,554656,0,3,8079,3,0,8000,other,0
002,54,Picture,15;8,15;8,,,,564735,0,3,8079,3,0,8000,other,0
002,55,Picture,16;8,16;8,,,,574813,0,3,8079,3,0,8000,other,0
002,56,Picture,12;6,12;6,,,,584892,0,3,8079,3,0,8000,other,0
002,57,Picture,7;6,7;6,,,,594970,0,3,8079,3,0,8000,other,0
002,58,Picture,23;6,23;6,,,,605049,0,3,8079,3,0,8000,other,0
002,59,Picture,8;5,8;5,,,,615128,0,4,8079,4,0,8000,other,0
002,60,Picture,20;5,20;5,,,,625206,0,3,8079,3,0,8000,other,0
002,61,Picture,21;5,21;5,,,,635285,0,3,8079,3,0,8000,other,0
002,62,Picture,3;2,3;2,,,,645363,0,3,8079,3,0,8000,other,0
002,63,Picture,17;2,17;2,,,,655442,0,3,8079,3,0,8000,other,0
002,64,Picture,11;2,11;2,,,,665520,0,3,8079,3,0,8000,other,0
002,65,Picture,14;1,14;1,,,,675599,0,3,8079,3,0,8000,other,0
002,66,Picture,4;1,4;1,,,,685677,0,3,8079,3,0,8000,other,0
002,67,Picture,13;1,13;1,,,,695756,0,3,8079,3,0,8000,other,0
002,68,Picture,22;3,22;3,,,,705834,0,3,8079,3,0,8000,other,0
002,69,Picture,18;3,18;3,,,,715913,0,3,8079,3,0,8000,other,0
002,70,Picture,10;3,10;3,,,,725991,0,3,8079,3,0,8000,other,0
002,71,Picture,2;7,2;7,,,,736070,0,4,8079,4,0,8000,other,0
002,72,Picture,5;7,5;7,,,,746148,0,3,8079,3,0,8000,other,0
002,73,Picture,24;7,24;7,,,,756227,0,3,8079,3,0,8000,other,0
002,74,Picture,22;3,22;3,,,,766305,0,3,8079,3,0,8000,other,0
002,75,Picture,18;3,18;3,,,,776384,0,3,8079,3,0,8000,other,0
002,76,Picture,10;3,10;3,,,,786462,0,3,8079,3,0,8000,other,0
002,77,Picture,19;4,19;4,,,,796541,0,3,8079,3,0,8000,other,0
002,78,Picture,1;4,1;4,,,,806619,0,3,8079,3,0,8000,other,0
002,79,Picture,9;4,9;4,,,,816698,0,3,8079,3,0,8000,other,0
002,80,Picture,14;1,14;1,,,,826776,0,4,8079,4,0,8000,other,0
002,81,Picture,4;1,4;1,,,,836855,0,3,8079,3,0,8000,other,0
002,82,Picture,13;1,13;1,,,,846934,0,3,8079,3,0,8000,other,0
002,83,Picture,2;7,2;7,,,,857012,0,3,8079,3,0,8000,other,0
002,84,Picture,5;7,5;7,,,,867091,0,3,8079,4,0,8000,other,0
002,85,Picture,24;7,24;7,,,,877169,0,3,8079,3,0,8000,other,0
002,86,Picture,12;6,12;6,,,,887248,0,3,8079,3,0,8000,other,0
002,87,Picture,7;6,7;6,,,,897326,0,2,8079,2,0,8000,other,0
002,88,Picture,23;6,23;6,,,,907405,0,4,8079,4,0,8000,other,0
002,89,Picture,6;8,6;8,,,,917483,0,3,8079,3,0,8000,other,0
002,90,Picture,15;8,15;8,,,,927562,0,3,8079,3,0,8000,other,0
002,91,Picture,16;8,16;8,,,,937640,0,3,8079,3,0,8000,other,0
002,92,Picture,8;5,8;5,,,,947719,0,2,8079,2,0,8000,other,0
002,93,Picture,20;5,20;5,,,,957797,0,3,8079,3,0,8000,other,0
002,94,Picture,21;5,21;5,,,,967876,0,3,8079,3,0,8000,other,0
002,95,Picture,3;2,3;2,,,,977954,0,3,8080,3,0,8000,other,0
002,96,Picture,17;2,17;2,,,,988033,0,3,8079,3,0,8000,other,0
002,97,Picture,11;2,11;2,,,,998111,0,3,8079,3,0,8000,other,0
002,98,Picture,6;8,6;8,,,,1008190,0,4,8080,4,0,8000,other,0
002,99,Picture,15;8,15;8,,,,1018268,0,3,8079,3,0,8000,other,0
002,100,Picture,16;8,16;8,,,,1028347,0,5,8079,5,0,8000,other,0
002,101,Picture,22;3,22;3,,,,1038425,0,5,8079,5,0,8000,other,0
002,102,Picture,18;3,18;3,,,,1048504,0,3,8079,3,0,8000,other,0
002,103,Picture,10;3,10;3,,,,1058583,0,3,8079,3,0,8000,other,0
002,104,Picture,14;1,14;1,,,,1068661,0,2,8079,2,0,8000,other,0
002,105,Picture,4;1,4;1,,,,1078740,0,3,8079,3,0,8000,other,0
002,106,Picture,13;1,13;1,,,,1088818,0,3,8079,3,0,8000,other,0
002,107,Picture,3;2,3;2,,,,1098897,0,3,8079,3,0,8000,other,0
002,108,Picture,17;2,17;2,,,,1108975,0,2,8079,2,0,8000,other,0
002,109,Picture,11;2,11;2,,,,1119054,0,4,8079,4,0,8000,other,0
002,110,Picture,8;5,8;5,,,,1129132,0,3,8079,3,0,8000,other,0
002,111,Picture,20;5,20;5,,,,1139211,0,3,8079,3,0,8000,other,0
002,112,Picture,21;5,21;5,,,,1149289,0,3,8079,3,0,8000,other,0
002,113,Picture,19;4,19;4,,,,1159368,0,3,8079,3,0,8000,other,0
002,114,Picture,1;4,1;4,,,,1169446,0,3,8079,3,0,8000,other,0
002,115,Picture,9;4,9;4,,,,1179525,0,2,8079,2,0,8000,other,0
002,116,Picture,2;7,2;7,,,,1189603,0,3,8079,3,0,8000,other,0
002,117,Picture,5;7,5;7,,,,1199682,0,3,8079,3,0,8000,other,0
002,118,Picture,24;7,24;7,,,,1209760,0,4,8079,4,0,8000,other,0
002,119,Picture,12;6,12;6,,,,1219839,0,3,8079,3,0,8000,other,0
002,120,Picture,7;6,7;6,,,,1229917,0,3,8080,3,0,8000,other,0
002,121,Picture,23;6,23;6,,,,1239996,0,3,8079,3,0,8000,other,0
002,122,Picture,6;8,6;8,,,,1250074,0,4,8079,4,0,8000,other,0
002,123,Picture,15;8,15;8,,,,1260153,0,3,8080,3,0,8000,other,0
002,124,Picture,16;8,16;8,,,,1270232,0,3,8080,3,0,8000,other,0
002,125,Picture,8;5,8;5,,,,1280310,0,3,8079,3,0,8000,other,0
002,126,Picture,20;5,20;5,,,,1290389,0,4,8079,4,0,8000,other,0
002,127,Picture,21;5,21;5,,,,1300467,0,3,8079,3,0,8000,other,0
002,128,Picture,2;7,2;7,,,,1310546,0,3,8079,3,0,8000,other,0
002,129,Picture,5;7,5;7,,,,1320624,0,3,8079,3,0,8000,other,0
002,130,Picture,24;7,24;7,,,,1330703,0,4,8079,4,0,8000,other,0
002,131,Picture,22;3,22;3,,,,1340781,0,5,8079,5,0,8000,other,0
002,132,Picture,18;3,18;3,,,,1350860,0,3,8079,3,0,8000,other,0
002,133,Picture,10;3,10;3,,,,1360938,0,4,8079,4,0,8000,other,0
002,134,Picture,19;4,19;4,,,,1371017,0,3,8079,3,0,8000,other,0
002,135,Picture,1;4,1;4,,,,1381095,0,3,8079,3,0,8000,other,0
002,136,Picture,9;4,9;4,,,,1391174,0,3,8079,3,0,8000,other,0
002,137,Picture,3;2,3;2,,,,1401252,0,4,8079,4,0,8000,other,0
002,138,Picture,17;2,17;2,,,,1411331,0,3,8079,3,0,8000,other,0
002,139,Picture,11;2,11;2,,,,1421409,0,3,8080,3,0,8000,other,0
002,140,Picture,12;6,12;6,,,,1431488,0,4,8079,4,0,8000,other,0
002,141,Picture,7;6,7;6,,,,1441566,0,3,8079,3,0,8000,other,0
002,142,Picture,23;6,23;6,,,,1451645,0,3,8079,3,0,8000,other,0
002,143,Picture,14;1,14;1,,,,1461723,0,3,8079,3,0,8000,other,0
002,144,Picture,4;1,4;1,,,,1471802,0,4,8079,4,0,8000,other,0
002,145,Picture,13;1,13;1,,,,1481881,0,3,8079,3,0,8000,other,0
002,146,Picture,8;5,8;5,,,,1491959,0,3,8079,3,0,8000,other,0
002,147,Picture,20;5,20;5,,,,1502038,0,3,8079,3,0,8000,other,0
002,148,Picture,21;5,21;5,,,,1512116,0,3,8080,3,0,8000,other,0
002,149,Picture,22;3,22;3,,,,1522195,0,5,8079,5,0,8000,other,0
002,150,Picture,18;3,18;3,,,,1532273,0,3,8080,3,0,8000,other,0
002,151,Picture,10;3,10;3,,,,1542352,0,3,8080,3,0,8000,other,0
002,152,Picture,2;7,2;7,,,,1552430,0,4,8079,4,0,8000,other,0
002,153,Picture,5;7,5;7,,,,1562509,0,4,8079,4,0,8000,other,0
002,154,Picture,24;7,24;7,,,,1572587,0,3,8079,3,0,8000,other,0
002,155,Picture,14;1,14;1,,,,1582666,0,3,8079,3,0,8000,other,0
002,156,Picture,4;1,4;1,,,,1592744,0,3,8080,3,0,8000,other,0
002,157,Picture,13;1,13;1,,,,1602823,0,4,8079,4,0,8000,other,0
002,158,Picture,6;8,6;8,,,,1612901,0,3,8079,3,0,8000,other,0
002,159,Picture,15;8,15;8,,,,1622980,0,3,8079,3,0,8000,other,0
002,160,Picture,16;8,16;8,,,,1633058,0,3,8079,3,0,8000,other,0
002,161,Picture,12;6,12;6,,,,1643137,0,3,8079,3,0,8000,other,0
002,162,Picture,7;6,7;6,,,,1653215,0,3,8079,3,0,8000,other,0
002,163,Picture,23;6,23;6,,,,1663294,0,3,8079,3,0,8000,other,0
002,164,Picture,3;2,3;2,,,,1673372,0,3,8079,3,0,8000,other,0
002,165,Picture,17;2,17;2,,,,1683451,0,4,8079,4,0,8000,other,0
002,166,Picture,11;2,11;2,,,,1693530,0,3,8079,3,0,8000,other,0
002,167,Picture,19;4,19;4,,,,1703608,0,3,8080,3,0,8000,other,0
002,168,Picture,1;4,1;4,,,,1713687,0,3,8079,3,0,8000,other,0
002,169,Picture,9;4,9;4,,,,1723765,0,4,8079,4,0,8000,other,0
002,170,Picture,8;5,8;5,,,,1733844,0,3,8079,3,0,8000,other,0
002,171,Picture,20;5,20;5,,,,1743922,0,3,8079,3,0,8000,other,0
002,172,Picture,21;5,21;5,,,,1754001,0,3,8080,3,0,8000,other,0
002,173,Picture,2;7,2;7,,,,1764079,0,3,8079,3,0,8000,other,0
002,174,Picture,5;7,5;7,,,,1774158,0,4,8079,4,0,8000,other,0
002,175,Picture,24;7,24;7,,,,1784236,0,4,8079,4,0,8000,other,0
002,176,Picture,3;2,3;2,,,,1794315,0,3,8079,3,0,8000,other,0
002,177,Picture,17;2,17;2,,,,1804393,0,3,8080,3,0,8000,other,0
002,178,Picture,11;2,11;2,,,,1814472,0,4,8079,4,0,8000,other,0
002,179,Picture,19;4,19;4,,,,1824550,0,3,8080,3,0,8000,other,0
002,180,Picture,1;4,1;4,,,,1834629,0,3,8079,3,0,8000,other,0
002,181,Picture,9;4,9;4,,,,1844707,0,3,8079,3,0,8000,other,0
002,182,Picture,12;6,12;6,,,,1854786,0,4,8079,4,0,8000,other,0
002,183,Picture,7;6,7;6,,,,1864864,0,3,8079,3,0,8000,other,0
002,184,Picture,23;6,23;6,,,,1874943,0,3,8079,3,0,8000,other,0
002,185,Picture,6;8,6;8,,,,1885021,0,3,8079,3,0,8000,other,0
002,186,Picture,15;8,15;8,,,,1895100,0,4,8079,4,0,8000,other,0
002,187,Picture,16;8,16;8,,,,1905178,0,3,8079,3,0,8000,other,0
002,188,Picture,22;3,22;3,,,,1915257,0,3,8079,3,0,8000,other,0
002,189,Picture,18;3,18;3,,,,1925335,0,4,8080,4,0,8000,other,0
002,190,Picture,10;3,10;3,,,,1935414,0,3,8079,3,0,8000,other,0
002,191,Picture,14;1,14;1,,,,1945493,0,3,8080,3,0,8000,other,0
002,192,Picture,4;1,4;1,,,,1955571,0,3,8079,3,0,8000,other,0
002,193,Picture,13;1,13;1,,,,1965649,0,3,8080,3,0,8000,other,0
002,194,Picture,6;8,6;8,,,,1975728,0,3,8079,3,0,8000,other,0
002,195,Picture,15;8,15;8,,,,1985807,0,4,8079,4,0,8000,other,0
002,196,Picture,16;8,16;8,,,,1995885,0,3,8080,3,0,8000,other,0
002,197,Picture,14;1,14;1,,,,2005964,0,3,8079,3,0,8000,other,0
002,198,Picture,4;1,4;1,,,,2016042,0,3,8080,3,0,8000,other,0
002,199,Picture,13;1,13;1,,,,2026121,0,3,8080,3,0,8000,other,0
002,200,Picture,12;6,12;6,,,,2036199,0,3,8079,3,0,8000,other,0
002,201,Picture,7;6,7;6,,,,2046278,0,3,8079,3,0,8000,other,0
002,202,Picture,23;6,23;6,,,,2056356,0,3,8079,3,0,8000,other,0
002,203,Picture,3;2,3;2,,,,2066435,0,4,8080,4,0,8000,other,0
002,204,Picture,17;2,17;2,,,,2076513,0,3,8080,3,0,8000,other,0
002,205,Picture,11;2,11;2,,,,2086592,0,3,8079,3,0,8000,other,0
002,206,Picture,22;3,22;3,,,,2096670,0,5,8079,5,0,8000,other,0
002,207,Picture,18;3,18;3,,,,2106749,0,3,8079,3,0,8000,other,0
002,208,Picture,10;3,10;3,,,,2116827,0,3,8079,3,0,8000,other,0
002,209,Picture,2;7,2;7,,,,2126906,0,3,8079,3,0,8000,other,0
002,210,Picture,5;7,5;7,,,,2136985,0,3,8079,3,0,8000,other,0
002,211,Picture,24;7,24;7,,,,2147063,0,3,8080,3,0,8000,other,0
002,212,Picture,8;5,8;5,,,,2157142,0,5,8080,5,0,8000,other,0
002,213,Picture,20;5,20;5,,,,2167220,0,3,8079,3,0,8000,other,0
002,214,Picture,21;5,21;5,,,,2177299,0,3,8079,3,0,8000,other,0
002,215,Picture,19;4,19;4,,,,2187377,0,3,8079,3,0,8000,other,0
002,216,Picture,1;4,1;4,,,,2197456,0,4,8079,4,0,8000,other,0
002,217,Picture,9;4,9;4,,,,2207534,0,2,8079,2,0,8000,other,0
002,218,Picture,2;7,2;7,,,,2217613,0,2,8079,2,0,8000,other,0
002,219,Picture,5;7,5;7,,,,2227691,0,3,8079,3,0,8000,other,0
002,220,Picture,24;7,24;7,,,,2237770,0,4,8079,4,0,8000,other,0
002,221,Picture,12;6,12;6,,,,2247848,0,2,8079,2,0,8000,other,0
002,222,Picture,7;6,7;6,,,,2257927,0,3,8079,3,0,8000,other,0
002,223,Picture,23;6,23;6,,,,2268005,0,3,8079,3,0,8000,other,0
002,224,Picture,6;8,6;8,,,,2278084,0,3,8079,4,0,8000,other,0
002,225,Picture,15;8,15;8,,,,2288162,0,3,8079,3,0,8000,other,0
002,226,Picture,16;8,16;8,,,,2298241,0,3,8079,3,0,8000,other,0
002,227,Picture,3;2,3;2,,,,2308319,0,3,8079,3,0,8000,other,0
002,228,Picture,17;2,17;2,,,,2318398,0,4,8080,4,0,8000,other,0
002,229,Picture,11;2,11;2,,,,2328476,0,3,8079,3,0,8000,other,0
002,230,Picture,19;4,19;4,,,,2338555,0,2,8079,2,0,8000,other,0
002,231,Picture,1;4,1;4,,,,2348634,0,3,8079,3,0,8000,other,0
002,232,Picture,9;4,9;4,,,,2358712,0,3,8079,3,0,8000,other,0
002,233,Picture,22;3,22;3,,,,2368791,0,3,8079,3,0,8000,other,0
002,234,Picture,18;3,18;3,,,,2378869,0,3,8079,3,0,8000,other,0
002,235,Picture,10;3,10;3,,,,2388948,0,3,8079,3,0,8000,other,0
002,236,Picture,8;5,8;5,,,,2399026,0,3,8079,3,0,8000,other,0
002,237,Picture,20;5,20;5,,,,2409105,0,4,8079,4,0,8000,other,0
002,238,Picture,21;5,21;5,,,,2419183,0,3,8079,3,0,8000,other,0
002,239,Picture,14;1,14;1,,,,2429262,0,3,8079,3,0,8000,other,0
002,240,Picture,4;1,4;1,,,,2439340,0,3,8079,3,0,8000,other,0
002,241,Picture,13;1,13;1,,,,2449419,0,4,8079,4,0,8000,other,0
002,242,Picture,6;8,6;8,,,,2459497,0,4,8079,4,0,8000,other,0
002,243,Picture,15;8,15;8,,,,2469576,0,3,8079,3,0,8000,other,0
002,244,Picture,16;8,16;8,,,,2479654,0,3,8079,3,0,8000,other,0
002,245,Picture,8;5,8;5,,,,2489733,0,3,8079,3,0,8000,other,0
002,246,Picture,20;5,20;5,,,,2499811,0,4,8079,4,0,8000,other,0
002,247,Picture,21;5,21;5,,,,2509890,0,3,8079,3,0,8000,other,0
002,248,Picture,19;4,19;4,,,,2519968,0,3,8079,3,0,8000,other,0
002,249,Picture,1;4,1;4,,,,2530047,0,2,8079,2,0,8000,other,0
002,250,Picture,9;4,9;4,,,,2540125,0,4,8080,4,0,8000,other,0
002,251,Picture,3;2,3;2,,,,2550204,0,2,8079,3,0,8000,other,0
002,252,Picture,17;2,17;2,,,,2560283,0,2,8079,2,0,8000,other,0
002,253,Picture,11;2,11;2,,,,2570361,0,3,8079,3,0,8000,other,0
002,254,Picture,14;1,14;1,,,,2580440,0,3,8079,3,0,8000,other,0
002,255,Picture,4;1,4;1,,,,2590518,0,4,8079,4,0,8000,other,0
002,256,Picture,13;1,13;1,,,,2600597,0,3,8079,3,0,8000,other,0
002,257,Picture,12;6,12;6,,,,2610675,0,3,8080,3,0,8000,other,0
002,258,Picture,7;6,7;6,,,,2620754,0,4,8079,4,0,8000,other,0
002,259,Picture,23;6,23;6,,,,2630832,0,3,8079,3,0,8000,other,0
002,260,Picture,2;7,2;7,,,,2640911,0,3,8079,3,0,8000,other,0
002,261,Picture,5;7,5;7,,,,2650989,0,3,8079,3,0,8000,other,0
002,262,Picture,24;7,24;7,,,,2661068,0,3,8079,3,0,8000,other,0
002,263,Picture,22;3,22;3,,,,2671146,0,4,8079,4,0,8000,other,0
002,264,Picture,18;3,18;3,,,,2681225,0,3,8079,3,0,8000,other,0
002,265,Picture,10;3,10;3,,,,2691303,0,3,8079,3,0,8000,other,0
002,266,Picture,8;5,8;5,,,,2701382,0,3,8079,3,0,8000,other,0
002,267,Picture,20;5,20;5,,,,2711460,0,4,8079,4,0,8000,other,0
002,268,Picture,21;5,21;5,,,,2721539,0,3,8079,3,0,8000,other,0
002,269,Picture,3;2,3;2,,,,2731617,0,3,8079,3,0,8000,other,0
002,270,Picture,17;2,17;2,,,,2741696,0,3,8079,3,0,8000,other,0
002,271,Picture,11;2,11;2,,,,2751774,0,4,8079,4,0,8000,other,0
002,272,Picture,6;8,6;8,,,,2761853,0,3,8079,3,0,8000,other,0
002,273,Picture,15;8,15;8,,,,2771932,0,3,8079,3,0,8000,other,0
002,274,Picture,16;8,16;8,,,,2782010,0,3,8079,3,0,8000,other,0
002,275,Picture,12;6,12;6,,,,2792089,0,4,8080,4,0,8000,other,0
002,276,Picture,7;6,7;6,,,,2802167,0,3,8079,3,0,8000,other,0
002,277,Picture,23;6,23;6,,,,2812246,0,3,8079,3,0,8000,other,0
002,278,Picture,14;1,14;1,,,,2822324,0,2,8079,2,0,8000,other,0
002,279,Picture,4;1,4;1,,,,2832403,0,5,8079,5,0,8000,other,0
002,280,Picture,13;1,13;1,,,,2842481,0,3,8079,3,0,8000,other,0
002,281,Picture,19;4,19;4,,,,2852560,0,3,8080,3,0,8000,other,0
002,282,Picture,1;4,1;4,,,,2862638,0,3,8079,3,0,8000,other,0
002,283,Picture,9;4,9;4,,,,2872717,0,3,8079,3,0,8000,other,0
002,284,Picture,2;7,2;7,,,,2882795,0,4,8079,4,0,8000,other,0
002,285,Picture,5;7,5;7,,,,2892874,0,3,8079,3,0,8000,other,0
002,286,Picture,24;7,24;7,,,,2902952,0,3,8079,3,0,8000,other,0
002,287,Picture,22;3,22;3,,,,2913031,0,3,8079,3,0,8000,other,0
002,288,Picture,18;3,18;3,,,,2923109,0,4,8079,4,0,8000,other,0
002,289,Picture,10;3,10;3,,,,2933188,0,3,8080,3,0,8000,other,0
002,290,Picture,12;6,12;6,,,,2943266,0,3,8079,3,0,8000,other,0
002,291,Picture,7;6,7;6,,,,2953345,0,4,8079,4,0,8000,other,0
002,292,Picture,23;6,23;6,,,,2963423,0,4,8079,4,0,8000,other,0
002,293,Picture,3;2,3;2,,,,2973502,0,4,8079,4,0,8000,other,0
002,294,Picture,17;2,17;2,,,,2983581,0,3,8079,3,0,8000,other,0
002,295,Picture,11;2,11;2,,,,2993659,0,3,8079,3,0,8000,other,0
002,296,Picture,14;1,14;1,,,,3003738,0,4,8079,4,0,8000,other,0
002,297,Picture,4;1,4;1,,,,3013816,0,3,8079,3,0,8000,other,0
002,298,Picture,13;1,13;1,,,,3023895,0,3,8079,3,0,8000,other,0
002,299,Picture,6;8,6;8,,,,3033973,0,3,8079,3,0,8000,other,0
002,300,Picture,15;8,15;8,,,,3044052,0,3,8079,3,0,8000,other,0
002,301,Picture,16;8,16;8,,,,3054130,0,4,8079,4,0,8000,other,0
002,302,Picture,22;3,22;3,,,,3064209,0,3,8079,3,0,8000,other,0
002,303,Picture,18;3,18;3,,,,3074287,0,3,8079,3,0,8000,other,0
002,304,Picture,10;3,10;3,,,,3084366,0,3,8079,3,0,8000,other,0
002,305,Picture,8;5,8;5,,,,3094444,0,4,8079,4,0,8000,other,0
002,306,Picture,20;5,20;5,,,,3104523,0,3,8079,3,0,8000,other,0
002,307,Picture,21;5,21;5,,,,3114601,0,3,8079,3,0,8000,other,0
002,308,Picture,2;7,2;7,,,,3124680,0,3,8079,3,0,8000,other,0
002,309,Picture,5;7,5;7,,,,3134758,0,5,8080,5,0,8000,other,0
002,310,Picture,24;7,24;7,,,,3144837,0,3,8080,3,0,8000,other,0
002,311,Picture,19;4,19;4,,,,3154915,0,4,8079,4,0,8000,other,0
002,312,Picture,1;4,1;4,,,,3164994,0,3,8079,3,0,8000,other,0
002,313,Picture,9;4,9;4,,,,3175072,0,4,8079,4,0,8000,other,0
002,314,Picture,6;8,6;8,,,,3185151,0,3,8079,3,0,8000,other,0
002,315,Picture,15;8,15;8,,,,3195230,0,3,8079,3,0,8000,other,0
002,316,Picture,16;8,16;8,,,,3205308,0,2,8079,2,0,8000,other,0
002,317,Picture,12;6,12;6,,,,3215387,0,5,8079,5,0,8000,other,0
002,318,Picture,7;6,7;6,,,,3225465,0,3,8079,3,0,8000,other,0
002,319,Picture,23;6,23;6,,,,3235544,0,3,8079,3,0,8000,other,0
002,320,Picture,22;3,22;3,,,,3245622,0,4,8080,4,0,8000,other,0
002,321,Picture,18;3,18;3,,,,3255701,0,4,8079,4,0,8000,other,0
002,322,Picture,10;3,10;3,,,,3265779,0,3,8079,3,0,8000,other,0
002,323,Picture,8;5,8;5,,,,3275858,0,3,8079,3,0,8000,other,0
002,324,Picture,20;5,20;5,,,,3285936,0,3,8079,3,0,8000,other,0
002,325,Picture,21;5,21;5,,,,3296015,0,3,8079,3,0,8000,other,0
002,326,Picture,2;7,2;7,,,,3306093,0,3,8079,3,0,8000,other,0
002,327,Picture,5;7,5;7,,,,3316172,0,2,8079,2,0,8000,other,0
002,328,Picture,24;7,24;7,,,,3326250,0,3,8079,3,0,8000,other,0
002,329,Picture,19;4,19;4,,,,3336329,0,3,8079,3,0,8000,other,0
002,330,Picture,1;4,1;4,,,,3346407,0,4,8079,4,0,8000,other,0
002,331,Picture,9;4,9;4,,,,3356486,0,2,8080,2,0,8000,other,0
002,332,Picture,3;2,3;2,,,,3366564,0,3,8079,3,0,8000,other,0
002,333,Picture,17;2,17;2,,,,3376643,0,3,8080,3,0,8000,other,0
002,334,Picture,11;2,11;2,,,,3386721,0,3,8079,3,0,8000,other,0
002,335,Picture,14;1,14;1,,,,3396800,0,5,8079,5,0,8000,other,0
002,336,Picture,4;1,4;1,,,,3406878,0,3,8080,3,0,8000,other,0
002,337,Picture,13;1,13;1,,,,3416957,0,3,8080,3,0,8000,other,0
002,338,Picture,19;4,19;4,,,,3427036,0,3,8079,3,0,8000,other,0
002,339,Picture,1;4,1;4,,,,3437114,0,5,8079,5,0,8000,other,0
002,340,Picture,9;4,9;4,,,,3447193,0,3,8079,3,0,8000,other,0
002,341,Picture,3;2,3;2,,,,3457271,0,3,8080,3,0,8000,other,0
002,342,Picture,17;2,17;2,,,,3467350,0,3,8079,3,0,8000,other,0
002,343,Picture,11;2,11;2,,,,3477428,0,6,8080,6,0,8000,other,0
002,344,Picture,14;1,14;1,,,,3487507,0,3,8079,3,0,8000,other,0
002,345,Picture,4;1,4;1,,,,3497585,0,3,8079,3,0,8000,other,0
002,346,Picture,13;1,13;1,,,,3507664,0,3,8079,3,0,8000,other,0
002,347,Picture,2;7,2;7,,,,3517742,0,5,8080,5,0,8000,other,0
002,348,Picture,5;7,5;7,,,,3527821,0,4,8079,4,0,8000,other,0
002,349,Picture,24;7,24;7,,,,3537899,0,3,8079,3,0,8000,other,0
002,350,Picture,8;5,8;5,,,,3547978,0,3,8079,3,0,8000,other,0
002,351,Picture,20;5,20;5,,,,3558056,0,3,8079,3,0,8000,other,0
002,352,Picture,21;5,21;5,,,,3568135,0,4,8079,4,0,8000,other,0
002,353,Picture,6;8,6;8,,,,3578213,0,3,8079,3,0,8000,other,0
002,354,Picture,15;8,15;8,,,,3588292,0,3,8079,3,0,8000,other,0
002,355,Picture,16;8,16;8,,,,3598370,0,3,8079,3,0,8000,other,0
002,356,Picture,12;6,12;6,,,,3608449,0,4,8080,4,0,8000,other,0
002,357,Picture,7;6,7;6,,,,3618527,0,2,8080,2,0,8000,other,0
002,358,Picture,23;6,23;6,,,,3628606,0,3,8079,3,0,8000,other,0
002,359,Picture,22;3,22;3,,,,3638685,0,3,8079,3,0,8000,other,0
002,360,Picture,18;3,18;3,,,,3648763,0,4,8079,4,0,8000,other,0
002,361,Picture,10;3,10;3,,,,3658842,0,3,8079,3,0,8000,other,0
002,362,Picture,19;4,19;4,,,,3668920,0,3,8079,3,0,8000,other,0
002,363,Picture,1;4,1;4,,,,3678999,0,3,8079,3,0,8000,other,0
002,364,Picture,9;4,9;4,,,,3689077,0,4,8079,4,0,8000,other,0
002,365,Picture,6;8,6;8,,,,3699156,0,3,8079,3,0,8000,other,0
002,366,Picture,15;8,15;8,,,,3709234,0,2,8079,2,0,8000,other,0
002,367,Picture,16;8,16;8,,,,3719313,0,3,8079,3,0,8000,other,0
002,368,Picture,14;1,14;1,,,,3729391,0,3,8079,3,0,8000,other,0
002,369,Picture,4;1,4;1,,,,3739470,0,3,8079,3,0,8000,other,0
002,370,Picture,13;1,13;1,,,,3749548,0,3,8079,3,0,8000,other,0
002,371,Picture,8;5,8;5,,,,3759627,0,3,8079,3,0,8000,other,0
002,372,Picture,20;5,20;5,,,,3769705,0,3,8079,3,0,8000,other,0
002,373,Picture,21;5,21;5,,,,3779784,0,3,8079,3,0,8000,other,0
002,374,Picture,22;3,22;3,,,,3789862,0,3,8079,3,0,8000,other,0
002,375,Picture,18;3,18;3,,,,3799941,0,3,8079,3,0,8000,other,0
002,376,Picture,10;3,10;3,,,,3810019,0,2,8079,3,0,8000,other,0
002,377,Picture,3;2,3;2,,,,3820098,0,3,8079,3,0,8000,other,0
002,378,Picture,17;2,17;2,,,,3830176,0,3,8080,3,0,8000,other,0
002,379,Picture,11;2,11;2,,,,3840255,0,3,8079,3,0,8000,other,0
002,380,Picture,2;7,2;7,,,,3850334,0,3,8079,3,0,8000,other,0
002,381,Picture,5;7,5;7,,,,3860412,0,4,8079,4,0,8000,other,0
002,382,Picture,24;7,24;7,,,,3870491,0,2,8079,2,0,8000,other,0
002,383,Picture,12;6,12;6,,,,3880569,0,3,8079,3,0,8000,other,0
002,384,Picture,7;6,7;6,,,,3890648,0,3,8079,3,0,8000,other,0
002,385,Picture,23;6,23;6,,,,3900726,0,4,8079,4,0,8000,other,0
002,386,Picture,22;3,22;3,,,,3910805,0,3,8079,3,0,8000,other,0
002,387,Picture,18;3,18;3,,,,3920883,0,3,8079,3,0,8000,other,0
002,388,Picture,10;3,10;3,,,,3930962,0,3,8079,3,0,8000,other,0
002,389,Picture,8;5,8;5,,,,3941040,0,4,8079,4,0,8000,other,0
002,390,Picture,20;5,20;5,,,,3951119,0,3,8079,3,0,8000,other,0
002,391,Picture,21;5,21;5,,,,3961197,0,3,8080,3,0,8000,other,0
002,392,Picture,14;1,14;1,,,,3971276,0,3,8080,3,0,8000,other,0
002,393,Picture,4;1,4;1,,,,3981354,0,3,8079,3,0,8000,other,0
002,394,Picture,13;1,13;1,,,,3991433,0,3,8079,3,0,8000,other,0
002,395,Picture,6;8,6;8,,,,4001511,0,3,8079,3,0,8000,other,0
002,396,Picture,15;8,15;8,,,,4011590,0,3,8080,3,0,8000,other,0
002,397,Picture,16;8,16;8,,,,4021668,0,4,8080,4,0,8000,other,0
002,398,Picture,19;4,19;4,,,,4031747,0,3,8079,3,0,8000,other,0
002,399,Picture,1;4,1;4,,,,4041825,0,3,8079,3,0,8000,other,0
002,400,Picture,9;4,9;4,,,,4051904,0,3,8079,3,0,8000,other,0
002,401,Picture,2;7,2;7,,,,4061983,0,3,8080,3,0,8000,other,0
002,402,Picture,5;7,5;7,,,,4072061,0,3,8080,3,0,8000,other,0
002,403,Picture,24;7,24;7,,,,4082140,0,3,8079,3,0,8000,other,0
002,404,Picture,3;2,3;2,,,,4092218,0,3,8079,3,0,8000,other,0
002,405,Picture,17;2,17;2,,,,4102297,0,3,8079,3,0,8000,other,0
002,406,Picture,11;2,11;2,,,,4112375,0,3,8079,3,0,8000,other,0
002,407,Picture,12;6,12;6,,,,4122454,0,4,8079,4,0,8000,other,0
002,408,Picture,7;6,7;6,,,,4132532,0,3,8079,3,0,8000,other,0
002,409,Picture,23;6,23;6,,,,4142611,0,3,8079,3,0,8000,other,0
002,410,Picture,22;3,22;3,,,,4152689,0,3,8079,3,0,8000,other,0
002,411,Picture,18;3,18;3,,,,4162768,0,4,8079,4,0,8000,other,0
002,412,Picture,10;3,10;3,,,,4172846,0,2,8079,2,0,8000,other,0
002,413,Picture,19;4,19;4,,,,4182925,0,3,8079,3,0,8000,other,0
002,414,Picture,1;4,1;4,,,,4193003,0,3,8079,3,0,8000,other,0
002,415,Picture,9;4,9;4,,,,4203082,0,4,8079,4,0,8000,other,0
002,416,Picture,6;8,6;8,,,,4213160,0,3,8079,3,0,8000,other,0
002,417,Picture,15;8,15;8,,,,4223239,0,3,8079,3,0,8000,other,0
002,418,Picture,16;8,16;8,,,,4233317,0,3,8079,3,0,8000,other,0
002,419,Picture,2;7,2;7,,,,4243396,0,4,8080,4,0,8000,other,0
002,420,Picture,5;7,5;7,,,,4253474,0,3,8079,3,0,8000,other,0
002,421,Picture,24;7,24;7,,,,4263553,0,3,8079,3,0,8000,other,0
002,422,Picture,3;2,3;2,,,,4273632,0,3,8079,3,0,8000,other,0
002,423,Picture,17;2,17;2,,,,4283710,0,3,8079,3,0,8000,other,0
002,424,Picture,11;2,11;2,,,,4293789,0,5,8079,5,0,8000,other,0
002,425,Picture,12;6,12;6,,,,4303867,0,3,8079,3,0,8000,other,0
002,426,Picture,7;6,7;6,,,,4313946,0,3,8079,3,0,8000,other,0
002,427,Picture,23;6,23;6,,,,4324024,0,3,8079,3,0,8000,other,0
002,428,Picture,8;5,8;5,,,,4334103,0,4,8079,4,0,8000,other,0
002,429,Picture,20;5,20;5,,,,4344181,0,3,8079,3,0,8000,other,0
002,430,Picture,21;5,21;5,,,,4354260,0,3,8079,3,0,8000,other,0
002,431,Picture,14;1,14;1,,,,4364338,0,3,8079,3,0,8000,other,0
002,432,Picture,4;1,4;1,,,,4374417,0,3,8080,3,0,8000,other,0
002,433,Picture,13;1,13;1,,,,4384495,0,3,8079,3,0,8000,other,0
002,434,Picture,22;3,22;3,,,,4394574,0,3,8079,3,0,8000,other,0
002,435,Picture,18;3,18;3,,,,4404652,0,3,8079,3,0,8000,other,0
002,436,Picture,10;3,10;3,,,,4414731,0,2,8079,2,0,8000,other,0
002,437,Picture,19;4,19;4,,,,4424809,0,4,8079,4,0,8000,other,0
002,438,Picture,1;4,1;4,,,,4434888,0,3,8079,3,0,8000,other,0
002,439,Picture,9;4,9;4,,,,4444966,0,3,8079,3,0,8000,other,0
002,440,Picture,8;5,8;5,,,,4455045,0,3,8079,3,0,8000,other,0
002,441,Picture,20;5,20;5,,,,4465123,0,4,8079,4,0,8000,other,0
002,442,Picture,21;5,21;5,,,,4475202,0,3,8079,3,0,8000,other,0
002,443,Picture,14;1,14;1,,,,4485281,0,3,8079,3,0,8000,other,0
002,444,Picture,4;1,4;1,,,,4495359,0,2,8080,2,0,8000,other,0
002,445,Picture,13;1,13;1,,,,4505438,0,3,8079,3,0,8000,other,0
002,446,Picture,2;7,2;7,,,,4515516,0,3,8079,3,0,8000,other,0
002,447,Picture,5;7,5;7,,,,4525595,0,3,8079,3,0,8000,other,0
002,448,Picture,24;7,24;7,,,,4535673,0,3,8079,3,0,8000,other,0
002,449,Picture,12;6,12;6,,,,4545752,0,4,8079,4,0,8000,other,0
002,450,Picture,7;6,7;6,,,,4555830,0,3,8079,3,0,8000,other,0
002,451,Picture,23;6,23;6,,,,4565909,0,3,8079,3,0,8000,other,0
002,452,Picture,6;8,6;8,,,,4575987,0,3,8079,3,0,8000,other,0
002,453,Picture,15;8,15;8,,,,4586066,0,3,8079,3,0,8000,other,0
002,454,Picture,16;8,16;8,,,,4596144,0,3,8079,3,0,8000,other,0
002,455,Picture,3;2,3;2,,,,4606223,0,3,8079,3,0,8000,other,0
002,456,Picture,17;2,17;2,,,,4616301,0,3,8079,3,0,8000,other,0
002,457,Picture,11;2,11;2,,,,4626380,0,3,8079,3,0,8000,other,0
002,458,Picture,8;5,8;5,,,,4636458,0,4,8079,4,0,8000,other,0
002,459,Picture,20;5,20;5,,,,4646537,0,2,8079,2,0,8000,other,0
002,460,Picture,21;5,21;5,,,,4656615,0,3,8079,3,0,8000,other,0
002,461,Picture,14;1,14;1,,,,4666694,0,3,8079,3,0,8000,other,0
002,462,Picture,4;1,4;1,,,,4676772,0,4,8079,4,0,8000,other,0
002,463,Picture,13;1,13;1,,,,4686851,0,3,8079,3,0,8000,other,0
002,464,Picture,2;7,2;7,,,,4696929,0,4,8079,4,0,8000,other,0
002,465,Picture,5;7,5;7,,,,4707008,0,3,8079,3,0,8000,other,0
002,466,Picture,24;7,24;7,,,,4717087,0,5,8079,5,0,8000,other,0
002,467,Picture,6;8,6;8,,,,4727165,0,3,8079,3,0,8000,other,0
002,468,Picture,15;8,15;8,,,,4737244,0,3,8079,3,0,8000,other,0
002,469,Picture,16;8,16;8,,,,4747322,0,3,8079,3,0,8000,other,0
002,470,Picture,19;4,19;4,,,,4757401,0,4,8079,4,0,8000,other,0
002,471,Picture,1;4,1;4,,,,4767479,0,4,8080,4,0,8000,other,0
002,472,Picture,9;4,9;4,,,,4777558,0,3,8079,3,0,8000,other,0
002,473,Picture,3;2,3;2,,,,4787636,0,3,8079,3,0,8000,other,0
002,474,Picture,17;2,17;2,,,,4797715,0,3,8079,3,0,8000,other,0
002,475,Picture,11;2,11;2,,,,4807793,0,4,8079,4,0,8000,other,0
002,476,Picture,22;3,22;3,,,,4817872,0,3,8079,3,0,8000,other,0
002,477,Picture,18;3,18;3,,,,4827950,0,2,8079,2,0,8000,other,0
002,478,Picture,10;3,10;3,,,,4838029,0,3,8079,3,0,8000,other,0
002,479,Picture,12;6,12;6,,,,4848107,0,3,8079,3,0,8000,other,0
002,480,Picture,7;6,7;6,,,,4858186,0,3,8080,3,0,8000,other,0
002,481,Picture,23;6,23;6,,,,4868264,0,3,8079,3,0,8000,other,0
002,482,Picture,22;3,22;3,,,,4878343,0,2,8079,2,0,8000,other,0
002,483,Picture,18;3,18;3,,,,4888421,0,4,8079,4,0,8000,other,0
002,484,Picture,10;3,10;3,,,,4898500,0,3,8079,3,0,8000,other,0
002,485,Picture,6;8,6;8,,,,4908578,0,3,8080,3,0,8000,other,0
002,486,Picture,15;8,15;8,,,,4918657,0,4,8079,4,0,8000,other,0
002,487,Picture,16;8,16;8,,,,4928736,0,3,8079,3,0,8000,other,0
002,488,Picture,12;6,12;6,,,,4938814,0,2,8079,2,0,8000,other,0
002,489,Picture,7;6,7;6,,,,4948893,0,3,8079,3,0,8000,other,0
002,490,Picture,23;6,23;6,,,,4958971,0,3,8080,3,0,8000,other,0
002,491,Picture,2;7,2;7,,,,4969050,0,3,8079,3,0,8000,other,0
002,492,Picture,5;7,5;7,,,,4979128,0,4,8079,4,0,8000,other,0
002,493,Picture,24;7,24;7,,,,4989207,0,3,8079,3,0,8000,other,0
002,494,Picture,3;2,3;2,,,,4999285,0,3,8079,3,0,8000,other,0
002,495,Picture,17;2,17;2,,,,5009364,0,3,8079,3,0,8000,other,0
002,496,Picture,11;2,11;2,,,,5019442,0,3,8080,3,0,8000,other,0
002,497,Picture,19;4,19;4,,,,5029521,0,3,8080,3,0,8000,other,0
002,498,Picture,1;4,1;4,,,,5039599,0,3,8079,3,0,8000,other,0
002,499,Picture,9;4,9;4,,,,5049678,0,3,8080,3,0,8000,other,0
002,500,Picture,14;1,14;1,,,,5059756,0,4,8079,4,0,8000,other,0
002,501,Picture,4;1,4;1,,,,5069835,0,3,8079,3,0,8000,other,0
002,502,Picture,13;1,13;1,,,,5079913,0,3,8079,3,0,8000,other,0
002,503,Picture,8;5,8;5,,,,5089992,0,3,8079,3,0,8000,other,0
002,504,Picture,20;5,20;5,,,,5100070,0,3,8079,3,0,8000,other,0
002,505,Picture,21;5,21;5,,,,5110149,0,4,8079,4,0,8000,other,0
002,506,Picture,3;2,3;2,,,,5120227,0,3,8079,3,0,8000,other,0
002,507,Picture,17;2,17;2,,,,5130306,0,3,8080,3,0,8000,other,0
002,508,Picture,11;2,11;2,,,,5140385,0,4,8080,4,0,8000,other,0
002,509,Picture,14;1,14;1,,,,5150463,0,4,8079,4,0,8000,other,0
002,510,Picture,4;1,4;1,,,,5160542,0,3,8079,3,0,8000,other,0
002,511,Picture,13;1,13;1,,,,5170620,0,3,8079,3,0,8000,other,0
002,512,Picture,6;8,6;8,,,,5180699,0,3,8079,3,0,8000,other,0
002,513,Picture,15;8,15;8,,,,5190777,0,3,8079,4,0,8000,other,0
002,514,Picture,16;8,16;8,,,,5200856,0,3,8079,3,0,8000,other,0
002,515,Picture,2;7,2;7,,,,5210934,0,3,8079,3,0,8000,other,0
002,516,Picture,5;7,5;7,,,,5221013,0,2,8079,2,0,8000,other,0
002,517,Picture,24;7,24;7,,,,5231091,0,4,8079,4,0,8000,other,0
002,518,Picture,19;4,19;4,,,,5241170,0,3,8079,3,0,8000,other,0
002,519,Picture,1;4,1;4,,,,5251248,0,3,8079,3,0,8000,other,0
002,520,Picture,9;4,9;4,,,,5261327,0,3,8079,3,0,8000,other,0
002,521,Picture,8;5,8;5,,,,5271405,0,3,8080,3,0,8000,other,0
002,522,Picture,20;5,20;5,,,,5281484,0,2,8079,2,0,8000,other,0
002,523,Picture,21;5,21;5,,,,5291562,0,3,8080,3,0,8000,other,0
002,524,Picture,12;6,12;6,,,,5301641,0,3,8079,3,0,8000,other,0
002,525,Picture,7;6,7;6,,,,5311719,0,5,8079,5,0,8000,other,0
002,526,Picture,23;6,23;6,,,,5321798,0,3,8079,3,0,8000,other,0
002,527,Picture,22;3,22;3,,,,5331876,0,3,8079,3,0,8000,other,0
002,528,Picture,18;3,18;3,,,,5341955,0,2,8079,3,0,8000,other,0
002,529,Picture,10;3,10;3,,,,5352034,0,3,8079,3,0,8000,other,0
002,530,Picture,8;5,8;5,,,,5362112,0,5,8079,5,0,8000,other,0
002,531,Picture,20;5,20;5,,,,5372191,0,4,8079,4,0,8000,other,0
002,532,Picture,21;5,21;5,,,,5382269,0,3,8079,3,0,8000,other,0
002,533,Picture,12;6,12;6,,,,5392348,0,3,8079,3,0,8000,other,0
002,534,Picture,7;6,7;6,,,,5402426,0,3,8079,3,0,8000,other,0
002,535,Picture,23;6,23;6,,,,5412505,0,3,8079,3,0,8000,other,0
002,536,Picture,3;2,3;2,,,,5422583,0,3,8079,3,0,8000,other,0
002,537,Picture,17;2,17;2,,,,5432662,0,3,8079,3,0,8000,other,0
002,538,Picture,11;2,11;2,,,,5442740,0,4,8080,4,0,8000,other,0
002,539,Picture,14;1,14;1,,,,5452819,0,3,8079,3,0,8000,other,0
002,540,Picture,4;1,4;1,,,,5462897,0,3,8079,3,0,8000,other,0
002,541,Picture,13;1,13;1,,,,5472976,0,3,8079,3,0,8000,other,0
002,542,Picture,22;3,22;3,,,,5483054,0,3,8079,3,0,8000,other,0
002,543,Picture,18;3,18;3,,,,5493133,0,3,8079,3,0,8000,other,0
002,544,Picture,10;3,10;3,,,,5503211,0,3,8079,3,0,8000,other,0
002,545,Picture,19;4,19;4,,,,5513290,0,3,8079,3,0,8000,other,0
002,546,Picture,1;4,1;4,,,,5523368,0,4,8079,4,0,8000,other,0
002,547,Picture,9;4,9;4,,,,5533447,0,3,8079,3,0,8000,other,0
002,548,Picture,2;7,2;7,,,,5543525,0,3,8079,3,0,8000,other,0
002,549,Picture,5;7,5;7,,,,5553604,0,3,8079,3,0,8000,other,0
002,550,Picture,24;7,24;7,,,,5563683,0,3,8079,3,0,8000,other,0
002,551,Picture,6;8,6;8,,,,5573761,0,4,8079,4,0,8000,other,0
002,552,Picture,15;8,15;8,,,,5583840,0,3,8079,3,0,8000,other,0
002,553,Picture,16;8,16;8,,,,5593918,0,3,8079,3,0,8000,other,0
002,554,Picture,12;6,12;6,,,,5603997,0,3,8079,3,0,8000,other,0
002,555,Picture,7;6,7;6,,,,5614075,0,3,8080,3,0,8000,other,0
002,556,Picture,23;6,23;6,,,,5624154,0,3,8079,3,0,8000,other,0
002,557,Picture,8;5,8;5,,,,5634232,0,3,8079,3,0,8000,other,0
002,558,Picture,20;5,20;5,,,,5644311,0,3,8079,3,0,8000,other,0
002,559,Picture,21;5,21;5,,,,5654389,0,5,8079,5,0,8000,other,0
002,560,Picture,6;8,6;8,,,,5664468,0,3,8079,3,0,8000,other,0
002,561,Picture,15;8,15;8,,,,5674546,0,3,8079,3,0,8000,other,0
002,562,Picture,16;8,16;8,,,,5684625,0,3,8079,3,0,8000,other,0
002,563,Picture,14;1,14;1,,,,5694703,0,4,8079,4,0,8000,other,0
002,564,Picture,4;1,4;1,,,,5704782,0,3,8079,3,0,8000,other,0
002,565,Picture,13;1,13;1,,,,5714860,0,3,8079,3,0,8000,other,0
002,566,Picture,22;3,22;3,,,,5724939,0,3,8079,3,0,8000,other,0
002,567,Picture,18;3,18;3,,,,5735017,0,3,8079,3,0,8000,other,0
002,568,Picture,10;3,10;3,,,,5745096,0,3,8079,3,0,8000,other,0
002,569,Picture,3;2,3;2,,,,5755174,0,3,8079,3,0,8000,other,0
002,570,Picture,17;2,17;2,,,,5765253,0,3,8079,3,0,8000,other,0
002,571,Picture,11;2,11;2,,,,5775332,0,3,8079,3,0,8000,other,0
002,572,Picture,19;4,19;4,,,,5785410,0,3,8079,3,0,8000,other,0
002,573,Picture,1;4,1;4,,,,5795489,0,3,8079,3,0,8000,other,0
002,574,Picture,9;4,9;4,,,,5805567,0,3,8079,3,0,8000,other,0
002,575,Picture,2;7,2;7,,,,5815646,0,4,8079,4,0,8000,other,0
002,576,Picture,5;7,5;7,,,,5825724,0,2,8079,2,0,8000,other,0
002,577,Picture,24;7,24;7,,,,5835803,0,4,8079,4,0,8000,other,0
002,578,Picture,24;7,24;7,,,,5845881,0,3,8079,3,0,8000,other,0
002,579,Picture,break,break,,,,5855960,0,1,45645,1,0,next,other,0
002,579,Response,3,,,,,5901457,45498,4
002,580,Picture,inst3,inst3,,,,5901605,0,1,47977,1,0,next,other,0
002,580,Response,4,,,,,5949458,47853,5
002,581,Picture,inst3,inst3,,,,5949582,0,1,41813,2,0,next,other,0
002,581,Response,4,,,,,5991297,41715,4
002,582,Picture,2;7;2,2;7;2,,,,5991395,0,2,8079,2,0,8000,other,0
002,583,Picture,15;7;2,15;7;2,,,,6001474,0,4,8079,4,0,8000,other,0
002,584,Picture,21;7;2,21;7;2,,,,6011552,0,4,8079,4,0,8000,other,0
002,585,Picture,pause,pause,,,,6021631,0,1,10079,3,0,next,other,0
002,586,Picture,12;6;1,12;6;1,,,,6031709,0,3,8079,3,0,8000,other,0
002,587,Picture,7;6;1,7;6;1,,,,6041788,0,4,8079,4,0,8000,other,0
002,588,Picture,23;6;1,23;6;1,,,,6051866,0,5,8080,5,0,8000,other,0
002,589,Picture,pause,pause,,,,6061945,0,1,10079,1,0,next,other,0
002,590,Picture,question,question,,,,6072023,0,1,37982,2,0,next,other,0
002,590,Response,1,,,,,6109937,37914,3
002,591,Picture,2;7;1,2;7;1,,,,6110005,0,2,8079,2,0,8000,other,0
002,592,Picture,5;7;1,5;7;1,,,,6120084,0,4,8079,4,0,8000,other,0
002,593,Picture,24;7;1,24;7;1,,,,6130162,0,3,8080,3,0,8000,other,0
002,594,Picture,pause,pause,,,,6140241,0,1,10079,3,0,next,other,0
002,595,Picture,6;8;2,6;8;2,,,,6150319,0,3,8079,3,0,8000,other,0
002,596,Picture,20;8;2,20;8;2,,,,6160398,0,3,8079,3,0,8000,other,0
002,597,Picture,23;8;2,23;8;2,,,,6170476,0,3,8079,3,0,8000,other,0
002,598,Picture,pause,pause,,,,6180555,0,1,10079,1,0,next,other,0
002,599,Picture,question,question,,,,6190633,0,1,37565,2,0,next,other,0
002,599,Response,2,,,,,6228096,37463,4
002,600,Picture,19;4;1,19;4;1,,,,6228199,0,2,8080,2,0,8000,other,0
002,601,Picture,1;4;1,1;4;1,,,,6238277,0,4,8079,4,0,8000,other,0
002,602,Picture,9;4;1,9;4;1,,,,6248356,0,3,8079,3,0,8000,other,0
002,603,Picture,pause,pause,,,,6258434,0,1,10079,3,0,next,other,0
002,604,Picture,14;1;2,14;1;2,,,,6268513,0,3,8079,3,0,8000,other,0
002,605,Picture,17;1;2,17;1;2,,,,6278591,0,3,8079,3,0,8000,other,0
002,606,Picture,10;1;2,10;1;2,,,,6288670,0,3,8079,3,0,8000,other,0
002,607,Picture,pause,pause,,,,6298748,0,1,10079,1,0,next,other,0
002,608,Picture,question,question,,,,6308827,0,1,19990,2,0,next,other,0
002,608,Response,1,,,,,6328738,19911,5
002,609,Picture,3;2;1,3;2;1,,,,6328817,0,2,8079,2,0,8000,other,0
002,610,Picture,17;2;1,17;2;1,,,,6338896,0,3,8079,3,0,8000,other,0
002,611,Picture,11;2;1,11;2;1,,,,6348974,0,3,8079,3,0,8000,other,0
002,612,Picture,pause,pause,,,,6359053,0,1,10079,3,0,next,other,0
002,613,Picture,22;3;2,22;3;2,,,,6369131,0,3,8079,3,0,8000,other,0
002,614,Picture,1;3;2,1;3;2,,,,6379210,0,3,8079,3,0,8000,other,0
002,615,Picture,13;3;2,13;3;2,,,,6389289,0,3,8079,3,0,8000,other,0
002,616,Picture,pause,pause,,,,6399367,0,1,10079,1,0,next,other,0
002,617,Picture,question,question,,,,6409446,0,1,7247,2,0,next,other,0
002,617,Response,2,,,,,6416577,7131,4
002,618,Picture,3;2;1,3;2;1,,,,6416692,0,2,8079,2,0,8000,other,0
002,619,Picture,17;2;1,17;2;1,,,,6426771,0,4,8079,4,0,8000,other,0
002,620,Picture,11;2;1,11;2;1,,,,6436849,0,3,8079,3,0,8000,other,0
002,621,Picture,pause,pause,,,,6446928,0,1,10079,3,0,next,other,0
002,622,Picture,3;2;2,3;2;2,,,,6457006,0,3,8079,3,0,8000,other,0
002,623,Picture,18;2;2,18;2;2,,,,6467085,0,5,8079,5,0,8000,other,0
002,624,Picture,9;2;2,9;2;2,,,,6477163,0,4,8079,4,0,8000,other,0
002,625,Picture,pause,pause,,,,6487242,0,1,10079,1,0,next,other,0
002,626,Picture,question,question,,,,6497320,0,1,29153,3,0,next,other,0
002,626,Response,2,,,,,6526418,29098,5
002,627,Picture,8;5;1,8;5;1,,,,6526473,0,3,8079,3,0,8000,other,0
002,628,Picture,20;5;1,20;5;1,,,,6536552,0,3,8079,3,0,8000,other,0
002,629,Picture,21;5;1,21;5;1,,,,6546630,0,3,8079,3,0,8000,other,0
002,630,Picture,pause,pause,,,,6556709,0,1,10079,3,0,next,other,0
002,631,Picture,8;5;2,8;5;2,,,,6566787,0,3,8080,3,0,8000,other,0
002,632,Picture,7;5;2,7;5;2,,,,6576866,0,3,8079,3,0,8000,other,0
002,633,Picture,24;5;2,24;5;2,,,,6586944,0,3,8079,3,0,8000,other,0
002,634,Picture,pause,pause,,,,6597023,0,1,10079,1,0,next,other,0
002,635,Picture,question,question,,,,6607101,0,1,28153,1,0,next,other,0
002,635,Response,2,,,,,6635217,28115,3
002,636,Picture,2;7;2,2;7;2,,,,6635254,0,1,8079,1,0,8000,other,0
002,637,Picture,15;7;2,15;7;2,,,,6645333,0,3,8079,3,0,8000,other,0
002,638,Picture,21;7;2,21;7;2,,,,6655412,0,4,8079,4,0,8000,other,0
002,639,Picture,pause,pause,,,,6665490,0,1,10079,3,0,next,other,0
002,640,Picture,2;7;1,2;7;1,,,,6675569,0,3,8079,3,0,8000,other,0
002,641,Picture,5;7;1,5;7;1,,,,6685647,0,3,8079,3,0,8000,other,0
002,642,Picture,24;7;1,24;7;1,,,,6695726,0,3,8079,3,0,8000,other,0
002,643,Picture,pause,pause,,,,6705804,0,1,10079,1,0,next,other,0
002,644,Picture,question,question,,,,6715883,0,1,110697,2,0,next,other,0
002,644,Response,2,,,,,6826497,110614,3
002,645,Picture,8;5;2,8;5;2,,,,6826580,0,2,8079,2,0,8000,other,0
002,646,Picture,7;5;2,7;5;2,,,,6836658,0,3,8079,3,0,8000,other,0
002,647,Picture,24;5;2,24;5;2,,,,6846737,0,4,8079,4,0,8000,other,0
002,648,Picture,pause,pause,,,,6856815,0,1,10079,3,0,next,other,0
002,649,Picture,12;6;1,12;6;1,,,,6866894,0,3,8079,3,0,8000,other,0
002,650,Picture,7;6;1,7;6;1,,,,6876972,0,3,8079,3,0,8000,other,0
002,651,Picture,23;6;1,23;6;1,,,,6887051,0,3,8079,3,0,8000,other,0
002,652,Picture,pause,pause,,,,6897129,0,1,10079,1,0,next,other,0
002,653,Picture,question,question,,,,6907208,0,1,30819,2,0,next,other,0
002,653,Response,2,,,,,6937936,30728,3
002,654,Picture,19;4;2,19;4;2,,,,6938027,0,2,8079,2,0,8000,other,0
002,655,Picture,4;4;2,4;4;2,,,,6948105,0,5,8079,5,0,8000,other,0
002,656,Picture,11;4;2,11;4;2,,,,6958184,0,3,8079,3,0,8000,other,0
002,657,Picture,pause,pause,,,,6968262,0,1,10079,3,0,next,other,0
002,658,Picture,3;2;1,3;2;1,,,,6978341,0,3,8079,3,0,8000,other,0
002,659,Picture,17;2;1,17;2;1,,,,6988419,0,4,8079,4,0,8000,other,0
002,660,Picture,11;2;1,11;2;1,,,,6998498,0,3,8079,3,0,8000,other,0
002,661,Picture,pause,pause,,,,7008576,0,1,10079,1,0,next,other,0
002,662,Picture,question,question,,,,7018655,0,1,91456,5,0,next,other,0
002,662,Response,2,,,,,7110016,91361,4
002,663,Picture,19;4;2,19;4;2,,,,7110111,0,5,8080,5,0,8000,other,0
002,664,Picture,4;4;2,4;4;2,,,,7120190,0,3,8079,3,0,8000,other,0
002,665,Picture,11;4;2,11;4;2,,,,7130268,0,3,8079,3,0,8000,other,0
002,666,Picture,pause,pause,,,,7140347,0,1,10079,3,0,next,other,0
002,667,Picture,19;4;1,19;4;1,,,,7150425,0,3,8079,3,0,8000,other,0
002,668,Picture,1;4;1,1;4;1,,,,7160504,0,4,8079,4,0,8000,other,0
002,669,Picture,9;4;1,9;4;1,,,,7170582,0,3,8079,3,0,8000,other,0
002,670,Picture,pause,pause,,,,7180661,0,1,10079,1,0,next,other,0
002,671,Picture,question,question,,,,7190739,0,1,12744,3,0,next,other,0
002,671,Response,2,,,,,7203377,12637,3
002,672,Picture,2;7;1,2;7;1,,,,7203483,0,3,8079,3,0,8000,other,0
002,673,Picture,5;7;1,5;7;1,,,,7213562,0,4,8079,4,0,8000,other,0
002,674,Picture,24;7;1,24;7;1,,,,7223640,0,3,8079,3,0,8000,other,0
002,675,Picture,pause,pause,,,,7233719,0,1,10079,5,0,next,other,0
002,676,Picture,12;6;2,12;6;2,,,,7243797,0,5,8080,5,0,8000,other,0
002,677,Picture,5;6;2,5;6;2,,,,7253876,0,3,8079,3,0,8000,other,0
002,678,Picture,16;6;2,16;6;2,,,,7263954,0,4,8079,4,0,8000,other,0
002,679,Picture,pause,pause,,,,7274033,0,1,10079,1,0,next,other,0
002,680,Picture,question,question,,,,7284111,0,1,39898,3,0,next,other,0
002,680,Response,1,,,,,7323937,39825,4
002,681,Picture,19;4;2,19;4;2,,,,7324009,0,3,8079,3,0,8000,other,0
002,682,Picture,4;4;2,4;4;2,,,,7334088,0,4,8079,4,0,8000,other,0
002,683,Picture,11;4;2,11;4;2,,,,7344166,0,3,8079,3,0,8000,other,0
002,684,Picture,pause,pause,,,,7354245,0,1,10079,3,0,next,other,0
002,685,Picture,22;3;1,22;3;1,,,,7364323,0,3,8079,3,0,8000,other,0
002,686,Picture,18;3;1,18;3;1,,,,7374402,0,3,8079,3,0,8000,other,0
002,687,Picture,10;3;1,10;3;1,,,,7384480,0,4,8079,4,0,8000,other,0
002,688,Picture,pause,pause,,,,7394559,0,1,10079,1,0,next,other,0
002,689,Picture,question,question,,,,7404637,0,1,16575,3,0,next,other,0
002,689,Response,2,,,,,7421137,16500,4
002,690,Picture,8;5;2,8;5;2,,,,7421213,0,3,8079,3,0,8000,other,0
002,691,Picture,7;5;2,7;5;2,,,,7431291,0,3,8079,3,0,8000,other,0
002,692,Picture,24;5;2,24;5;2,,,,7441370,0,3,8079,3,0,8000,other,0
002,693,Picture,pause,pause,,,,7451448,0,1,10079,3,0,next,other,0
002,694,Picture,2;7;1,2;7;1,,,,7461527,0,3,8079,3,0,8000,other,0
002,695,Picture,5;7;1,5;7;1,,,,7471605,0,3,8080,3,0,8000,other,0
002,696,Picture,24;7;1,24;7;1,,,,7481684,0,3,8079,3,0,8000,other,0
002,697,Picture,pause,pause,,,,7491762,0,1,10079,1,0,next,other,0
002,698,Picture,question,question,,,,7501841,0,1,61054,2,0,next,other,0
002,698,Response,2,,,,,7562818,60977,5
002,699,Picture,8;5;1,8;5;1,,,,7562895,0,2,8079,2,0,8000,other,0
002,700,Picture,20;5;1,20;5;1,,,,7572974,0,3,8079,3,0,8000,other,0
002,701,Picture,21;5;1,21;5;1,,,,7583052,0,3,8079,3,0,8000,other,0
002,702,Picture,pause,pause,,,,7593131,0,1,10079,3,0,next,other,0
002,703,Picture,6;8;2,6;8;2,,,,7603209,0,3,8079,3,0,8000,other,0
002,704,Picture,20;8;2,20;8;2,,,,7613288,0,3,8079,3,0,8000,other,0
002,705,Picture,23;8;2,23;8;2,,,,7623366,0,3,8080,3,0,8000,other,0
002,706,Picture,pause,pause,,,,7633445,0,1,10079,1,0,next,other,0
002,707,Picture,question,question,,,,7643523,0,1,17908,2,0,next,other,0
002,707,Response,2,,,,,7661377,17853,4
002,708,Picture,8;5;1,8;5;1,,,,7661431,0,2,8079,2,0,8000,other,0
002,709,Picture,20;5;1,20;5;1,,,,7671510,0,3,8079,3,0,8000,other,0
002,710,Picture,21;5;1,21;5;1,,,,7681588,0,3,8079,3,0,8000,other,0
002,711,Picture,pause,pause,,,,7691667,0,1,10079,3,0,next,other,0
002,712,Picture,12;6;2,12;6;2,,,,7701745,0,3,8079,3,0,8000,other,0
002,713,Picture,5;6;2,5;6;2,,,,7711824,0,3,8079,3,0,8000,other,0
002,714,Picture,16;6;2,16;6;2,,,,7721903,0,3,8079,3,0,8000,other,0
002,715,Picture,pause,pause,,,,7731981,0,1,10079,1,0,next,other,0
002,716,Picture,question,question,,,,7742060,0,1,27570,2,0,next,other,0
002,716,Response,2,,,,,7769537,27478,5
002,717,Picture,12;6;1,12;6;1,,,,7769630,0,2,8079,2,0,8000,other,0
002,718,Picture,7;6;1,7;6;1,,,,7779708,0,3,8079,3,0,8000,other,0
002,719,Picture,23;6;1,23;6;1,,,,7789787,0,3,8079,3,0,8000,other,0
002,720,Picture,pause,pause,,,,7799865,0,1,10079,3,0,next,other,0
002,721,Picture,12;6;2,12;6;2,,,,7809944,0,3,8079,3,0,8000,other,0
002,722,Picture,5;6;2,5;6;2,,,,7820022,0,3,8079,3,0,8000,other,0
002,723,Picture,16;6;2,16;6;2,,,,7830101,0,4,8079,4,0,8000,other,0
002,724,Picture,pause,pause,,,,7840179,0,1,10079,1,0,next,other,0
002,725,Picture,question,question,,,,7850258,0,1,21823,3,0,next,other,0
002,725,Response,2,,,,,7872016,21758,4
002,726,Picture,3;2;2,3;2;2,,,,7872081,0,3,8079,3,0,8000,other,0
002,727,Picture,18;2;2,18;2;2,,,,7882159,0,3,8079,3,0,8000,other,0
002,728,Picture,9;2;2,9;2;2,,,,7892238,0,3,8079,3,0,8000,other,0
002,729,Picture,pause,pause,,,,7902316,0,1,10079,3,0,next,other,0
002,730,Picture,19;4;1,19;4;1,,,,7912395,0,3,8080,3,0,8000,other,0
002,731,Picture,1;4;1,1;4;1,,,,7922473,0,3,8079,3,0,8000,other,0
002,732,Picture,9;4;1,9;4;1,,,,7932552,0,3,8079,3,0,8000,other,0
002,733,Picture,pause,pause,,,,7942631,0,1,10079,1,0,next,other,0
002,734,Picture,question,question,,,,7952709,0,1,13910,1,0,next,other,0
002,734,Response,2,,,,,7966577,13867,4
002,735,Picture,22;3;2,22;3;2,,,,7966619,0,1,8079,1,0,8000,other,0
002,736,Picture,1;3;2,1;3;2,,,,7976698,0,3,8079,3,0,8000,other,0
002,737,Picture,13;3;2,13;3;2,,,,7986776,0,4,8079,4,0,8000,other,0
002,738,Picture,pause,pause,,,,7996855,0,1,10079,3,0,next,other,0
002,739,Picture,14;1;1,14;1;1,,,,8006933,0,3,8079,3,0,8000,other,0
002,740,Picture,4;1;1,4;1;1,,,,8017012,0,3,8079,3,0,8000,other,0
002,741,Picture,13;1;1,13;1;1,,,,8027090,0,4,8079,4,0,8000,other,0
002,742,Picture,pause,pause,,,,8037169,0,1,10079,1,0,next,other,0
002,743,Picture,question,question,,,,8047247,0,1,52558,3,0,next,other,0
002,743,Response,2,,,,,8099696,52449,4
002,744,Picture,3;2;1,3;2;1,,,,8099806,0,3,8079,3,0,8000,other,0
002,745,Picture,17;2;1,17;2;1,,,,8109884,0,2,8079,2,0,8000,other,0
002,746,Picture,11;2;1,11;2;1,,,,8119963,0,3,8079,3,0,8000,other,0
002,747,Picture,pause,pause,,,,8130041,0,1,10079,3,0,next,other,0
002,748,Picture,14;1;2,14;1;2,,,,8140120,0,3,8079,3,0,8000,other,0
002,749,Picture,17;1;2,17;1;2,,,,8150198,0,3,8079,3,0,8000,other,0
002,750,Picture,10;1;2,10;1;2,,,,8160277,0,3,8079,3,0,8000,other,0
002,751,Picture,pause,pause,,,,8170355,0,1,10079,1,0,next,other,0
002,752,Picture,question,question,,,,8180434,0,1,36483,2,0,next,other,0
002,752,Response,2,,,,,8216817,36383,4
002,753,Picture,14;1;1,14;1;1,,,,8216916,0,2,8079,2,0,8000,other,0
002,754,Picture,4;1;1,4;1;1,,,,8226995,0,3,8079,3,0,8000,other,0
002,755,Picture,13;1;1,13;1;1,,,,8237073,0,4,8079,4,0,8000,other,0
002,756,Picture,pause,pause,,,,8247152,0,1,10079,3,0,next,other,0
002,757,Picture,14;1;2,14;1;2,,,,8257230,0,3,8079,3,0,8000,other,0
002,758,Picture,17;1;2,17;1;2,,,,8267309,0,3,8079,3,0,8000,other,0
002,759,Picture,10;1;2,10;1;2,,,,8277387,0,4,8079,4,0,8000,other,0
002,760,Picture,pause,pause,,,,8287466,0,1,10079,1,0,next,other,0
002,761,Picture,question,question,,,,8297544,0,1,26154,4,0,next,other,0
002,761,Response,2,,,,,8323617,26072,4
002,762,Picture,8;5;2,8;5;2,,,,8323699,0,4,8079,4,0,8000,other,0
002,763,Picture,7;5;2,7;5;2,,,,8333777,0,3,8079,3,0,8000,other,0
002,764,Picture,24;5;2,24;5;2,,,,8343856,0,3,8079,3,0,8000,other,0
002,765,Picture,pause,pause,,,,8353934,0,1,10079,4,0,next,other,0
002,766,Picture,6;8;1,6;8;1,,,,8364013,0,4,8079,4,0,8000,other,0
002,767,Picture,15;8;1,15;8;1,,,,8374091,0,3,8079,3,0,8000,other,0
002,768,Picture,16;8;1,16;8;1,,,,8384170,0,3,8079,3,0,8000,other,0
002,769,Picture,pause,pause,,,,8394248,0,1,10079,1,0,next,other,0
002,770,Picture,question,question,,,,8404327,0,1,25821,3,0,next,other,0
002,770,Response,2,,,,,8430097,25770,4
002,771,Picture,6;8;1,6;8;1,,,,8430148,0,3,8079,3,0,8000,other,0
002,772,Picture,15;8;1,15;8;1,,,,8440226,0,3,8079,3,0,8000,other,0
002,773,Picture,16;8;1,16;8;1,,,,8450305,0,4,8080,4,0,8000,other,0
002,774,Picture,pause,pause,,,,8460383,0,1,10079,3,0,next,other,0
002,775,Picture,2;7;2,2;7;2,,,,8470462,0,3,8079,3,0,8000,other,0
002,776,Picture,15;7;2,15;7;2,,,,8480540,0,3,8079,3,0,8000,other,0
002,777,Picture,21;7;2,21;7;2,,,,8490619,0,3,8079,3,0,8000,other,0
002,778,Picture,pause,pause,,,,8500698,0,1,10079,1,0,next,other,0
002,779,Picture,question,question,,,,8510776,0,1,26737,2,0,next,other,0
002,779,Response,2,,,,,8537457,26681,4
002,780,Picture,22;3;1,22;3;1,,,,8537513,0,2,8079,2,0,8000,other,0
002,781,Picture,18;3;1,18;3;1,,,,8547592,0,3,8079,3,0,8000,other,0
002,782,Picture,10;3;1,10;3;1,,,,8557670,0,3,8079,3,0,8000,other,0
002,783,Picture,pause,pause,,,,8567749,0,1,10079,3,0,next,other,0
002,784,Picture,14;1;2,14;1;2,,,,8577827,0,3,8079,3,0,8000,other,0
002,785,Picture,17;1;2,17;1;2,,,,8587906,0,3,8079,3,0,8000,other,0
002,786,Picture,10;1;2,10;1;2,,,,8597984,0,3,8080,3,0,8000,other,0
002,787,Picture,pause,pause,,,,8608063,0,1,10079,1,0,next,other,0
002,788,Picture,question,question,,,,8618141,0,1,22906,4,0,next,other,0
002,788,Response,1,,,,,8640976,22835,3
002,789,Picture,6;8;2,6;8;2,,,,8641047,0,4,8079,4,0,8000,other,0
002,790,Picture,20;8;2,20;8;2,,,,8651126,0,4,8079,4,0,8000,other,0
002,791,Picture,23;8;2,23;8;2,,,,8661204,0,2,8080,2,0,8000,other,0
002,792,Picture,pause,pause,,,,8671283,0,1,10079,3,0,next,other,0
002,793,Picture,12;6;1,12;6;1,,,,8681361,0,2,8079,3,0,8000,other,0
002,794,Picture,7;6;1,7;6;1,,,,8691440,0,3,8080,3,0,8000,other,0
002,795,Picture,23;6;1,23;6;1,,,,8701518,0,3,8079,3,0,8000,other,0
002,796,Picture,pause,pause,,,,8711597,0,1,10079,1,0,next,other,0
002,797,Picture,question,question,,,,8721675,0,1,53308,2,0,next,other,0
002,797,Response,1,,,,,8774897,53221,4
002,798,Picture,6;8;1,6;8;1,,,,8774983,0,2,8079,2,0,8000,other,0
002,799,Picture,15;8;1,15;8;1,,,,8785062,0,3,8079,3,0,8000,other,0
002,800,Picture,16;8;1,16;8;1,,,,8795140,0,3,8079,3,0,8000,other,0
002,801,Picture,pause,pause,,,,8805219,0,1,10079,3,0,next,other,0
002,802,Picture,12;6;2,12;6;2,,,,8815297,0,3,8079,3,0,8000,other,0
002,803,Picture,5;6;2,5;6;2,,,,8825376,0,3,8079,3,0,8000,other,0
002,804,Picture,16;6;2,16;6;2,,,,8835454,0,5,8079,5,0,8000,other,0
002,805,Picture,pause,pause,,,,8845533,0,1,10078,1,0,next,other,0
002,806,Picture,question,question,,,,8855611,0,1,13743,3,0,next,other,0
002,806,Response,1,,,,,8869296,13685,3
002,807,Picture,22;3;1,22;3;1,,,,8869355,0,3,8080,3,0,8000,other,0
002,808,Picture,18;3;1,18;3;1,,,,8879433,0,4,8079,4,0,8000,other,0
002,809,Picture,10;3;1,10;3;1,,,,8889512,0,3,8079,3,0,8000,other,0
002,810,Picture,pause,pause,,,,8899590,0,1,10079,3,0,next,other,0
002,811,Picture,22;3;2,22;3;2,,,,8909669,0,3,8079,3,0,8000,other,0
002,812,Picture,1;3;2,1;3;2,,,,8919748,0,3,8079,4,0,8000,other,0
002,813,Picture,13;3;2,13;3;2,,,,8929826,0,3,8079,3,0,8000,other,0
002,814,Picture,pause,pause,,,,8939905,0,1,10079,1,0,next,other,0
002,815,Picture,question,question,,,,8949983,0,1,8663,2,0,next,other,0
002,815,Response,1,,,,,8958576,8593,4
002,816,Picture,3;2;2,3;2;2,,,,8958646,0,2,8079,2,0,8000,other,0
002,817,Picture,18;2;2,18;2;2,,,,8968724,0,3,8079,3,0,8000,other,0
002,818,Picture,9;2;2,9;2;2,,,,8978803,0,3,8079,3,0,8000,other,0
002,819,Picture,pause,pause,,,,8988881,0,1,10079,2,0,next,other,0
002,820,Picture,22;3;1,22;3;1,,,,8998960,0,2,8080,2,0,8000,other,0
002,821,Picture,18;3;1,18;3;1,,,,9009038,0,3,8079,3,0,8000,other,0
002,822,Picture,10;3;1,10;3;1,,,,9019117,0,3,8079,3,0,8000,other,0
002,823,Picture,pause,pause,,,,9029195,0,1,10079,1,0,next,other,0
002,824,Picture,question,question,,,,9039274,0,1,8413,2,0,next,other,0
002,824,Response,1,,,,,9047617,8343,5
002,825,Picture,2;7;2,2;7;2,,,,9047686,0,2,8079,2,0,8000,other,0
002,826,Picture,15;7;2,15;7;2,,,,9057765,0,3,8079,3,0,8000,other,0
002,827,Picture,21;7;2,21;7;2,,,,9067844,0,3,8079,3,0,8000,other,0
002,828,Picture,pause,pause,,,,9077922,0,1,10079,3,0,next,other,0
002,829,Picture,8;5;1,8;5;1,,,,9088001,0,3,8079,3,0,8000,other,0
002,830,Picture,20;5;1,20;5;1,,,,9098079,0,5,8079,5,0,8000,other,0
002,831,Picture,21;5;1,21;5;1,,,,9108158,0,3,8079,3,0,8000,other,0
002,832,Picture,pause,pause,,,,9118236,0,1,10079,1,0,next,other,0
002,833,Picture,question,question,,,,9128315,0,1,24405,3,0,next,other,0
002,833,Response,1,,,,,9152656,24341,4
002,834,Picture,19;4;2,19;4;2,,,,9152720,0,3,8079,3,0,8000,other,0
002,835,Picture,4;4;2,4;4;2,,,,9162798,0,3,8079,3,0,8000,other,0
002,836,Picture,11;4;2,11;4;2,,,,9172877,0,3,8079,3,0,8000,other,0
002,837,Picture,pause,pause,,,,9182955,0,1,10079,3,0,next,other,0
002,838,Picture,14;1;1,14;1;1,,,,9193034,0,3,8079,3,0,8000,other,0
002,839,Picture,4;1;1,4;1;1,,,,9203112,0,3,8079,3,0,8000,other,0
002,840,Picture,13;1;1,13;1;1,,,,9213191,0,3,8079,3,0,8000,other,0
002,841,Picture,pause,pause,,,,9223269,0,1,10079,1,0,next,other,0
002,842,Picture,question,question,,,,9233348,0,1,61138,2,0,next,other,0
002,842,Response,1,,,,,9294418,61070,4
002,843,Picture,19;4;1,19;4;1,,,,9294485,0,2,8079,2,0,8000,other,0
002,844,Picture,1;4;1,1;4;1,,,,9304564,0,3,8079,3,0,8000,other,0
002,845,Picture,9;4;1,9;4;1,,,,9314642,0,3,8079,3,0,8000,other,0
002,846,Picture,pause,pause,,,,9324721,0,1,10079,3,0,next,other,0
002,847,Picture,22;3;2,22;3;2,,,,9334799,0,3,8079,3,0,8000,other,0
002,848,Picture,1;3;2,1;3;2,,,,9344878,0,3,8079,3,0,8000,other,0
002,849,Picture,13;3;2,13;3;2,,,,9354957,0,2,8079,2,0,8000,other,0
002,850,Picture,pause,pause,,,,9365035,0,1,10079,1,0,next,other,0
002,851,Picture,question,question,,,,9375114,0,1,6580,3,0,next,other,0
002,851,Response,1,,,,,9381616,6503,3
002,852,Picture,3;2;2,3;2;2,,,,9381694,0,3,8079,3,0,8000,other,0
002,853,Picture,18;2;2,18;2;2,,,,9391772,0,3,8079,3,0,8000,other,0
002,854,Picture,9;2;2,9;2;2,,,,9401851,0,2,8079,2,0,8000,other,0
002,855,Picture,pause,pause,,,,9411929,0,1,10079,3,0,next,other,0
002,856,Picture,14;1;1,14;1;1,,,,9422008,0,3,8079,3,0,8000,other,0
002,857,Picture,4;1;1,4;1;1,,,,9432086,0,4,8079,4,0,8000,other,0
002,858,Picture,13;1;1,13;1;1,,,,9442165,0,3,8079,3,0,8000,other,0
002,859,Picture,pause,pause,,,,9452243,0,1,10079,1,0,next,other,0
002,860,Picture,question,question,,,,9462322,0,1,20157,2,0,next,other,0
002,860,Response,1,,,,,9482417,20095,5
002,861,Picture,6;8;2,6;8;2,,,,9482479,0,2,8079,2,0,8000,other,0
002,862,Picture,20;8;2,20;8;2,,,,9492558,0,3,8079,3,0,8000,other,0
002,863,Picture,23;8;2,23;8;2,,,,9502636,0,3,8079,3,0,8000,other,0
002,864,Picture,pause,pause,,,,9512715,0,1,10079,3,0,next,other,0
002,865,Picture,6;8;1,6;8;1,,,,9522793,0,3,8079,3,0,8000,other,0
002,866,Picture,15;8;1,15;8;1,,,,9532872,0,3,8079,3,0,8000,other,0
002,867,Picture,16;8;1,16;8;1,,,,9542950,0,3,8079,3,0,8000,other,0
002,868,Picture,pause,pause,,,,9553029,0,1,10079,1,0,next,other,0
002,869,Picture,question,question,,,,9563107,0,1,11828,1,0,next,other,0
002,869,Response,1,,,,,9574816,11709,3
002,870,Response,3,,,,,9713376,138442,3

The following output port codes were not sent because of a conflict on the port.
Port,Code,Time(ms)
1,207,663525
1,218,796662
