Scenario - VSL_triggers_2023.sce
Logfile written - 02/23/2023 15:40:18

Subject,Trial,Event Type,Code,block(str),triplet(str),p_code(num),object(str),Time,TTime,Uncertainty,Duration,Uncertainty,ReqTime,ReqDur,Stim Type,Pair Index

003,1,Picture,inst1,inst1,,,,10166,0,1,14243,2,0,next,other,0
003,1,Response,4,,,,,24365,14199,5
003,2,Picture,10;8,10;8,,,,24409,0,2,8079,2,0,8000,other,0
003,3,Picture,8;8,8;8,,,,34488,0,3,8079,3,0,8000,other,0
003,4,Picture,5;8,5;8,,,,44566,0,3,8079,3,0,8000,other,0
003,5,Picture,13;7,13;7,,,,54645,0,3,8079,3,0,8000,other,0
003,6,Picture,15;7,15;7,,,,64723,0,4,8079,4,0,8000,other,0
003,7,Picture,20;7,20;7,,,,74802,0,3,8079,3,0,8000,other,0
003,8,Picture,3;6,3;6,,,,84881,0,3,8079,3,0,8000,other,0
003,9,Picture,18;6,18;6,,,,94959,0,3,8079,3,0,8000,other,0
003,10,Picture,11;6,11;6,,,,105038,0,5,8079,5,0,8000,other,0
003,11,Picture,6;3,6;3,,,,115116,0,2,8079,2,0,8000,other,0
003,12,Picture,9;3,9;3,,,,125195,0,2,8079,2,0,8000,other,0
003,13,Picture,22;3,22;3,,,,135273,0,3,8079,3,0,8000,other,0
003,14,Picture,7;2,7;2,,,,145352,0,4,8079,4,0,8000,other,0
003,15,Picture,12;2,12;2,,,,155430,0,3,8079,3,0,8000,other,0
003,16,Picture,16;2,16;2,,,,165509,0,3,8079,3,0,8000,other,0
003,17,Picture,4;1,4;1,,,,175587,0,3,8079,3,0,8000,other,0
003,18,Picture,23;1,23;1,,,,185666,0,4,8079,4,0,8000,other,0
003,19,Picture,2;1,2;1,,,,195744,0,4,8079,4,0,8000,other,0
003,20,Picture,1;4,1;4,,,,205823,0,3,8079,3,0,8000,other,0
003,21,Picture,19;4,19;4,,,,215901,0,3,8079,3,0,8000,other,0
003,22,Picture,17;4,17;4,,,,225980,0,3,8079,3,0,8000,other,0
003,23,Picture,14;5,14;5,,,,236058,0,4,8079,4,0,8000,other,0
003,24,Picture,21;5,21;5,,,,246137,0,3,8079,3,0,8000,other,0
003,25,Picture,24;5,24;5,,,,256215,0,4,8080,4,0,8000,other,0
003,26,Picture,7;2,7;2,,,,266294,0,3,8079,3,0,8000,other,0
003,27,Picture,12;2,12;2,,,,276372,0,4,8079,4,0,8000,other,0
003,28,Picture,16;2,16;2,,,,286451,0,3,8080,3,0,8000,other,0
003,29,Picture,14;5,14;5,,,,296530,0,3,8080,3,0,8000,other,0
003,30,Picture,21;5,21;5,,,,306608,0,3,8079,3,0,8000,other,0
003,31,Picture,24;5,24;5,,,,316687,0,4,8079,4,0,8000,other,0
003,32,Picture,4;1,4;1,,,,326765,0,3,8079,3,0,8000,other,0
003,33,Picture,23;1,23;1,,,,336844,0,3,8079,3,0,8000,other,0
003,34,Picture,2;1,2;1,,,,346922,0,3,8079,3,0,8000,other,0
003,35,Picture,6;3,6;3,,,,357001,0,4,8079,4,0,8000,other,0
003,36,Picture,9;3,9;3,,,,367079,0,3,8079,3,0,8000,other,0
003,37,Picture,22;3,22;3,,,,377158,0,3,8079,3,0,8000,other,0
003,38,Picture,13;7,13;7,,,,387236,0,3,8079,3,0,8000,other,0
003,39,Picture,15;7,15;7,,,,397315,0,3,8079,3,0,8000,other,0
003,40,Picture,20;7,20;7,,,,407393,0,3,8079,3,0,8000,other,0
003,41,Picture,3;6,3;6,,,,417472,0,2,8080,2,0,8000,other,0
003,42,Picture,18;6,18;6,,,,427550,0,3,8079,3,0,8000,other,0
003,43,Picture,11;6,11;6,,,,437629,0,3,8079,3,0,8000,other,0
003,44,Picture,1;4,1;4,,,,447707,0,3,8079,3,0,8000,other,0
003,45,Picture,19;4,19;4,,,,457786,0,3,8079,3,0,8000,other,0
003,46,Picture,17;4,17;4,,,,467864,0,3,8079,3,0,8000,other,0
003,47,Picture,10;8,10;8,,,,477943,0,3,8079,3,0,8000,other,0
003,48,Picture,8;8,8;8,,,,488021,0,4,8079,4,0,8000,other,0
003,49,Picture,5;8,5;8,,,,498100,0,3,8079,3,0,8000,other,0
003,50,Picture,7;2,7;2,,,,508179,0,3,8079,3,0,8000,other,0
003,51,Picture,12;2,12;2,,,,518257,0,2,8080,2,0,8000,other,0
003,52,Picture,16;2,16;2,,,,528336,0,4,8079,4,0,8000,other,0
003,53,Picture,10;8,10;8,,,,538414,0,4,8079,4,0,8000,other,0
003,54,Picture,8;8,8;8,,,,548493,0,3,8079,3,0,8000,other,0
003,55,Picture,5;8,5;8,,,,558571,0,3,8079,3,0,8000,other,0
003,56,Picture,14;5,14;5,,,,568650,0,4,8079,4,0,8000,other,0
003,57,Picture,21;5,21;5,,,,578728,0,3,8079,3,0,8000,other,0
003,58,Picture,24;5,24;5,,,,588807,0,3,8080,3,0,8000,other,0
003,59,Picture,6;3,6;3,,,,598885,0,3,8079,3,0,8000,other,0
003,60,Picture,9;3,9;3,,,,608964,0,3,8079,3,0,8000,other,0
003,61,Picture,22;3,22;3,,,,619042,0,4,8079,4,0,8000,other,0
003,62,Picture,3;6,3;6,,,,629121,0,3,8079,3,0,8000,other,0
003,63,Picture,18;6,18;6,,,,639199,0,3,8079,3,0,8000,other,0
003,64,Picture,11;6,11;6,,,,649278,0,3,8079,3,0,8000,other,0
003,65,Picture,13;7,13;7,,,,659356,0,3,8079,3,0,8000,other,0
003,66,Picture,15;7,15;7,,,,669435,0,3,8079,3,0,8000,other,0
003,67,Picture,20;7,20;7,,,,679513,0,3,8079,3,0,8000,other,0
003,68,Picture,4;1,4;1,,,,689592,0,5,8079,5,0,8000,other,0
003,69,Picture,23;1,23;1,,,,699670,0,3,8079,3,0,8000,other,0
003,70,Picture,2;1,2;1,,,,709749,0,3,8079,3,0,8000,other,0
003,71,Picture,1;4,1;4,,,,719828,0,3,8079,3,0,8000,other,0
003,72,Picture,19;4,19;4,,,,729906,0,5,8079,5,0,8000,other,0
003,73,Picture,17;4,17;4,,,,739985,0,3,8079,3,0,8000,other,0
003,74,Picture,10;8,10;8,,,,750063,0,4,8079,4,0,8000,other,0
003,75,Picture,8;8,8;8,,,,760142,0,3,8079,3,0,8000,other,0
003,76,Picture,5;8,5;8,,,,770220,0,3,8079,3,0,8000,other,0
003,77,Picture,7;2,7;2,,,,780299,0,3,8079,3,0,8000,other,0
003,78,Picture,12;2,12;2,,,,790377,0,4,8079,4,0,8000,other,0
003,79,Picture,16;2,16;2,,,,800456,0,3,8079,3,0,8000,other,0
003,80,Picture,1;4,1;4,,,,810534,0,2,8079,2,0,8000,other,0
003,81,Picture,19;4,19;4,,,,820613,0,2,8079,2,0,8000,other,0
003,82,Picture,17;4,17;4,,,,830691,0,4,8079,4,0,8000,other,0
003,83,Picture,6;3,6;3,,,,840770,0,5,8079,5,0,8000,other,0
003,84,Picture,9;3,9;3,,,,850848,0,3,8079,3,0,8000,other,0
003,85,Picture,22;3,22;3,,,,860927,0,3,8079,3,0,8000,other,0
003,86,Picture,3;6,3;6,,,,871005,0,4,8079,4,0,8000,other,0
003,87,Picture,18;6,18;6,,,,881084,0,3,8079,3,0,8000,other,0
003,88,Picture,11;6,11;6,,,,891162,0,3,8079,3,0,8000,other,0
003,89,Picture,13;7,13;7,,,,901241,0,3,8079,3,0,8000,other,0
003,90,Picture,15;7,15;7,,,,911319,0,3,8079,3,0,8000,other,0
003,91,Picture,20;7,20;7,,,,921398,0,4,8079,4,0,8000,other,0
003,92,Picture,14;5,14;5,,,,931477,0,3,8079,3,0,8000,other,0
003,93,Picture,21;5,21;5,,,,941555,0,3,8079,3,0,8000,other,0
003,94,Picture,24;5,24;5,,,,951634,0,3,8079,3,0,8000,other,0
003,95,Picture,4;1,4;1,,,,961712,0,5,8079,5,0,8000,other,0
003,96,Picture,23;1,23;1,,,,971791,0,3,8079,3,0,8000,other,0
003,97,Picture,2;1,2;1,,,,981869,0,3,8079,3,0,8000,other,0
003,98,Picture,10;8,10;8,,,,991948,0,3,8079,3,0,8000,other,0
003,99,Picture,8;8,8;8,,,,1002026,0,3,8079,3,0,8000,other,0
003,100,Picture,5;8,5;8,,,,1012105,0,3,8079,3,0,8000,other,0
003,101,Picture,13;7,13;7,,,,1022183,0,3,8079,3,0,8000,other,0
003,102,Picture,15;7,15;7,,,,1032262,0,3,8080,3,0,8000,other,0
003,103,Picture,20;7,20;7,,,,1042340,0,3,8079,3,0,8000,other,0
003,104,Picture,14;5,14;5,,,,1052419,0,3,8079,3,0,8000,other,0
003,105,Picture,21;5,21;5,,,,1062497,0,3,8079,3,0,8000,other,0
003,106,Picture,24;5,24;5,,,,1072576,0,3,8079,3,0,8000,other,0
003,107,Picture,1;4,1;4,,,,1082654,0,3,8079,3,0,8000,other,0
003,108,Picture,19;4,19;4,,,,1092733,0,3,8079,3,0,8000,other,0
003,109,Picture,17;4,17;4,,,,1102811,0,3,8079,3,0,8000,other,0
003,110,Picture,7;2,7;2,,,,1112890,0,2,8079,2,0,8000,other,0
003,111,Picture,12;2,12;2,,,,1122968,0,3,8079,3,0,8000,other,0
003,112,Picture,16;2,16;2,,,,1133047,0,3,8079,3,0,8000,other,0
003,113,Picture,4;1,4;1,,,,1143126,0,3,8079,3,0,8000,other,0
003,114,Picture,23;1,23;1,,,,1153204,0,3,8079,3,0,8000,other,0
003,115,Picture,2;1,2;1,,,,1163283,0,3,8079,3,0,8000,other,0
003,116,Picture,6;3,6;3,,,,1173361,0,4,8079,4,0,8000,other,0
003,117,Picture,9;3,9;3,,,,1183440,0,3,8079,3,0,8000,other,0
003,118,Picture,22;3,22;3,,,,1193518,0,3,8079,3,0,8000,other,0
003,119,Picture,3;6,3;6,,,,1203597,0,2,8079,2,0,8000,other,0
003,120,Picture,18;6,18;6,,,,1213675,0,3,8079,3,0,8000,other,0
003,121,Picture,11;6,11;6,,,,1223754,0,3,8079,3,0,8000,other,0
003,122,Picture,1;4,1;4,,,,1233832,0,3,8079,3,0,8000,other,0
003,123,Picture,19;4,19;4,,,,1243911,0,3,8079,3,0,8000,other,0
003,124,Picture,17;4,17;4,,,,1253989,0,2,8079,2,0,8000,other,0
003,125,Picture,14;5,14;5,,,,1264068,0,3,8079,3,0,8000,other,0
003,126,Picture,21;5,21;5,,,,1274146,0,3,8080,3,0,8000,other,0
003,127,Picture,24;5,24;5,,,,1284225,0,3,8079,3,0,8000,other,0
003,128,Picture,13;7,13;7,,,,1294303,0,3,8079,3,0,8000,other,0
003,129,Picture,15;7,15;7,,,,1304382,0,3,8080,3,0,8000,other,0
003,130,Picture,20;7,20;7,,,,1314460,0,3,8079,3,0,8000,other,0
003,131,Picture,4;1,4;1,,,,1324539,0,3,8079,3,0,8000,other,0
003,132,Picture,23;1,23;1,,,,1334617,0,2,8079,2,0,8000,other,0
003,133,Picture,2;1,2;1,,,,1344696,0,3,8079,3,0,8000,other,0
003,134,Picture,3;6,3;6,,,,1354775,0,3,8079,3,0,8000,other,0
003,135,Picture,18;6,18;6,,,,1364853,0,3,8080,3,0,8000,other,0
003,136,Picture,11;6,11;6,,,,1374932,0,3,8079,3,0,8000,other,0
003,137,Picture,7;2,7;2,,,,1385010,0,3,8079,3,0,8000,other,0
003,138,Picture,12;2,12;2,,,,1395089,0,2,8079,2,0,8000,other,0
003,139,Picture,16;2,16;2,,,,1405167,0,3,8079,3,0,8000,other,0
003,140,Picture,6;3,6;3,,,,1415246,0,2,8079,2,0,8000,other,0
003,141,Picture,9;3,9;3,,,,1425324,0,4,8079,4,0,8000,other,0
003,142,Picture,22;3,22;3,,,,1435403,0,3,8079,3,0,8000,other,0
003,143,Picture,10;8,10;8,,,,1445481,0,2,8079,2,0,8000,other,0
003,144,Picture,8;8,8;8,,,,1455560,0,2,8079,2,0,8000,other,0
003,145,Picture,5;8,5;8,,,,1465638,0,2,8079,2,0,8000,other,0
003,146,Picture,14;5,14;5,,,,1475717,0,4,8080,4,0,8000,other,0
003,147,Picture,21;5,21;5,,,,1485795,0,5,8080,5,0,8000,other,0
003,148,Picture,24;5,24;5,,,,1495874,0,3,8079,3,0,8000,other,0
003,149,Picture,10;8,10;8,,,,1505952,0,3,8080,3,0,8000,other,0
003,150,Picture,8;8,8;8,,,,1516031,0,4,8080,4,0,8000,other,0
003,151,Picture,5;8,5;8,,,,1526109,0,4,8080,4,0,8000,other,0
003,152,Picture,4;1,4;1,,,,1536188,0,4,8079,4,0,8000,other,0
003,153,Picture,23;1,23;1,,,,1546266,0,3,8079,3,0,8000,other,0
003,154,Picture,2;1,2;1,,,,1556345,0,3,8079,3,0,8000,other,0
003,155,Picture,13;7,13;7,,,,1566423,0,5,8079,5,0,8000,other,0
003,156,Picture,15;7,15;7,,,,1576502,0,3,8079,3,0,8000,other,0
003,157,Picture,20;7,20;7,,,,1586581,0,3,8079,3,0,8000,other,0
003,158,Picture,6;3,6;3,,,,1596659,0,3,8079,3,0,8000,other,0
003,159,Picture,9;3,9;3,,,,1606738,0,4,8079,4,0,8000,other,0
003,160,Picture,22;3,22;3,,,,1616816,0,2,8079,2,0,8000,other,0
003,161,Picture,3;6,3;6,,,,1626895,0,3,8079,3,0,8000,other,0
003,162,Picture,18;6,18;6,,,,1636973,0,2,8080,2,0,8000,other,0
003,163,Picture,11;6,11;6,,,,1647052,0,3,8079,3,0,8000,other,0
003,164,Picture,7;2,7;2,,,,1657130,0,3,8080,3,0,8000,other,0
003,165,Picture,12;2,12;2,,,,1667209,0,3,8079,3,0,8000,other,0
003,166,Picture,16;2,16;2,,,,1677287,0,3,8079,3,0,8000,other,0
003,167,Picture,1;4,1;4,,,,1687366,0,3,8079,3,0,8000,other,0
003,168,Picture,19;4,19;4,,,,1697444,0,3,8079,3,0,8000,other,0
003,169,Picture,17;4,17;4,,,,1707523,0,3,8079,3,0,8000,other,0
003,170,Picture,6;3,6;3,,,,1717601,0,3,8079,3,0,8000,other,0
003,171,Picture,9;3,9;3,,,,1727680,0,4,8079,4,0,8000,other,0
003,172,Picture,22;3,22;3,,,,1737758,0,3,8079,3,0,8000,other,0
003,173,Picture,7;2,7;2,,,,1747837,0,3,8080,3,0,8000,other,0
003,174,Picture,12;2,12;2,,,,1757915,0,3,8079,3,0,8000,other,0
003,175,Picture,16;2,16;2,,,,1767994,0,4,8079,4,0,8000,other,0
003,176,Picture,4;1,4;1,,,,1778072,0,3,8079,3,0,8000,other,0
003,177,Picture,23;1,23;1,,,,1788151,0,3,8079,3,0,8000,other,0
003,178,Picture,2;1,2;1,,,,1798230,0,5,8079,5,0,8000,other,0
003,179,Picture,3;6,3;6,,,,1808308,0,4,8079,4,0,8000,other,0
003,180,Picture,18;6,18;6,,,,1818387,0,3,8079,3,0,8000,other,0
003,181,Picture,11;6,11;6,,,,1828465,0,4,8079,4,0,8000,other,0
003,182,Picture,10;8,10;8,,,,1838544,0,3,8079,3,0,8000,other,0
003,183,Picture,8;8,8;8,,,,1848622,0,4,8079,4,0,8000,other,0
003,184,Picture,5;8,5;8,,,,1858701,0,3,8079,3,0,8000,other,0
003,185,Picture,13;7,13;7,,,,1868779,0,3,8079,3,0,8000,other,0
003,186,Picture,15;7,15;7,,,,1878858,0,3,8079,3,0,8000,other,0
003,187,Picture,20;7,20;7,,,,1888936,0,3,8079,3,0,8000,other,0
003,188,Picture,1;4,1;4,,,,1899015,0,3,8079,3,0,8000,other,0
003,189,Picture,19;4,19;4,,,,1909093,0,3,8079,3,0,8000,other,0
003,190,Picture,17;4,17;4,,,,1919172,0,3,8079,3,0,8000,other,0
003,191,Picture,14;5,14;5,,,,1929250,0,3,8079,3,0,8000,other,0
003,192,Picture,21;5,21;5,,,,1939329,0,4,8079,4,0,8000,other,0
003,193,Picture,24;5,24;5,,,,1949407,0,3,8079,3,0,8000,other,0
003,194,Picture,1;4,1;4,,,,1959486,0,3,8079,3,0,8000,other,0
003,195,Picture,19;4,19;4,,,,1969564,0,3,8080,3,0,8000,other,0
003,196,Picture,17;4,17;4,,,,1979643,0,3,8079,3,0,8000,other,0
003,197,Picture,10;8,10;8,,,,1989721,0,4,8079,4,0,8000,other,0
003,198,Picture,8;8,8;8,,,,1999800,0,3,8079,3,0,8000,other,0
003,199,Picture,5;8,5;8,,,,2009879,0,3,8079,3,0,8000,other,0
003,200,Picture,14;5,14;5,,,,2019957,0,3,8079,3,0,8000,other,0
003,201,Picture,21;5,21;5,,,,2030036,0,3,8079,3,0,8000,other,0
003,202,Picture,24;5,24;5,,,,2040114,0,3,8079,3,0,8000,other,0
003,203,Picture,6;3,6;3,,,,2050193,0,4,8079,4,0,8000,other,0
003,204,Picture,9;3,9;3,,,,2060271,0,3,8079,3,0,8000,other,0
003,205,Picture,22;3,22;3,,,,2070350,0,4,8079,4,0,8000,other,0
003,206,Picture,7;2,7;2,,,,2080428,0,3,8080,3,0,8000,other,0
003,207,Picture,12;2,12;2,,,,2090507,0,3,8079,3,0,8000,other,0
003,208,Picture,16;2,16;2,,,,2100585,0,3,8079,3,0,8000,other,0
003,209,Picture,3;6,3;6,,,,2110664,0,3,8079,3,0,8000,other,0
003,210,Picture,18;6,18;6,,,,2120742,0,3,8079,3,0,8000,other,0
003,211,Picture,11;6,11;6,,,,2130821,0,3,8079,3,0,8000,other,0
003,212,Picture,13;7,13;7,,,,2140899,0,3,8079,3,0,8000,other,0
003,213,Picture,15;7,15;7,,,,2150978,0,4,8079,4,0,8000,other,0
003,214,Picture,20;7,20;7,,,,2161056,0,3,8079,3,0,8000,other,0
003,215,Picture,4;1,4;1,,,,2171135,0,3,8079,3,0,8000,other,0
003,216,Picture,23;1,23;1,,,,2181213,0,3,8079,3,0,8000,other,0
003,217,Picture,2;1,2;1,,,,2191292,0,4,8079,4,0,8000,other,0
003,218,Picture,10;8,10;8,,,,2201370,0,3,8079,3,0,8000,other,0
003,219,Picture,8;8,8;8,,,,2211449,0,3,8079,3,0,8000,other,0
003,220,Picture,5;8,5;8,,,,2221528,0,3,8079,3,0,8000,other,0
003,221,Picture,4;1,4;1,,,,2231606,0,3,8079,3,0,8000,other,0
003,222,Picture,23;1,23;1,,,,2241685,0,4,8079,4,0,8000,other,0
003,223,Picture,2;1,2;1,,,,2251763,0,3,8079,3,0,8000,other,0
003,224,Picture,3;6,3;6,,,,2261842,0,3,8079,3,0,8000,other,0
003,225,Picture,18;6,18;6,,,,2271920,0,3,8079,3,0,8000,other,0
003,226,Picture,11;6,11;6,,,,2281999,0,4,8079,4,0,8000,other,0
003,227,Picture,7;2,7;2,,,,2292077,0,3,8080,3,0,8000,other,0
003,228,Picture,12;2,12;2,,,,2302156,0,3,8079,3,0,8000,other,0
003,229,Picture,16;2,16;2,,,,2312234,0,3,8080,3,0,8000,other,0
003,230,Picture,1;4,1;4,,,,2322313,0,4,8079,4,0,8000,other,0
003,231,Picture,19;4,19;4,,,,2332391,0,3,8079,3,0,8000,other,0
003,232,Picture,17;4,17;4,,,,2342470,0,3,8079,3,0,8000,other,0
003,233,Picture,6;3,6;3,,,,2352548,0,3,8079,3,0,8000,other,0
003,234,Picture,9;3,9;3,,,,2362627,0,3,8079,3,0,8000,other,0
003,235,Picture,22;3,22;3,,,,2372705,0,4,8079,4,0,8000,other,0
003,236,Picture,13;7,13;7,,,,2382784,0,3,8079,3,0,8000,other,0
003,237,Picture,15;7,15;7,,,,2392862,0,3,8079,3,0,8000,other,0
003,238,Picture,20;7,20;7,,,,2402941,0,3,8079,3,0,8000,other,0
003,239,Picture,14;5,14;5,,,,2413019,0,4,8079,4,0,8000,other,0
003,240,Picture,21;5,21;5,,,,2423098,0,3,8079,3,0,8000,other,0
003,241,Picture,24;5,24;5,,,,2433177,0,3,8079,3,0,8000,other,0
003,242,Picture,10;8,10;8,,,,2443255,0,3,8079,3,0,8000,other,0
003,243,Picture,8;8,8;8,,,,2453334,0,3,8079,3,0,8000,other,0
003,244,Picture,5;8,5;8,,,,2463412,0,3,8079,3,0,8000,other,0
003,245,Picture,14;5,14;5,,,,2473491,0,3,8079,3,0,8000,other,0
003,246,Picture,21;5,21;5,,,,2483569,0,3,8079,3,0,8000,other,0
003,247,Picture,24;5,24;5,,,,2493648,0,3,8079,3,0,8000,other,0
003,248,Picture,3;6,3;6,,,,2503726,0,4,8079,4,0,8000,other,0
003,249,Picture,18;6,18;6,,,,2513805,0,3,8079,3,0,8000,other,0
003,250,Picture,11;6,11;6,,,,2523883,0,3,8079,3,0,8000,other,0
003,251,Picture,13;7,13;7,,,,2533962,0,3,8079,3,0,8000,other,0
003,252,Picture,15;7,15;7,,,,2544040,0,4,8080,4,0,8000,other,0
003,253,Picture,20;7,20;7,,,,2554119,0,3,8079,3,0,8000,other,0
003,254,Picture,4;1,4;1,,,,2564197,0,3,8079,3,0,8000,other,0
003,255,Picture,23;1,23;1,,,,2574276,0,3,8079,3,0,8000,other,0
003,256,Picture,2;1,2;1,,,,2584354,0,5,8079,5,0,8000,other,0
003,257,Picture,6;3,6;3,,,,2594433,0,4,8079,4,0,8000,other,0
003,258,Picture,9;3,9;3,,,,2604511,0,3,8079,3,0,8000,other,0
003,259,Picture,22;3,22;3,,,,2614590,0,3,8079,3,0,8000,other,0
003,260,Picture,1;4,1;4,,,,2624668,0,3,8079,3,0,8000,other,0
003,261,Picture,19;4,19;4,,,,2634747,0,4,8079,4,0,8000,other,0
003,262,Picture,17;4,17;4,,,,2644826,0,3,8079,3,0,8000,other,0
003,263,Picture,7;2,7;2,,,,2654904,0,3,8079,3,0,8000,other,0
003,264,Picture,12;2,12;2,,,,2664983,0,3,8079,3,0,8000,other,0
003,265,Picture,16;2,16;2,,,,2675061,0,4,8079,4,0,8000,other,0
003,266,Picture,14;5,14;5,,,,2685140,0,2,8079,2,0,8000,other,0
003,267,Picture,21;5,21;5,,,,2695218,0,3,8079,3,0,8000,other,0
003,268,Picture,24;5,24;5,,,,2705297,0,3,8079,3,0,8000,other,0
003,269,Picture,7;2,7;2,,,,2715375,0,4,8079,4,0,8000,other,0
003,270,Picture,12;2,12;2,,,,2725454,0,3,8079,3,0,8000,other,0
003,271,Picture,16;2,16;2,,,,2735532,0,4,8080,4,0,8000,other,0
003,272,Picture,6;3,6;3,,,,2745611,0,2,8079,2,0,8000,other,0
003,273,Picture,9;3,9;3,,,,2755689,0,4,8080,4,0,8000,other,0
003,274,Picture,22;3,22;3,,,,2765768,0,3,8079,3,0,8000,other,0
003,275,Picture,13;7,13;7,,,,2775846,0,2,8079,2,0,8000,other,0
003,276,Picture,15;7,15;7,,,,2785925,0,3,8079,3,0,8000,other,0
003,277,Picture,20;7,20;7,,,,2796003,0,4,8079,4,0,8000,other,0
003,278,Picture,4;1,4;1,,,,2806082,0,3,8079,3,0,8000,other,0
003,279,Picture,23;1,23;1,,,,2816160,0,3,8079,3,0,8000,other,0
003,280,Picture,2;1,2;1,,,,2826239,0,3,8079,3,0,8000,other,0
003,281,Picture,3;6,3;6,,,,2836317,0,2,8079,2,0,8000,other,0
003,282,Picture,18;6,18;6,,,,2846396,0,5,8079,5,0,8000,other,0
003,283,Picture,11;6,11;6,,,,2856474,0,3,8079,3,0,8000,other,0
003,284,Picture,10;8,10;8,,,,2866553,0,3,8079,3,0,8000,other,0
003,285,Picture,8;8,8;8,,,,2876632,0,3,8079,3,0,8000,other,0
003,286,Picture,5;8,5;8,,,,2886710,0,2,8079,2,0,8000,other,0
003,287,Picture,1;4,1;4,,,,2896789,0,2,8079,2,0,8000,other,0
003,288,Picture,19;4,19;4,,,,2906867,0,2,8079,2,0,8000,other,0
003,289,Picture,17;4,17;4,,,,2916946,0,3,8079,3,0,8000,other,0
003,290,Picture,3;6,3;6,,,,2927024,0,6,8079,6,0,8000,other,0
003,291,Picture,18;6,18;6,,,,2937103,0,3,8079,3,0,8000,other,0
003,292,Picture,11;6,11;6,,,,2947181,0,3,8079,3,0,8000,other,0
003,293,Picture,4;1,4;1,,,,2957260,0,3,8079,3,0,8000,other,0
003,294,Picture,23;1,23;1,,,,2967338,0,6,8079,6,0,8000,other,0
003,295,Picture,2;1,2;1,,,,2977417,0,3,8079,3,0,8000,other,0
003,296,Picture,1;4,1;4,,,,2987495,0,3,8079,3,0,8000,other,0
003,297,Picture,19;4,19;4,,,,2997574,0,3,8079,3,0,8000,other,0
003,298,Picture,17;4,17;4,,,,3007652,0,3,8079,3,0,8000,other,0
003,299,Picture,13;7,13;7,,,,3017731,0,3,8079,3,0,8000,other,0
003,300,Picture,15;7,15;7,,,,3027809,0,3,8079,3,0,8000,other,0
003,301,Picture,20;7,20;7,,,,3037888,0,3,8079,3,0,8000,other,0
003,302,Picture,7;2,7;2,,,,3047966,0,3,8079,3,0,8000,other,0
003,303,Picture,12;2,12;2,,,,3058045,0,4,8079,4,0,8000,other,0
003,304,Picture,16;2,16;2,,,,3068123,0,3,8079,3,0,8000,other,0
003,305,Picture,10;8,10;8,,,,3078202,0,3,8079,3,0,8000,other,0
003,306,Picture,8;8,8;8,,,,3088281,0,2,8079,2,0,8000,other,0
003,307,Picture,5;8,5;8,,,,3098359,0,3,8079,3,0,8000,other,0
003,308,Picture,6;3,6;3,,,,3108438,0,3,8079,3,0,8000,other,0
003,309,Picture,9;3,9;3,,,,3118516,0,3,8079,3,0,8000,other,0
003,310,Picture,22;3,22;3,,,,3128595,0,3,8079,3,0,8000,other,0
003,311,Picture,14;5,14;5,,,,3138673,0,4,8079,4,0,8000,other,0
003,312,Picture,21;5,21;5,,,,3148752,0,3,8079,3,0,8000,other,0
003,313,Picture,24;5,24;5,,,,3158830,0,3,8079,3,0,8000,other,0
003,314,Picture,1;4,1;4,,,,3168909,0,4,8079,4,0,8000,other,0
003,315,Picture,19;4,19;4,,,,3178987,0,3,8079,3,0,8000,other,0
003,316,Picture,17;4,17;4,,,,3189066,0,3,8080,4,0,8000,other,0
003,317,Picture,10;8,10;8,,,,3199144,0,3,8079,3,0,8000,other,0
003,318,Picture,8;8,8;8,,,,3209223,0,3,8079,3,0,8000,other,0
003,319,Picture,5;8,5;8,,,,3219301,0,3,8079,3,0,8000,other,0
003,320,Picture,13;7,13;7,,,,3229380,0,4,8080,4,0,8000,other,0
003,321,Picture,15;7,15;7,,,,3239458,0,3,8079,3,0,8000,other,0
003,322,Picture,20;7,20;7,,,,3249537,0,2,8080,2,0,8000,other,0
003,323,Picture,14;5,14;5,,,,3259615,0,3,8079,3,0,8000,other,0
003,324,Picture,21;5,21;5,,,,3269694,0,4,8079,4,0,8000,other,0
003,325,Picture,24;5,24;5,,,,3279772,0,3,8079,3,0,8000,other,0
003,326,Picture,4;1,4;1,,,,3289851,0,3,8079,3,0,8000,other,0
003,327,Picture,23;1,23;1,,,,3299930,0,3,8079,3,0,8000,other,0
003,328,Picture,2;1,2;1,,,,3310008,0,4,8079,4,0,8000,other,0
003,329,Picture,3;6,3;6,,,,3320087,0,3,8079,3,0,8000,other,0
003,330,Picture,18;6,18;6,,,,3330165,0,3,8079,3,0,8000,other,0
003,331,Picture,11;6,11;6,,,,3340244,0,3,8080,3,0,8000,other,0
003,332,Picture,7;2,7;2,,,,3350322,0,3,8079,3,0,8000,other,0
003,333,Picture,12;2,12;2,,,,3360401,0,4,8080,4,0,8000,other,0
003,334,Picture,16;2,16;2,,,,3370479,0,3,8079,3,0,8000,other,0
003,335,Picture,6;3,6;3,,,,3380558,0,3,8079,3,0,8000,other,0
003,336,Picture,9;3,9;3,,,,3390636,0,3,8079,3,0,8000,other,0
003,337,Picture,22;3,22;3,,,,3400715,0,4,8079,4,0,8000,other,0
003,338,Picture,1;4,1;4,,,,3410793,0,3,8079,3,0,8000,other,0
003,339,Picture,19;4,19;4,,,,3420872,0,4,8079,4,0,8000,other,0
003,340,Picture,17;4,17;4,,,,3430950,0,3,8079,3,0,8000,other,0
003,341,Picture,14;5,14;5,,,,3441029,0,4,8079,4,0,8000,other,0
003,342,Picture,21;5,21;5,,,,3451107,0,3,8079,3,0,8000,other,0
003,343,Picture,24;5,24;5,,,,3461186,0,3,8079,3,0,8000,other,0
003,344,Picture,4;1,4;1,,,,3471264,0,3,8079,3,0,8000,other,0
003,345,Picture,23;1,23;1,,,,3481343,0,4,8079,4,0,8000,other,0
003,346,Picture,2;1,2;1,,,,3491421,0,3,8079,3,0,8000,other,0
003,347,Picture,7;2,7;2,,,,3501500,0,3,8079,3,0,8000,other,0
003,348,Picture,12;2,12;2,,,,3511579,0,3,8079,3,0,8000,other,0
003,349,Picture,16;2,16;2,,,,3521657,0,4,8079,4,0,8000,other,0
003,350,Picture,13;7,13;7,,,,3531736,0,3,8080,3,0,8000,other,0
003,351,Picture,15;7,15;7,,,,3541814,0,3,8079,3,0,8000,other,0
003,352,Picture,20;7,20;7,,,,3551893,0,2,8079,2,0,8000,other,0
003,353,Picture,6;3,6;3,,,,3561971,0,4,8079,4,0,8000,other,0
003,354,Picture,9;3,9;3,,,,3572050,0,3,8079,3,0,8000,other,0
003,355,Picture,22;3,22;3,,,,3582128,0,3,8079,3,0,8000,other,0
003,356,Picture,3;6,3;6,,,,3592207,0,4,8079,4,0,8000,other,0
003,357,Picture,18;6,18;6,,,,3602285,0,3,8080,3,0,8000,other,0
003,358,Picture,11;6,11;6,,,,3612364,0,4,8079,4,0,8000,other,0
003,359,Picture,10;8,10;8,,,,3622442,0,3,8079,3,0,8000,other,0
003,360,Picture,8;8,8;8,,,,3632521,0,3,8079,3,0,8000,other,0
003,361,Picture,5;8,5;8,,,,3642599,0,3,8079,3,0,8000,other,0
003,362,Picture,3;6,3;6,,,,3652678,0,4,8079,5,0,8000,other,0
003,363,Picture,18;6,18;6,,,,3662756,0,3,8079,3,0,8000,other,0
003,364,Picture,11;6,11;6,,,,3672835,0,3,8079,3,0,8000,other,0
003,365,Picture,13;7,13;7,,,,3682913,0,3,8079,3,0,8000,other,0
003,366,Picture,15;7,15;7,,,,3692992,0,3,8079,3,0,8000,other,0
003,367,Picture,20;7,20;7,,,,3703070,0,4,8079,4,0,8000,other,0
003,368,Picture,1;4,1;4,,,,3713149,0,3,8079,3,0,8000,other,0
003,369,Picture,19;4,19;4,,,,3723228,0,2,8079,2,0,8000,other,0
003,370,Picture,17;4,17;4,,,,3733306,0,2,8079,2,0,8000,other,0
003,371,Picture,14;5,14;5,,,,3743385,0,4,8079,4,0,8000,other,0
003,372,Picture,21;5,21;5,,,,3753463,0,3,8079,3,0,8000,other,0
003,373,Picture,24;5,24;5,,,,3763542,0,3,8080,3,0,8000,other,0
003,374,Picture,10;8,10;8,,,,3773620,0,3,8079,3,0,8000,other,0
003,375,Picture,8;8,8;8,,,,3783699,0,4,8079,4,0,8000,other,0
003,376,Picture,5;8,5;8,,,,3793777,0,3,8079,3,0,8000,other,0
003,377,Picture,4;1,4;1,,,,3803856,0,3,8079,3,0,8000,other,0
003,378,Picture,23;1,23;1,,,,3813934,0,3,8079,3,0,8000,other,0
003,379,Picture,2;1,2;1,,,,3824013,0,4,8080,4,0,8000,other,0
003,380,Picture,6;3,6;3,,,,3834091,0,4,8079,4,0,8000,other,0
003,381,Picture,9;3,9;3,,,,3844170,0,3,8079,3,0,8000,other,0
003,382,Picture,22;3,22;3,,,,3854248,0,3,8080,3,0,8000,other,0
003,383,Picture,7;2,7;2,,,,3864327,0,3,8079,3,0,8000,other,0
003,384,Picture,12;2,12;2,,,,3874405,0,4,8079,4,0,8000,other,0
003,385,Picture,16;2,16;2,,,,3884484,0,3,8079,3,0,8000,other,0
003,386,Picture,14;5,14;5,,,,3894562,0,2,8079,2,0,8000,other,0
003,387,Picture,21;5,21;5,,,,3904641,0,3,8080,3,0,8000,other,0
003,388,Picture,24;5,24;5,,,,3914719,0,3,8079,4,0,8000,other,0
003,389,Picture,13;7,13;7,,,,3924798,0,3,8079,3,0,8000,other,0
003,390,Picture,15;7,15;7,,,,3934877,0,3,8079,3,0,8000,other,0
003,391,Picture,20;7,20;7,,,,3944955,0,3,8079,3,0,8000,other,0
003,392,Picture,6;3,6;3,,,,3955034,0,4,8079,4,0,8000,other,0
003,393,Picture,9;3,9;3,,,,3965112,0,3,8079,3,0,8000,other,0
003,394,Picture,22;3,22;3,,,,3975191,0,3,8079,3,0,8000,other,0
003,395,Picture,3;6,3;6,,,,3985269,0,3,8079,3,0,8000,other,0
003,396,Picture,18;6,18;6,,,,3995348,0,3,8079,3,0,8000,other,0
003,397,Picture,11;6,11;6,,,,4005426,0,3,8080,4,0,8000,other,0
003,398,Picture,7;2,7;2,,,,4015505,0,4,8079,4,0,8000,other,0
003,399,Picture,12;2,12;2,,,,4025583,0,3,8079,3,0,8000,other,0
003,400,Picture,16;2,16;2,,,,4035662,0,3,8079,3,0,8000,other,0
003,401,Picture,1;4,1;4,,,,4045740,0,4,8079,4,0,8000,other,0
003,402,Picture,19;4,19;4,,,,4055819,0,3,8079,3,0,8000,other,0
003,403,Picture,17;4,17;4,,,,4065897,0,2,8079,2,0,8000,other,0
003,404,Picture,4;1,4;1,,,,4075976,0,3,8079,3,0,8000,other,0
003,405,Picture,23;1,23;1,,,,4086054,0,3,8079,3,0,8000,other,0
003,406,Picture,2;1,2;1,,,,4096133,0,3,8079,3,0,8000,other,0
003,407,Picture,10;8,10;8,,,,4106211,0,3,8079,3,0,8000,other,0
003,408,Picture,8;8,8;8,,,,4116290,0,3,8079,3,0,8000,other,0
003,409,Picture,5;8,5;8,,,,4126368,0,4,8079,5,0,8000,other,0
003,410,Picture,13;7,13;7,,,,4136447,0,4,8079,4,0,8000,other,0
003,411,Picture,15;7,15;7,,,,4146526,0,3,8079,3,0,8000,other,0
003,412,Picture,20;7,20;7,,,,4156604,0,3,8079,3,0,8000,other,0
003,413,Picture,6;3,6;3,,,,4166683,0,4,8079,4,0,8000,other,0
003,414,Picture,9;3,9;3,,,,4176761,0,4,8079,4,0,8000,other,0
003,415,Picture,22;3,22;3,,,,4186840,0,3,8079,3,0,8000,other,0
003,416,Picture,7;2,7;2,,,,4196918,0,2,8079,2,0,8000,other,0
003,417,Picture,12;2,12;2,,,,4206997,0,2,8079,2,0,8000,other,0
003,418,Picture,16;2,16;2,,,,4217075,0,4,8079,4,0,8000,other,0
003,419,Picture,4;1,4;1,,,,4227154,0,3,8079,3,0,8000,other,0
003,420,Picture,23;1,23;1,,,,4237232,0,3,8080,3,0,8000,other,0
003,421,Picture,2;1,2;1,,,,4247311,0,2,8079,2,0,8000,other,0
003,422,Picture,14;5,14;5,,,,4257389,0,7,8079,7,0,8000,other,0
003,423,Picture,21;5,21;5,,,,4267468,0,2,8079,2,0,8000,other,0
003,424,Picture,24;5,24;5,,,,4277546,0,3,8080,3,0,8000,other,0
003,425,Picture,10;8,10;8,,,,4287625,0,3,8079,3,0,8000,other,0
003,426,Picture,8;8,8;8,,,,4297703,0,4,8079,4,0,8000,other,0
003,427,Picture,5;8,5;8,,,,4307782,0,3,8079,3,0,8000,other,0
003,428,Picture,1;4,1;4,,,,4317860,0,3,8079,3,0,8000,other,0
003,429,Picture,19;4,19;4,,,,4327939,0,3,8079,3,0,8000,other,0
003,430,Picture,17;4,17;4,,,,4338017,0,4,8079,4,0,8000,other,0
003,431,Picture,3;6,3;6,,,,4348096,0,3,8079,3,0,8000,other,0
003,432,Picture,18;6,18;6,,,,4358174,0,3,8079,3,0,8000,other,0
003,433,Picture,11;6,11;6,,,,4368253,0,3,8079,3,0,8000,other,0
003,434,Picture,14;5,14;5,,,,4378332,0,4,8079,4,0,8000,other,0
003,435,Picture,21;5,21;5,,,,4388410,0,4,8079,4,0,8000,other,0
003,436,Picture,24;5,24;5,,,,4398489,0,3,8079,3,0,8000,other,0
003,437,Picture,1;4,1;4,,,,4408567,0,3,8079,3,0,8000,other,0
003,438,Picture,19;4,19;4,,,,4418646,0,3,8079,3,0,8000,other,0
003,439,Picture,17;4,17;4,,,,4428724,0,4,8079,4,0,8000,other,0
003,440,Picture,6;3,6;3,,,,4438803,0,3,8079,3,0,8000,other,0
003,441,Picture,9;3,9;3,,,,4448881,0,3,8079,3,0,8000,other,0
003,442,Picture,22;3,22;3,,,,4458960,0,3,8079,3,0,8000,other,0
003,443,Picture,3;6,3;6,,,,4469038,0,4,8079,4,0,8000,other,0
003,444,Picture,18;6,18;6,,,,4479117,0,3,8079,3,0,8000,other,0
003,445,Picture,11;6,11;6,,,,4489195,0,4,8079,4,0,8000,other,0
003,446,Picture,4;1,4;1,,,,4499274,0,3,8079,3,0,8000,other,0
003,447,Picture,23;1,23;1,,,,4509352,0,2,8079,2,0,8000,other,0
003,448,Picture,2;1,2;1,,,,4519431,0,4,8079,4,0,8000,other,0
003,449,Picture,7;2,7;2,,,,4529509,0,3,8080,3,0,8000,other,0
003,450,Picture,12;2,12;2,,,,4539588,0,3,8079,3,0,8000,other,0
003,451,Picture,16;2,16;2,,,,4549666,0,3,8079,3,0,8000,other,0
003,452,Picture,10;8,10;8,,,,4559745,0,4,8079,4,0,8000,other,0
003,453,Picture,8;8,8;8,,,,4569824,0,2,8079,2,0,8000,other,0
003,454,Picture,5;8,5;8,,,,4579902,0,3,8079,3,0,8000,other,0
003,455,Picture,13;7,13;7,,,,4589981,0,3,8079,3,0,8000,other,0
003,456,Picture,15;7,15;7,,,,4600059,0,4,8079,4,0,8000,other,0
003,457,Picture,20;7,20;7,,,,4610138,0,3,8079,3,0,8000,other,0
003,458,Picture,3;6,3;6,,,,4620216,0,3,8079,3,0,8000,other,0
003,459,Picture,18;6,18;6,,,,4630295,0,3,8079,3,0,8000,other,0
003,460,Picture,11;6,11;6,,,,4640373,0,4,8079,4,0,8000,other,0
003,461,Picture,6;3,6;3,,,,4650452,0,3,8079,3,0,8000,other,0
003,462,Picture,9;3,9;3,,,,4660530,0,3,8079,3,0,8000,other,0
003,463,Picture,22;3,22;3,,,,4670609,0,3,8079,3,0,8000,other,0
003,464,Picture,14;5,14;5,,,,4680687,0,4,8079,4,0,8000,other,0
003,465,Picture,21;5,21;5,,,,4690766,0,3,8079,3,0,8000,other,0
003,466,Picture,24;5,24;5,,,,4700844,0,3,8079,3,0,8000,other,0
003,467,Picture,7;2,7;2,,,,4710923,0,3,8079,3,0,8000,other,0
003,468,Picture,12;2,12;2,,,,4721001,0,4,8079,4,0,8000,other,0
003,469,Picture,16;2,16;2,,,,4731080,0,3,8079,3,0,8000,other,0
003,470,Picture,10;8,10;8,,,,4741158,0,3,8079,3,0,8000,other,0
003,471,Picture,8;8,8;8,,,,4751237,0,3,8079,3,0,8000,other,0
003,472,Picture,5;8,5;8,,,,4761315,0,4,8079,4,0,8000,other,0
003,473,Picture,4;1,4;1,,,,4771394,0,3,8079,3,0,8000,other,0
003,474,Picture,23;1,23;1,,,,4781472,0,3,8079,3,0,8000,other,0
003,475,Picture,2;1,2;1,,,,4791551,0,3,8079,3,0,8000,other,0
003,476,Picture,1;4,1;4,,,,4801630,0,4,8079,4,0,8000,other,0
003,477,Picture,19;4,19;4,,,,4811708,0,3,8079,3,0,8000,other,0
003,478,Picture,17;4,17;4,,,,4821787,0,3,8079,3,0,8000,other,0
003,479,Picture,13;7,13;7,,,,4831865,0,3,8079,3,0,8000,other,0
003,480,Picture,15;7,15;7,,,,4841944,0,3,8080,3,0,8000,other,0
003,481,Picture,20;7,20;7,,,,4852022,0,3,8079,3,0,8000,other,0
003,482,Picture,3;6,3;6,,,,4862101,0,3,8080,3,0,8000,other,0
003,483,Picture,18;6,18;6,,,,4872179,0,3,8079,3,0,8000,other,0
003,484,Picture,11;6,11;6,,,,4882258,0,3,8079,3,0,8000,other,0
003,485,Picture,7;2,7;2,,,,4892336,0,4,8079,4,0,8000,other,0
003,486,Picture,12;2,12;2,,,,4902415,0,3,8079,3,0,8000,other,0
003,487,Picture,16;2,16;2,,,,4912493,0,3,8079,3,0,8000,other,0
003,488,Picture,10;8,10;8,,,,4922572,0,3,8079,3,0,8000,other,0
003,489,Picture,8;8,8;8,,,,4932650,0,4,8079,4,0,8000,other,0
003,490,Picture,5;8,5;8,,,,4942729,0,3,8079,3,0,8000,other,0
003,491,Picture,14;5,14;5,,,,4952807,0,3,8080,3,0,8000,other,0
003,492,Picture,21;5,21;5,,,,4962886,0,3,8079,3,0,8000,other,0
003,493,Picture,24;5,24;5,,,,4972964,0,3,8079,3,0,8000,other,0
003,494,Picture,1;4,1;4,,,,4983043,0,3,8079,3,0,8000,other,0
003,495,Picture,19;4,19;4,,,,4993121,0,3,8080,3,0,8000,other,0
003,496,Picture,17;4,17;4,,,,5003200,0,3,8079,3,0,8000,other,0
003,497,Picture,6;3,6;3,,,,5013279,0,3,8079,3,0,8000,other,0
003,498,Picture,9;3,9;3,,,,5023357,0,4,8079,4,0,8000,other,0
003,499,Picture,22;3,22;3,,,,5033436,0,3,8079,3,0,8000,other,0
003,500,Picture,13;7,13;7,,,,5043514,0,3,8079,3,0,8000,other,0
003,501,Picture,15;7,15;7,,,,5053593,0,3,8079,3,0,8000,other,0
003,502,Picture,20;7,20;7,,,,5063671,0,4,8079,4,0,8000,other,0
003,503,Picture,4;1,4;1,,,,5073750,0,3,8079,4,0,8000,other,0
003,504,Picture,23;1,23;1,,,,5083828,0,2,8079,2,0,8000,other,0
003,505,Picture,2;1,2;1,,,,5093907,0,3,8079,3,0,8000,other,0
003,506,Picture,14;5,14;5,,,,5103985,0,4,8079,4,0,8000,other,0
003,507,Picture,21;5,21;5,,,,5114064,0,3,8079,3,0,8000,other,0
003,508,Picture,24;5,24;5,,,,5124142,0,3,8079,3,0,8000,other,0
003,509,Picture,13;7,13;7,,,,5134221,0,3,8079,3,0,8000,other,0
003,510,Picture,15;7,15;7,,,,5144299,0,4,8079,4,0,8000,other,0
003,511,Picture,20;7,20;7,,,,5154378,0,4,8079,4,0,8000,other,0
003,512,Picture,4;1,4;1,,,,5164456,0,3,8080,3,0,8000,other,0
003,513,Picture,23;1,23;1,,,,5174535,0,3,8079,3,0,8000,other,0
003,514,Picture,2;1,2;1,,,,5184613,0,3,8079,3,0,8000,other,0
003,515,Picture,3;6,3;6,,,,5194692,0,4,8079,4,0,8000,other,0
003,516,Picture,18;6,18;6,,,,5204770,0,3,8080,3,0,8000,other,0
003,517,Picture,11;6,11;6,,,,5214849,0,3,8079,3,0,8000,other,0
003,518,Picture,6;3,6;3,,,,5224928,0,3,8079,3,0,8000,other,0
003,519,Picture,9;3,9;3,,,,5235006,0,3,8079,3,0,8000,other,0
003,520,Picture,22;3,22;3,,,,5245085,0,4,8079,4,0,8000,other,0
003,521,Picture,7;2,7;2,,,,5255163,0,3,8079,3,0,8000,other,0
003,522,Picture,12;2,12;2,,,,5265242,0,3,8079,3,0,8000,other,0
003,523,Picture,16;2,16;2,,,,5275320,0,2,8079,2,0,8000,other,0
003,524,Picture,10;8,10;8,,,,5285399,0,4,8079,4,0,8000,other,0
003,525,Picture,8;8,8;8,,,,5295477,0,3,8079,3,0,8000,other,0
003,526,Picture,5;8,5;8,,,,5305556,0,3,8079,3,0,8000,other,0
003,527,Picture,1;4,1;4,,,,5315634,0,3,8080,3,0,8000,other,0
003,528,Picture,19;4,19;4,,,,5325713,0,4,8080,4,0,8000,other,0
003,529,Picture,17;4,17;4,,,,5335791,0,3,8079,3,0,8000,other,0
003,530,Picture,7;2,7;2,,,,5345870,0,3,8079,3,0,8000,other,0
003,531,Picture,12;2,12;2,,,,5355948,0,3,8079,3,0,8000,other,0
003,532,Picture,16;2,16;2,,,,5366027,0,3,8079,3,0,8000,other,0
003,533,Picture,10;8,10;8,,,,5376105,0,3,8080,3,0,8000,other,0
003,534,Picture,8;8,8;8,,,,5386184,0,2,8079,2,0,8000,other,0
003,535,Picture,5;8,5;8,,,,5396262,0,3,8079,3,0,8000,other,0
003,536,Picture,14;5,14;5,,,,5406341,0,3,8079,3,0,8000,other,0
003,537,Picture,21;5,21;5,,,,5416419,0,5,8080,5,0,8000,other,0
003,538,Picture,24;5,24;5,,,,5426498,0,3,8079,3,0,8000,other,0
003,539,Picture,3;6,3;6,,,,5436577,0,3,8079,3,0,8000,other,0
003,540,Picture,18;6,18;6,,,,5446655,0,5,8079,5,0,8000,other,0
003,541,Picture,11;6,11;6,,,,5456734,0,4,8079,4,0,8000,other,0
003,542,Picture,6;3,6;3,,,,5466812,0,3,8079,3,0,8000,other,0
003,543,Picture,9;3,9;3,,,,5476891,0,3,8079,3,0,8000,other,0
003,544,Picture,22;3,22;3,,,,5486969,0,3,8079,3,0,8000,other,0
003,545,Picture,4;1,4;1,,,,5497048,0,3,8079,3,0,8000,other,0
003,546,Picture,23;1,23;1,,,,5507126,0,4,8079,4,0,8000,other,0
003,547,Picture,2;1,2;1,,,,5517205,0,3,8079,3,0,8000,other,0
003,548,Picture,1;4,1;4,,,,5527283,0,3,8079,3,0,8000,other,0
003,549,Picture,19;4,19;4,,,,5537362,0,4,8079,4,0,8000,other,0
003,550,Picture,17;4,17;4,,,,5547440,0,2,8080,2,0,8000,other,0
003,551,Picture,13;7,13;7,,,,5557519,0,3,8079,3,0,8000,other,0
003,552,Picture,15;7,15;7,,,,5567597,0,3,8079,3,0,8000,other,0
003,553,Picture,20;7,20;7,,,,5577676,0,4,8079,4,0,8000,other,0
003,554,Picture,1;4,1;4,,,,5587754,0,3,8079,3,0,8000,other,0
003,555,Picture,19;4,19;4,,,,5597833,0,3,8079,3,0,8000,other,0
003,556,Picture,17;4,17;4,,,,5607911,0,3,8079,3,0,8000,other,0
003,557,Picture,6;3,6;3,,,,5617990,0,4,8079,4,0,8000,other,0
003,558,Picture,9;3,9;3,,,,5628068,0,5,8079,5,0,8000,other,0
003,559,Picture,22;3,22;3,,,,5638147,0,3,8079,3,0,8000,other,0
003,560,Picture,3;6,3;6,,,,5648225,0,3,8080,3,0,8000,other,0
003,561,Picture,18;6,18;6,,,,5658304,0,3,8079,3,0,8000,other,0
003,562,Picture,11;6,11;6,,,,5668383,0,4,8079,4,0,8000,other,0
003,563,Picture,14;5,14;5,,,,5678461,0,3,8079,3,0,8000,other,0
003,564,Picture,21;5,21;5,,,,5688540,0,3,8079,3,0,8000,other,0
003,565,Picture,24;5,24;5,,,,5698618,0,3,8079,3,0,8000,other,0
003,566,Picture,13;7,13;7,,,,5708697,0,4,8079,4,0,8000,other,0
003,567,Picture,15;7,15;7,,,,5718775,0,3,8079,3,0,8000,other,0
003,568,Picture,20;7,20;7,,,,5728854,0,3,8079,3,0,8000,other,0
003,569,Picture,10;8,10;8,,,,5738932,0,3,8079,3,0,8000,other,0
003,570,Picture,8;8,8;8,,,,5749011,0,4,8079,4,0,8000,other,0
003,571,Picture,5;8,5;8,,,,5759089,0,3,8079,3,0,8000,other,0
003,572,Picture,7;2,7;2,,,,5769168,0,3,8079,3,0,8000,other,0
003,573,Picture,12;2,12;2,,,,5779246,0,4,8079,4,0,8000,other,0
003,574,Picture,16;2,16;2,,,,5789325,0,4,8079,4,0,8000,other,0
003,575,Picture,4;1,4;1,,,,5799403,0,3,8079,3,0,8000,other,0
003,576,Picture,23;1,23;1,,,,5809482,0,3,8079,3,0,8000,other,0
003,577,Picture,2;1,2;1,,,,5819560,0,3,8079,3,0,8000,other,0
003,578,Picture,2;1,2;1,,,,5829639,0,3,8079,3,0,8000,other,0
003,579,Picture,break,break,,,,5839717,0,1,75880,1,0,next,other,0
003,579,Response,3,,,,,5915486,75769,8
003,580,Picture,inst3,inst3,,,,5915598,0,1,21490,1,0,next,other,0
003,580,Response,4,,,,,5937003,21405,5
003,581,Picture,inst3,inst3,,,,5937088,0,1,87208,3,0,next,other,0
003,581,Response,4,,,,,6024204,87116,5
003,582,Picture,6;3;2,6;3;2,,,,6024296,0,3,8079,3,0,8000,other,0
003,583,Picture,19;3;2,19;3;2,,,,6034375,0,3,8079,3,0,8000,other,0
003,584,Picture,2;3;2,2;3;2,,,,6044453,0,3,8079,3,0,8000,other,0
003,584,Response,1,,,,,6052364,7911,5
003,585,Picture,pause,pause,,,,6054532,0,1,10079,3,0,next,other,0
003,586,Picture,6;3;1,6;3;1,,,,6064610,0,3,8079,3,0,8000,other,0
003,587,Picture,9;3;1,9;3;1,,,,6074689,0,4,8079,4,0,8000,other,0
003,588,Picture,22;3;1,22;3;1,,,,6084767,0,3,8079,3,0,8000,other,0
003,589,Picture,pause,pause,,,,6094846,0,1,10079,1,0,next,other,0
003,589,Response,2,,,,,6101163,6317,5
003,590,Picture,question,question,,,,6104924,0,1,30319,2,0,next,other,0
003,590,Response,1,,,,,6135163,30239,4
003,591,Picture,13;7;1,13;7;1,,,,6135243,0,2,8079,2,0,8000,other,0
003,592,Picture,15;7;1,15;7;1,,,,6145322,0,2,8080,2,0,8000,other,0
003,593,Picture,20;7;1,20;7;1,,,,6155400,0,4,8079,4,0,8000,other,0
003,594,Picture,pause,pause,,,,6165479,0,1,10079,3,0,next,other,0
003,595,Picture,10;8;2,10;8;2,,,,6175557,0,3,8079,3,0,8000,other,0
003,596,Picture,21;8;2,21;8;2,,,,6185636,0,3,8079,3,0,8000,other,0
003,597,Picture,11;8;2,11;8;2,,,,6195714,0,4,8079,4,0,8000,other,0
003,598,Picture,pause,pause,,,,6205793,0,1,10079,1,0,next,other,0
003,599,Picture,question,question,,,,6215871,0,1,14993,2,0,next,other,0
003,599,Response,2,,,,,6230763,14892,3
003,600,Picture,3;6;2,3;6;2,,,,6230864,0,2,8079,2,0,8000,other,0
003,601,Picture,15;6;2,15;6;2,,,,6240943,0,3,8079,3,0,8000,other,0
003,602,Picture,5;6;2,5;6;2,,,,6251021,0,3,8080,3,0,8000,other,0
003,603,Picture,pause,pause,,,,6261100,0,1,10079,3,0,next,other,0
003,604,Picture,10;8;1,10;8;1,,,,6271178,0,3,8079,3,0,8000,other,0
003,605,Picture,8;8;1,8;8;1,,,,6281257,0,3,8079,3,0,8000,other,0
003,606,Picture,5;8;1,5;8;1,,,,6291335,0,4,8079,4,0,8000,other,0
003,607,Picture,pause,pause,,,,6301414,0,1,10079,1,0,next,other,0
003,608,Picture,question,question,,,,6311492,0,1,14077,2,0,next,other,0
003,608,Response,2,,,,,6325483,13991,3
003,609,Picture,7;2;2,7;2;2,,,,6325569,0,2,8079,2,0,8000,other,0
003,610,Picture,9;2;2,9;2;2,,,,6335647,0,3,8079,3,0,8000,other,0
003,611,Picture,17;2;2,17;2;2,,,,6345726,0,3,8080,3,0,8000,other,0
003,612,Picture,pause,pause,,,,6355804,0,1,10079,3,0,next,other,0
003,613,Picture,4;1;1,4;1;1,,,,6365883,0,3,8079,3,0,8000,other,0
003,614,Picture,23;1;1,23;1;1,,,,6375962,0,3,8079,3,0,8000,other,0
003,615,Picture,2;1;1,2;1;1,,,,6386040,0,5,8079,5,0,8000,other,0
003,616,Picture,pause,pause,,,,6396119,0,1,10079,1,0,next,other,0
003,617,Picture,question,question,,,,6406197,0,1,19158,3,0,next,other,0
003,617,Response,1,,,,,6425243,19046,3
003,618,Picture,3;6;2,3;6;2,,,,6425355,0,3,8079,3,0,8000,other,0
003,619,Picture,15;6;2,15;6;2,,,,6435433,0,3,8080,3,0,8000,other,0
003,620,Picture,5;6;2,5;6;2,,,,6445512,0,5,8079,5,0,8000,other,0
003,621,Picture,pause,pause,,,,6455590,0,1,10079,4,0,next,other,0
003,622,Picture,13;7;1,13;7;1,,,,6465669,0,4,8079,4,0,8000,other,0
003,623,Picture,15;7;1,15;7;1,,,,6475747,0,3,8079,3,0,8000,other,0
003,624,Picture,20;7;1,20;7;1,,,,6485826,0,3,8079,3,0,8000,other,0
003,625,Picture,pause,pause,,,,6495904,0,1,10079,1,0,next,other,0
003,626,Picture,question,question,,,,6505983,0,1,12661,3,0,next,other,0
003,626,Response,2,,,,,6518603,12620,4
003,627,Picture,1;4;2,1;4;2,,,,6518643,0,3,8080,3,0,8000,other,0
003,628,Picture,23;4;2,23;4;2,,,,6528722,0,3,8079,3,0,8000,other,0
003,629,Picture,16;4;2,16;4;2,,,,6538800,0,3,8080,3,0,8000,other,0
003,630,Picture,pause,pause,,,,6548879,0,1,10079,2,0,next,other,0
003,631,Picture,1;4;1,1;4;1,,,,6558958,0,2,8079,2,0,8000,other,0
003,632,Picture,19;4;1,19;4;1,,,,6569036,0,5,8079,5,0,8000,other,0
003,633,Picture,17;4;1,17;4;1,,,,6579115,0,3,8079,3,0,8000,other,0
003,634,Picture,pause,pause,,,,6589193,0,1,10079,1,0,next,other,0
003,635,Picture,question,question,,,,6599272,0,1,20490,2,0,next,other,0
003,635,Response,1,,,,,6619723,20451,5
003,636,Picture,10;8;1,10;8;1,,,,6619762,0,2,8079,2,0,8000,other,0
003,637,Picture,8;8;1,8;8;1,,,,6629840,0,3,8079,3,0,8000,other,0
003,638,Picture,5;8;1,5;8;1,,,,6639919,0,3,8079,3,0,8000,other,0
003,639,Picture,pause,pause,,,,6649997,0,1,10079,6,0,next,other,0
003,640,Picture,13;7;2,13;7;2,,,,6660076,0,6,8079,6,0,8000,other,0
003,641,Picture,8;7;2,8;7;2,,,,6670154,0,3,8079,3,0,8000,other,0
003,642,Picture,24;7;2,24;7;2,,,,6680233,0,2,8079,2,0,8000,other,0
003,643,Picture,pause,pause,,,,6690312,0,1,10079,1,0,next,other,0
003,644,Picture,question,question,,,,6700390,0,1,36316,3,0,next,other,0
003,644,Response,2,,,,,6736603,36213,4
003,645,Picture,7;2;1,7;2;1,,,,6736706,0,3,8079,3,0,8000,other,0
003,646,Picture,12;2;1,12;2;1,,,,6746785,0,3,8079,3,0,8000,other,0
003,647,Picture,16;2;1,16;2;1,,,,6756863,0,3,8079,3,0,8000,other,0
003,648,Picture,pause,pause,,,,6766942,0,1,10078,6,0,next,other,0
003,649,Picture,7;2;2,7;2;2,,,,6777020,0,6,8080,6,0,8000,other,0
003,650,Picture,9;2;2,9;2;2,,,,6787099,0,3,8080,3,0,8000,other,0
003,651,Picture,17;2;2,17;2;2,,,,6797177,0,3,8079,3,0,8000,other,0
003,652,Picture,pause,pause,,,,6807256,0,1,10079,1,0,next,other,0
003,653,Picture,question,question,,,,6817334,0,1,63137,2,0,next,other,0
003,653,Response,1,,,,,6880364,63029,5
003,654,Picture,13;7;1,13;7;1,,,,6880471,0,2,8079,2,0,8000,other,0
003,655,Picture,15;7;1,15;7;1,,,,6890549,0,3,8080,3,0,8000,other,0
003,656,Picture,20;7;1,20;7;1,,,,6900628,0,3,8080,3,0,8000,other,0
003,657,Picture,pause,pause,,,,6910706,0,1,10079,3,0,next,other,0
003,658,Picture,13;7;2,13;7;2,,,,6920785,0,3,8079,3,0,8000,other,0
003,659,Picture,8;7;2,8;7;2,,,,6930863,0,4,8080,4,0,8000,other,0
003,660,Picture,24;7;2,24;7;2,,,,6940942,0,3,8079,3,0,8000,other,0
003,661,Picture,pause,pause,,,,6951020,0,1,10079,1,0,next,other,0
003,662,Picture,question,question,,,,6961099,0,1,30652,3,0,next,other,0
003,662,Response,1,,,,,6991644,30545,5
003,663,Picture,4;1;1,4;1;1,,,,6991751,0,3,8079,3,0,8000,other,0
003,664,Picture,23;1;1,23;1;1,,,,7001830,0,3,8079,3,0,8000,other,0
003,665,Picture,2;1;1,2;1;1,,,,7011908,0,3,8079,3,0,8000,other,0
003,666,Picture,pause,pause,,,,7021987,0,1,10079,4,0,next,other,0
003,667,Picture,4;1;2,4;1;2,,,,7032065,0,4,8079,4,0,8000,other,0
003,668,Picture,12;1;2,12;1;2,,,,7042144,0,3,8079,3,0,8000,other,0
003,669,Picture,22;1;2,22;1;2,,,,7052222,0,4,8079,4,0,8000,other,0
003,670,Picture,pause,pause,,,,7062301,0,1,10079,1,0,next,other,0
003,671,Picture,question,question,,,,7072379,0,1,17325,3,0,next,other,0
003,671,Response,2,,,,,7089643,17264,4
003,672,Picture,7;2;1,7;2;1,,,,7089704,0,3,8079,3,0,8000,other,0
003,673,Picture,12;2;1,12;2;1,,,,7099783,0,3,8080,3,0,8000,other,0
003,674,Picture,16;2;1,16;2;1,,,,7109861,0,3,8079,3,0,8000,other,0
003,675,Picture,pause,pause,,,,7119940,0,1,10079,4,0,next,other,0
003,676,Picture,4;1;2,4;1;2,,,,7130018,0,4,8079,4,0,8000,other,0
003,677,Picture,12;1;2,12;1;2,,,,7140097,0,3,8079,3,0,8000,other,0
003,678,Picture,22;1;2,22;1;2,,,,7150175,0,3,8079,3,0,8000,other,0
003,679,Picture,pause,pause,,,,7160254,0,1,10079,1,0,next,other,0
003,680,Picture,question,question,,,,7170332,0,1,9495,3,0,next,other,0
003,680,Response,2,,,,,7179724,9391,3
003,681,Picture,10;8;2,10;8;2,,,,7179828,0,3,8079,3,0,8000,other,0
003,682,Picture,21;8;2,21;8;2,,,,7189906,0,5,8079,5,0,8000,other,0
003,683,Picture,11;8;2,11;8;2,,,,7199985,0,3,8079,3,0,8000,other,0
003,684,Picture,pause,pause,,,,7210063,0,1,10079,3,0,next,other,0
003,685,Picture,10;8;1,10;8;1,,,,7220142,0,3,8079,3,0,8000,other,0
003,686,Picture,8;8;1,8;8;1,,,,7230221,0,3,8079,3,0,8000,other,0
003,687,Picture,5;8;1,5;8;1,,,,7240299,0,3,8079,3,0,8000,other,0
003,688,Picture,pause,pause,,,,7250378,0,1,10079,1,0,next,other,0
003,689,Picture,question,question,,,,7260456,0,1,20157,3,0,next,other,0
003,689,Response,2,,,,,7280523,20067,4
003,690,Picture,10;8;1,10;8;1,,,,7280613,0,3,8079,3,0,8000,other,0
003,691,Picture,8;8;1,8;8;1,,,,7290692,0,4,8079,4,0,8000,other,0
003,692,Picture,5;8;1,5;8;1,,,,7300770,0,3,8079,3,0,8000,other,0
003,693,Picture,pause,pause,,,,7310849,0,1,10079,3,0,next,other,0
003,694,Picture,14;5;2,14;5;2,,,,7320927,0,3,8079,3,0,8000,other,0
003,695,Picture,18;5;2,18;5;2,,,,7331006,0,4,8079,4,0,8000,other,0
003,696,Picture,20;5;2,20;5;2,,,,7341084,0,6,8079,6,0,8000,other,0
003,697,Picture,pause,pause,,,,7351163,0,1,10079,1,0,next,other,0
003,698,Picture,question,question,,,,7361241,0,1,11411,2,0,next,other,0
003,698,Response,2,,,,,7372603,11361,4
003,699,Picture,4;1;1,4;1;1,,,,7372653,0,2,8079,2,0,8000,other,0
003,700,Picture,23;1;1,23;1;1,,,,7382731,0,4,8080,4,0,8000,other,0
003,701,Picture,2;1;1,2;1;1,,,,7392810,0,3,8079,3,0,8000,other,0
003,702,Picture,pause,pause,,,,7402888,0,1,10079,3,0,next,other,0
003,703,Picture,6;3;2,6;3;2,,,,7412967,0,3,8079,3,0,8000,other,0
003,704,Picture,19;3;2,19;3;2,,,,7423045,0,4,8079,4,0,8000,other,0
003,705,Picture,2;3;2,2;3;2,,,,7433124,0,3,8079,3,0,8000,other,0
003,706,Picture,pause,pause,,,,7443202,0,1,10079,1,0,next,other,0
003,707,Picture,question,question,,,,7453281,0,1,114195,2,0,next,other,0
003,707,Response,1,,,,,7567403,114122,3
003,708,Picture,7;2;1,7;2;1,,,,7567476,0,2,8079,2,0,8000,other,0
003,709,Picture,12;2;1,12;2;1,,,,7577555,0,3,8080,3,0,8000,other,0
003,710,Picture,16;2;1,16;2;1,,,,7587633,0,3,8079,3,0,8000,other,0
003,711,Picture,pause,pause,,,,7597712,0,1,10079,3,0,next,other,0
003,712,Picture,6;3;2,6;3;2,,,,7607790,0,3,8079,3,0,8000,other,0
003,713,Picture,19;3;2,19;3;2,,,,7617869,0,3,8079,3,0,8000,other,0
003,714,Picture,2;3;2,2;3;2,,,,7627947,0,2,8079,3,0,8000,other,0
003,715,Picture,pause,pause,,,,7638026,0,1,10079,1,0,next,other,0
003,716,Picture,question,question,,,,7648104,0,1,20240,4,0,next,other,0
003,716,Response,2,,,,,7668283,20178,4
003,717,Picture,7;2;2,7;2;2,,,,7668345,0,4,8079,4,0,8000,other,0
003,718,Picture,9;2;2,9;2;2,,,,7678423,0,3,8079,3,0,8000,other,0
003,719,Picture,17;2;2,17;2;2,,,,7688502,0,3,8079,3,0,8000,other,0
003,720,Picture,pause,pause,,,,7698580,0,1,10079,3,0,next,other,0
003,721,Picture,1;4;1,1;4;1,,,,7708659,0,3,8079,3,0,8000,other,0
003,722,Picture,19;4;1,19;4;1,,,,7718737,0,3,8079,3,0,8000,other,0
003,723,Picture,17;4;1,17;4;1,,,,7728816,0,3,8079,3,0,8000,other,0
003,724,Picture,pause,pause,,,,7738894,0,1,10079,1,0,next,other,0
003,725,Picture,question,question,,,,7748973,0,1,62054,3,0,next,other,0
003,725,Response,2,,,,,7810923,61950,4
003,726,Picture,14;5;1,14;5;1,,,,7811027,0,3,8079,3,0,8000,other,0
003,727,Picture,21;5;1,21;5;1,,,,7821105,0,4,8079,4,0,8000,other,0
003,728,Picture,24;5;1,24;5;1,,,,7831184,0,3,8079,3,0,8000,other,0
003,729,Picture,pause,pause,,,,7841262,0,1,10079,4,0,next,other,0
003,730,Picture,10;8;2,10;8;2,,,,7851341,0,4,8080,4,0,8000,other,0
003,731,Picture,21;8;2,21;8;2,,,,7861419,0,3,8079,3,0,8000,other,0
003,732,Picture,11;8;2,11;8;2,,,,7871498,0,3,8079,3,0,8000,other,0
003,733,Picture,pause,pause,,,,7881576,0,1,10079,1,0,next,other,0
003,734,Picture,question,question,,,,7891655,0,1,13660,3,0,next,other,0
003,734,Response,1,,,,,7905243,13588,3
003,735,Picture,1;4;2,1;4;2,,,,7905315,0,3,8079,3,0,8000,other,0
003,736,Picture,23;4;2,23;4;2,,,,7915394,0,3,8079,3,0,8000,other,0
003,737,Picture,16;4;2,16;4;2,,,,7925472,0,3,8079,3,0,8000,other,0
003,738,Picture,pause,pause,,,,7935551,0,1,10079,3,0,next,other,0
003,739,Picture,7;2;1,7;2;1,,,,7945629,0,3,8079,3,0,8000,other,0
003,740,Picture,12;2;1,12;2;1,,,,7955708,0,3,8079,3,0,8000,other,0
003,741,Picture,16;2;1,16;2;1,,,,7965786,0,3,8079,3,0,8000,other,0
003,742,Picture,pause,pause,,,,7975865,0,1,10079,1,0,next,other,0
003,743,Picture,question,question,,,,7985943,0,1,5914,2,0,next,other,0
003,743,Response,1,,,,,7991803,5860,5
003,744,Picture,3;6;2,3;6;2,,,,7991857,0,2,8079,2,0,8000,other,0
003,745,Picture,15;6;2,15;6;2,,,,8001936,0,3,8079,3,0,8000,other,0
003,746,Picture,5;6;2,5;6;2,,,,8012014,0,3,8079,3,0,8000,other,0
003,747,Picture,pause,pause,,,,8022093,0,1,10079,3,0,next,other,0
003,748,Picture,3;6;1,3;6;1,,,,8032171,0,3,8079,3,0,8000,other,0
003,749,Picture,18;6;1,18;6;1,,,,8042250,0,3,8079,3,0,8000,other,0
003,750,Picture,11;6;1,11;6;1,,,,8052328,0,4,8079,4,0,8000,other,0
003,751,Picture,pause,pause,,,,8062407,0,1,10079,1,0,next,other,0
003,752,Picture,question,question,,,,8072485,0,1,6663,2,0,next,other,0
003,752,Response,1,,,,,8079083,6597,4
003,753,Picture,13;7;2,13;7;2,,,,8079149,0,2,8079,2,0,8000,other,0
003,754,Picture,8;7;2,8;7;2,,,,8089227,0,3,8079,3,0,8000,other,0
003,755,Picture,24;7;2,24;7;2,,,,8099306,0,3,8079,3,0,8000,other,0
003,756,Picture,pause,pause,,,,8109384,0,1,10079,3,0,next,other,0
003,757,Picture,3;6;1,3;6;1,,,,8119463,0,3,8079,3,0,8000,other,0
003,758,Picture,18;6;1,18;6;1,,,,8129541,0,3,8079,3,0,8000,other,0
003,759,Picture,11;6;1,11;6;1,,,,8139620,0,3,8079,3,0,8000,other,0
003,760,Picture,pause,pause,,,,8149698,0,1,10079,1,0,next,other,0
003,761,Picture,question,question,,,,8159777,0,1,16492,2,0,next,other,0
003,761,Response,1,,,,,8176203,16426,4
003,762,Picture,3;6;1,3;6;1,,,,8176269,0,2,8079,2,0,8000,other,0
003,763,Picture,18;6;1,18;6;1,,,,8186348,0,3,8079,3,0,8000,other,0
003,764,Picture,11;6;1,11;6;1,,,,8196426,0,3,8079,3,0,8000,other,0
003,765,Picture,pause,pause,,,,8206505,0,1,10079,3,0,next,other,0
003,766,Picture,10;8;2,10;8;2,,,,8216583,0,3,8079,3,0,8000,other,0
003,767,Picture,21;8;2,21;8;2,,,,8226662,0,2,8079,2,0,8000,other,0
003,768,Picture,11;8;2,11;8;2,,,,8236740,0,3,8079,3,0,8000,other,0
003,769,Picture,pause,pause,,,,8246819,0,1,10079,1,0,next,other,0
003,770,Picture,question,question,,,,8256897,0,1,12078,2,0,next,other,0
003,770,Response,2,,,,,8268923,12026,4
003,771,Picture,6;3;2,6;3;2,,,,8268975,0,2,8079,2,0,8000,other,0
003,772,Picture,19;3;2,19;3;2,,,,8279053,0,4,8079,4,0,8000,other,0
003,773,Picture,2;3;2,2;3;2,,,,8289132,0,3,8079,3,0,8000,other,0
003,774,Picture,pause,pause,,,,8299210,0,1,10079,3,0,next,other,0
003,775,Picture,1;4;1,1;4;1,,,,8309289,0,3,8079,3,0,8000,other,0
003,776,Picture,19;4;1,19;4;1,,,,8319367,0,3,8079,4,0,8000,other,0
003,777,Picture,17;4;1,17;4;1,,,,8329446,0,3,8079,3,0,8000,other,0
003,778,Picture,pause,pause,,,,8339524,0,1,10079,1,0,next,other,0
003,779,Picture,question,question,,,,8349603,0,1,30569,2,0,next,other,0
003,779,Response,1,,,,,8380123,30520,3
003,780,Picture,14;5;1,14;5;1,,,,8380172,0,2,8079,2,0,8000,other,0
003,781,Picture,21;5;1,21;5;1,,,,8390250,0,3,8079,3,0,8000,other,0
003,782,Picture,24;5;1,24;5;1,,,,8400329,0,3,8079,3,0,8000,other,0
003,783,Picture,pause,pause,,,,8410407,0,1,10079,3,0,next,other,0
003,784,Picture,13;7;2,13;7;2,,,,8420486,0,3,8079,3,0,8000,other,0
003,785,Picture,8;7;2,8;7;2,,,,8430564,0,3,8080,3,0,8000,other,0
003,786,Picture,24;7;2,24;7;2,,,,8440643,0,3,8079,3,0,8000,other,0
003,787,Picture,pause,pause,,,,8450721,0,1,10079,1,0,next,other,0
003,788,Picture,question,question,,,,8460800,0,1,30735,2,0,next,other,0
003,788,Response,2,,,,,8491483,30683,3
003,789,Picture,6;3;1,6;3;1,,,,8491535,0,2,8079,2,0,8000,other,0
003,790,Picture,9;3;1,9;3;1,,,,8501614,0,3,8079,3,0,8000,other,0
003,791,Picture,22;3;1,22;3;1,,,,8511692,0,5,8079,5,0,8000,other,0
003,792,Picture,pause,pause,,,,8521771,0,1,10079,3,0,next,other,0
003,793,Picture,1;4;2,1;4;2,,,,8531849,0,3,8079,3,0,8000,other,0
003,794,Picture,23;4;2,23;4;2,,,,8541928,0,3,8079,3,0,8000,other,0
003,795,Picture,16;4;2,16;4;2,,,,8552006,0,4,8079,4,0,8000,other,0
003,796,Picture,pause,pause,,,,8562085,0,1,10079,1,0,next,other,0
003,797,Picture,question,question,,,,8572163,0,1,16326,2,0,next,other,0
003,797,Response,2,,,,,8588443,16279,3
003,798,Picture,14;5;2,14;5;2,,,,8588489,0,2,8079,2,0,8000,other,0
003,799,Picture,18;5;2,18;5;2,,,,8598567,0,3,8079,3,0,8000,other,0
003,800,Picture,20;5;2,20;5;2,,,,8608646,0,4,8079,4,0,8000,other,0
003,801,Picture,pause,pause,,,,8618725,0,1,10079,3,0,next,other,0
003,802,Picture,14;5;1,14;5;1,,,,8628803,0,3,8079,3,0,8000,other,0
003,803,Picture,21;5;1,21;5;1,,,,8638882,0,2,8079,2,0,8000,other,0
003,804,Picture,24;5;1,24;5;1,,,,8648960,0,3,8079,3,0,8000,other,0
003,805,Picture,pause,pause,,,,8659039,0,1,10079,1,0,next,other,0
003,806,Picture,question,question,,,,8669117,0,1,97537,3,0,next,other,0
003,806,Response,1,,,,,8766603,97485,5
003,807,Picture,4;1;2,4;1;2,,,,8766654,0,3,8079,3,0,8000,other,0
003,808,Picture,12;1;2,12;1;2,,,,8776732,0,3,8079,3,0,8000,other,0
003,809,Picture,22;1;2,22;1;2,,,,8786811,0,3,8079,3,0,8000,other,0
003,810,Picture,pause,pause,,,,8796890,0,1,10078,4,0,next,other,0
003,811,Picture,1;4;1,1;4;1,,,,8806968,0,4,8080,4,0,8000,other,0
003,812,Picture,19;4;1,19;4;1,,,,8817047,0,4,8079,4,0,8000,other,0
003,813,Picture,17;4;1,17;4;1,,,,8827125,0,3,8079,3,0,8000,other,0
003,814,Picture,pause,pause,,,,8837204,0,1,10079,1,0,next,other,0
003,815,Picture,question,question,,,,8847282,0,1,9412,5,0,next,other,0
003,815,Response,2,,,,,8856602,9320,3
003,816,Picture,6;3;1,6;3;1,,,,8856694,0,5,8079,5,0,8000,other,0
003,817,Picture,9;3;1,9;3;1,,,,8866773,0,3,8079,3,0,8000,other,0
003,818,Picture,22;3;1,22;3;1,,,,8876851,0,3,8079,3,0,8000,other,0
003,819,Picture,pause,pause,,,,8886930,0,1,10079,3,0,next,other,0
003,820,Picture,4;1;2,4;1;2,,,,8897008,0,3,8079,3,0,8000,other,0
003,821,Picture,12;1;2,12;1;2,,,,8907087,0,3,8079,3,0,8000,other,0
003,822,Picture,22;1;2,22;1;2,,,,8917165,0,3,8079,3,0,8000,other,0
003,823,Picture,pause,pause,,,,8927244,0,1,10079,1,0,next,other,0
003,824,Picture,question,question,,,,8937322,0,1,16409,3,0,next,other,0
003,824,Response,1,,,,,8953643,16320,3
003,825,Picture,3;6;2,3;6;2,,,,8953731,0,3,8079,3,0,8000,other,0
003,826,Picture,15;6;2,15;6;2,,,,8963810,0,2,8080,2,0,8000,other,0
003,827,Picture,5;6;2,5;6;2,,,,8973888,0,3,8079,3,0,8000,other,0
003,828,Picture,pause,pause,,,,8983967,0,1,10079,4,0,next,other,0
003,829,Picture,14;5;1,14;5;1,,,,8994045,0,4,8079,4,0,8000,other,0
003,830,Picture,21;5;1,21;5;1,,,,9004124,0,2,8079,3,0,8000,other,0
003,831,Picture,24;5;1,24;5;1,,,,9014202,0,3,8079,3,0,8000,other,0
003,832,Picture,pause,pause,,,,9024281,0,1,10079,1,0,next,other,0
003,833,Picture,question,question,,,,9034360,0,1,13660,3,0,next,other,0
003,833,Response,2,,,,,9047963,13603,3
003,834,Picture,7;2;2,7;2;2,,,,9048020,0,3,8079,3,0,8000,other,0
003,835,Picture,9;2;2,9;2;2,,,,9058098,0,3,8079,3,0,8000,other,0
003,836,Picture,17;2;2,17;2;2,,,,9068177,0,3,8079,3,0,8000,other,0
003,837,Picture,pause,pause,,,,9078255,0,1,10079,3,0,next,other,0
003,838,Picture,6;3;1,6;3;1,,,,9088334,0,3,8079,3,0,8000,other,0
003,839,Picture,9;3;1,9;3;1,,,,9098412,0,3,8079,3,0,8000,other,0
003,840,Picture,22;3;1,22;3;1,,,,9108491,0,3,8079,3,0,8000,other,0
003,841,Picture,pause,pause,,,,9118569,0,1,10079,1,0,next,other,0
003,842,Picture,question,question,,,,9128648,0,1,12494,2,0,next,other,0
003,842,Response,1,,,,,9141083,12435,3
003,843,Picture,4;1;1,4;1;1,,,,9141142,0,2,8079,2,0,8000,other,0
003,844,Picture,23;1;1,23;1;1,,,,9151220,0,3,8079,3,0,8000,other,0
003,845,Picture,2;1;1,2;1;1,,,,9161299,0,3,8079,3,0,8000,other,0
003,846,Picture,pause,pause,,,,9171377,0,1,10079,3,0,next,other,0
003,847,Picture,1;4;2,1;4;2,,,,9181456,0,3,8079,3,0,8000,other,0
003,848,Picture,23;4;2,23;4;2,,,,9191534,0,3,8079,3,0,8000,other,0
003,849,Picture,16;4;2,16;4;2,,,,9201613,0,3,8079,3,0,8000,other,0
003,850,Picture,pause,pause,,,,9211692,0,1,10079,1,0,next,other,0
003,851,Picture,question,question,,,,9221770,0,1,17658,3,0,next,other,0
003,851,Response,2,,,,,9239323,17553,6
003,852,Picture,3;6;1,3;6;1,,,,9239428,0,3,8079,3,0,8000,other,0
003,853,Picture,18;6;1,18;6;1,,,,9249507,0,3,8079,3,0,8000,other,0
003,854,Picture,11;6;1,11;6;1,,,,9259585,0,4,8079,4,0,8000,other,0
003,855,Picture,pause,pause,,,,9269664,0,1,10079,4,0,next,other,0
003,856,Picture,14;5;2,14;5;2,,,,9279742,0,4,8079,4,0,8000,other,0
003,857,Picture,18;5;2,18;5;2,,,,9289821,0,4,8079,4,0,8000,other,0
003,858,Picture,20;5;2,20;5;2,,,,9299899,0,3,8079,3,0,8000,other,0
003,859,Picture,pause,pause,,,,9309978,0,1,10079,1,0,next,other,0
003,860,Picture,question,question,,,,9320056,0,1,47227,2,0,next,other,0
003,860,Response,1,,,,,9367243,47186,4
003,861,Picture,14;5;2,14;5;2,,,,9367284,0,2,8079,2,0,8000,other,0
003,862,Picture,18;5;2,18;5;2,,,,9377362,0,4,8080,4,0,8000,other,0
003,863,Picture,20;5;2,20;5;2,,,,9387441,0,3,8079,3,0,8000,other,0
003,864,Picture,pause,pause,,,,9397520,0,1,10079,3,0,next,other,0
003,865,Picture,13;7;1,13;7;1,,,,9407598,0,3,8079,3,0,8000,other,0
003,866,Picture,15;7;1,15;7;1,,,,9417677,0,3,8079,3,0,8000,other,0
003,867,Picture,20;7;1,20;7;1,,,,9427755,0,3,8079,3,0,8000,other,0
003,868,Picture,pause,pause,,,,9437834,0,1,10079,1,0,next,other,0
003,869,Picture,question,question,,,,9447912,0,1,55474,1,0,next,other,0
003,869,Response,2,,,,,9503323,55411,4
003,870,Response,3,,,,,9572203,68818,4
